
  .   ____          _            __ _ _
 /\\ / ___'_ __ _ _(_)_ __  __ _ \ \ \ \
( ( )\___ | '_ | '_| | '_ \/ _` | \ \ \ \
 \\/  ___)| |_)| | | | | || (_| |  ) ) ) )
  '  |____| .__|_| |_|_| |_\__, | / / / /
 =========|_|==============|___/=/_/_/_/
 :: Spring Boot ::        (v2.0.4.RELEASE)

2020-01-15 14:52:50.776  INFO 21727 --- [           main] com.zjxu97.costume.CostumeApplication    : Starting CostumeApplication v1.0-SNAPSHOT on iZ2ze71sztp0f34hm28ztwZ with PID 21727 (/root/.m2/repository/com/zjxu97/costume-sales-system/1.0-SNAPSHOT/costume-sales-system-1.0-SNAPSHOT.jar started by root in /root/workspace/costume-sales-system)
2020-01-15 14:52:50.789  INFO 21727 --- [           main] com.zjxu97.costume.CostumeApplication    : No active profile set, falling back to default profiles: default
2020-01-15 14:52:50.972  INFO 21727 --- [           main] ConfigServletWebServerApplicationContext : Refreshing org.springframework.boot.web.servlet.context.AnnotationConfigServletWebServerApplicationContext@31b7dea0: startup date [Wed Jan 15 14:52:50 CST 2020]; root of context hierarchy
2020-01-15 14:52:52.876  WARN 21727 --- [           main] o.m.s.mapper.ClassPathMapperScanner      : No MyBatis mapper was found in '[com.zjxu97.course.mapper]' package. Please check your configuration.
2020-01-15 14:52:54.077  INFO 21727 --- [           main] trationDelegate$BeanPostProcessorChecker : Bean 'org.springframework.transaction.annotation.ProxyTransactionManagementConfiguration' of type [org.springframework.transaction.annotation.ProxyTransactionManagementConfiguration$$EnhancerBySpringCGLIB$$598a3d33] is not eligible for getting processed by all BeanPostProcessors (for example: not eligible for auto-proxying)
2020-01-15 14:52:55.183  INFO 21727 --- [           main] o.s.b.w.embedded.tomcat.TomcatWebServer  : Tomcat initialized with port(s): 8080 (http)
2020-01-15 14:52:55.225  INFO 21727 --- [           main] o.a.coyote.http11.Http11NioProtocol      : Initializing ProtocolHandler ["http-nio-8080"]
2020-01-15 14:52:55.262  INFO 21727 --- [           main] o.apache.catalina.core.StandardService   : Starting service [Tomcat]
2020-01-15 14:52:55.262  INFO 21727 --- [           main] org.apache.catalina.core.StandardEngine  : Starting Servlet Engine: Apache Tomcat/8.5.32
2020-01-15 14:52:55.293  INFO 21727 --- [ost-startStop-1] o.a.catalina.core.AprLifecycleListener   : The APR based Apache Tomcat Native library which allows optimal performance in production environments was not found on the java.library.path: [/usr/java/packages/lib/amd64:/usr/lib/x86_64-linux-gnu/jni:/lib/x86_64-linux-gnu:/usr/lib/x86_64-linux-gnu:/usr/lib/jni:/lib:/usr/lib]
2020-01-15 14:52:55.481  INFO 21727 --- [ost-startStop-1] o.a.c.c.C.[Tomcat].[localhost].[/]       : Initializing Spring embedded WebApplicationContext
2020-01-15 14:52:55.481  INFO 21727 --- [ost-startStop-1] o.s.web.context.ContextLoader            : Root WebApplicationContext: initialization completed in 4511 ms
2020-01-15 14:52:55.642  INFO 21727 --- [ost-startStop-1] o.s.b.w.servlet.ServletRegistrationBean  : Servlet dispatcherServlet mapped to [/]
2020-01-15 14:52:55.652  INFO 21727 --- [ost-startStop-1] o.s.b.w.servlet.FilterRegistrationBean   : Mapping filter: 'characterEncodingFilter' to: [/*]
2020-01-15 14:52:55.655  INFO 21727 --- [ost-startStop-1] o.s.b.w.servlet.FilterRegistrationBean   : Mapping filter: 'hiddenHttpMethodFilter' to: [/*]
2020-01-15 14:52:55.655  INFO 21727 --- [ost-startStop-1] o.s.b.w.servlet.FilterRegistrationBean   : Mapping filter: 'httpPutFormContentFilter' to: [/*]
2020-01-15 14:52:55.655  INFO 21727 --- [ost-startStop-1] o.s.b.w.servlet.FilterRegistrationBean   : Mapping filter: 'requestContextFilter' to: [/*]
Logging initialized using 'class org.apache.ibatis.logging.stdout.StdOutImpl' adapter.
2020-01-15 14:52:56.357  INFO 21727 --- [           main] com.zaxxer.hikari.HikariDataSource       : HikariPool-1 - Starting...
2020-01-15 14:52:56.763  INFO 21727 --- [           main] com.zaxxer.hikari.HikariDataSource       : HikariPool-1 - Start completed.
Parsed mapper file: 'URL [jar:file:/root/.m2/repository/com/zjxu97/costume-sales-system/1.0-SNAPSHOT/costume-sales-system-1.0-SNAPSHOT.jar!/BOOT-INF/classes!/mapper/SaleRecordMapper.xml]'
Parsed mapper file: 'URL [jar:file:/root/.m2/repository/com/zjxu97/costume-sales-system/1.0-SNAPSHOT/costume-sales-system-1.0-SNAPSHOT.jar!/BOOT-INF/classes!/mapper/StoreMapper.xml]'
Parsed mapper file: 'URL [jar:file:/root/.m2/repository/com/zjxu97/costume-sales-system/1.0-SNAPSHOT/costume-sales-system-1.0-SNAPSHOT.jar!/BOOT-INF/classes!/mapper/ItemMapper.xml]'
Parsed mapper file: 'URL [jar:file:/root/.m2/repository/com/zjxu97/costume-sales-system/1.0-SNAPSHOT/costume-sales-system-1.0-SNAPSHOT.jar!/BOOT-INF/classes!/mapper/ProvinceMapper.xml]'
Parsed mapper file: 'URL [jar:file:/root/.m2/repository/com/zjxu97/costume-sales-system/1.0-SNAPSHOT/costume-sales-system-1.0-SNAPSHOT.jar!/BOOT-INF/classes!/mapper/AreaMapper.xml]'
Parsed mapper file: 'URL [jar:file:/root/.m2/repository/com/zjxu97/costume-sales-system/1.0-SNAPSHOT/costume-sales-system-1.0-SNAPSHOT.jar!/BOOT-INF/classes!/mapper/CommodityStockMapper.xml]'
Parsed mapper file: 'URL [jar:file:/root/.m2/repository/com/zjxu97/costume-sales-system/1.0-SNAPSHOT/costume-sales-system-1.0-SNAPSHOT.jar!/BOOT-INF/classes!/mapper/DistrictMapper.xml]'
Parsed mapper file: 'URL [jar:file:/root/.m2/repository/com/zjxu97/costume-sales-system/1.0-SNAPSHOT/costume-sales-system-1.0-SNAPSHOT.jar!/BOOT-INF/classes!/mapper/CostumeTypeMapper.xml]'
Parsed mapper file: 'URL [jar:file:/root/.m2/repository/com/zjxu97/costume-sales-system/1.0-SNAPSHOT/costume-sales-system-1.0-SNAPSHOT.jar!/BOOT-INF/classes!/mapper/CityMapper.xml]'
 _ _   |_  _ _|_. ___ _ |    _ 
| | |\/|_)(_| | |_\  |_)||_|_\ 
     /               |         
                        3.1.2 
2020-01-15 14:52:59.366  INFO 21727 --- [           main] s.w.s.m.m.a.RequestMappingHandlerMapping : Mapped "{[/api/v1/location/list-provs-by-area],methods=[GET]}" onto public com.baomidou.mybatisplus.extension.api.R<java.util.List<com.zjxu97.costume.model.vo.ProvinceVo>> com.zjxu97.costume.controller.LocationController.listProvsByArea(java.lang.Integer)
2020-01-15 14:52:59.368  INFO 21727 --- [           main] s.w.s.m.m.a.RequestMappingHandlerMapping : Mapped "{[/api/v1/location/list-citys-by-prov],methods=[GET]}" onto public com.baomidou.mybatisplus.extension.api.R<java.util.List<com.zjxu97.costume.model.vo.CityVo>> com.zjxu97.costume.controller.LocationController.listCitysByProv(java.lang.Integer)
2020-01-15 14:52:59.369  INFO 21727 --- [           main] s.w.s.m.m.a.RequestMappingHandlerMapping : Mapped "{[/api/v1/location/list-dists-by-city],methods=[GET]}" onto public com.baomidou.mybatisplus.extension.api.R<java.util.List<com.zjxu97.costume.model.vo.DistrictVo>> com.zjxu97.costume.controller.LocationController.listDistsByCity(java.lang.Integer)
2020-01-15 14:52:59.370  INFO 21727 --- [           main] s.w.s.m.m.a.RequestMappingHandlerMapping : Mapped "{[/api/v1/location/get-city-by-dist],methods=[GET]}" onto public com.baomidou.mybatisplus.extension.api.R<com.zjxu97.costume.model.vo.CityVo> com.zjxu97.costume.controller.LocationController.getCityByDist(java.lang.Integer)
2020-01-15 14:52:59.371  INFO 21727 --- [           main] s.w.s.m.m.a.RequestMappingHandlerMapping : Mapped "{[/api/v1/location/get-prov-by-city],methods=[GET]}" onto public com.baomidou.mybatisplus.extension.api.R<com.zjxu97.costume.model.vo.ProvinceVo> com.zjxu97.costume.controller.LocationController.getProvByCity(java.lang.Integer)
2020-01-15 14:52:59.371  INFO 21727 --- [           main] s.w.s.m.m.a.RequestMappingHandlerMapping : Mapped "{[/api/v1/location/get-area-by-prov],methods=[GET]}" onto public com.baomidou.mybatisplus.extension.api.R<com.zjxu97.costume.model.vo.AreaVo> com.zjxu97.costume.controller.LocationController.getAreaByProv(java.lang.Integer)
2020-01-15 14:52:59.372  INFO 21727 --- [           main] s.w.s.m.m.a.RequestMappingHandlerMapping : Mapped "{[/api/v1/location/list-areas],methods=[GET]}" onto public com.baomidou.mybatisplus.extension.api.R<java.util.List<com.zjxu97.costume.model.vo.AreaVo>> com.zjxu97.costume.controller.LocationController.listArea()
2020-01-15 14:52:59.379  INFO 21727 --- [           main] s.w.s.m.m.a.RequestMappingHandlerMapping : Mapped "{[/api/v1/store/del-store],methods=[GET]}" onto public com.baomidou.mybatisplus.extension.api.R<java.lang.String> com.zjxu97.costume.controller.StoreController.delStore(java.lang.Integer)
2020-01-15 14:52:59.380  INFO 21727 --- [           main] s.w.s.m.m.a.RequestMappingHandlerMapping : Mapped "{[/api/v1/store/-store],methods=[POST]}" onto public com.baomidou.mybatisplus.extension.api.R<java.lang.String> com.zjxu97.costume.controller.StoreController.updStore(com.zjxu97.costume.model.param.StoreParam)
2020-01-15 14:52:59.382  INFO 21727 --- [           main] s.w.s.m.m.a.RequestMappingHandlerMapping : Mapped "{[/api/v1/store/search-stores],methods=[GET]}" onto public com.baomidou.mybatisplus.extension.api.R<java.util.List<com.zjxu97.costume.model.vo.StoreVo>> com.zjxu97.costume.controller.StoreController.searchStores(java.lang.String)
2020-01-15 14:52:59.384  INFO 21727 --- [           main] s.w.s.m.m.a.RequestMappingHandlerMapping : Mapped "{[/api/v1/store/list-stores-by-district],methods=[GET]}" onto public com.baomidou.mybatisplus.extension.api.R<java.util.List<com.zjxu97.costume.model.vo.StoreVo>> com.zjxu97.costume.controller.StoreController.listStoresByDist(java.lang.Integer)
2020-01-15 14:52:59.384  INFO 21727 --- [           main] s.w.s.m.m.a.RequestMappingHandlerMapping : Mapped "{[/api/v1/store/list-stores-by-city],methods=[GET]}" onto public com.baomidou.mybatisplus.extension.api.R<java.util.List<com.zjxu97.costume.model.vo.StoreVo>> com.zjxu97.costume.controller.StoreController.listStoresByCity(java.lang.Integer)
2020-01-15 14:52:59.385  INFO 21727 --- [           main] s.w.s.m.m.a.RequestMappingHandlerMapping : Mapped "{[/api/v1/store/list-stores-by-prov],methods=[GET]}" onto public com.baomidou.mybatisplus.extension.api.R<java.util.List<com.zjxu97.costume.model.vo.StoreVo>> com.zjxu97.costume.controller.StoreController.listStoresByProv(java.lang.Integer)
2020-01-15 14:52:59.386  INFO 21727 --- [           main] s.w.s.m.m.a.RequestMappingHandlerMapping : Mapped "{[/api/v1/store/list-stores-by-area],methods=[GET]}" onto public com.baomidou.mybatisplus.extension.api.R<java.util.List<com.zjxu97.costume.model.vo.StoreVo>> com.zjxu97.costume.controller.StoreController.listStoresByArea(java.lang.Integer)
2020-01-15 14:52:59.388  INFO 21727 --- [           main] s.w.s.m.m.a.RequestMappingHandlerMapping : Mapped "{[/api/v1/store/add-store],methods=[POST]}" onto public com.baomidou.mybatisplus.extension.api.R<java.lang.String> com.zjxu97.costume.controller.StoreController.addStore(com.zjxu97.costume.model.param.StoreParam)
2020-01-15 14:52:59.390  INFO 21727 --- [           main] s.w.s.m.m.a.RequestMappingHandlerMapping : Mapped "{[/api/v1/costume-test/city],methods=[GET]}" onto public com.baomidou.mybatisplus.extension.api.R<java.lang.Integer> com.zjxu97.costume.controller.HelloController.listCourse()
2020-01-15 14:52:59.400  INFO 21727 --- [           main] s.w.s.m.m.a.RequestMappingHandlerMapping : Mapped "{[/api/v1/costume/list-costumes],methods=[GET]}" onto public com.baomidou.mybatisplus.extension.api.R<java.util.List<com.zjxu97.costume.model.vo.ItemTypeVo>> com.zjxu97.costume.controller.CostumeController.listCostumes()
2020-01-15 14:52:59.401  INFO 21727 --- [           main] s.w.s.m.m.a.RequestMappingHandlerMapping : Mapped "{[/api/v1/costume/query-items],methods=[GET]}" onto public com.baomidou.mybatisplus.extension.api.R<java.util.List<com.zjxu97.costume.model.vo.ItemVo>> com.zjxu97.costume.controller.CostumeController.queryItems()
2020-01-15 14:52:59.403  INFO 21727 --- [           main] s.w.s.m.m.a.RequestMappingHandlerMapping : Mapped "{[/api/v1/costume/search-items],methods=[GET]}" onto public com.baomidou.mybatisplus.extension.api.R<java.util.List<com.zjxu97.costume.model.vo.ItemVo>> com.zjxu97.costume.controller.CostumeController.searchItems(java.lang.String)
2020-01-15 14:52:59.404  INFO 21727 --- [           main] s.w.s.m.m.a.RequestMappingHandlerMapping : Mapped "{[/api/v1/costume/get-item-com-by-store],methods=[GET]}" onto public com.baomidou.mybatisplus.extension.api.R<com.zjxu97.costume.model.vo.StockVo> com.zjxu97.costume.controller.CostumeController.getItemComByStore(java.lang.Integer,java.lang.Integer)
2020-01-15 14:52:59.418  INFO 21727 --- [           main] s.w.s.m.m.a.RequestMappingHandlerMapping : Mapped "{[/swagger-resources]}" onto public org.springframework.http.ResponseEntity<java.util.List<springfox.documentation.swagger.web.SwaggerResource>> springfox.documentation.swagger.web.ApiResourceController.swaggerResources()
2020-01-15 14:52:59.420  INFO 21727 --- [           main] s.w.s.m.m.a.RequestMappingHandlerMapping : Mapped "{[/swagger-resources/configuration/ui]}" onto public org.springframework.http.ResponseEntity<springfox.documentation.swagger.web.UiConfiguration> springfox.documentation.swagger.web.ApiResourceController.uiConfiguration()
2020-01-15 14:52:59.421  INFO 21727 --- [           main] s.w.s.m.m.a.RequestMappingHandlerMapping : Mapped "{[/swagger-resources/configuration/security]}" onto public org.springframework.http.ResponseEntity<springfox.documentation.swagger.web.SecurityConfiguration> springfox.documentation.swagger.web.ApiResourceController.securityConfiguration()
2020-01-15 14:52:59.431  INFO 21727 --- [           main] s.w.s.m.m.a.RequestMappingHandlerMapping : Mapped "{[/error],produces=[text/html]}" onto public org.springframework.web.servlet.ModelAndView org.springframework.boot.autoconfigure.web.servlet.error.BasicErrorController.errorHtml(javax.servlet.http.HttpServletRequest,javax.servlet.http.HttpServletResponse)
2020-01-15 14:52:59.432  INFO 21727 --- [           main] s.w.s.m.m.a.RequestMappingHandlerMapping : Mapped "{[/error]}" onto public org.springframework.http.ResponseEntity<java.util.Map<java.lang.String, java.lang.Object>> org.springframework.boot.autoconfigure.web.servlet.error.BasicErrorController.error(javax.servlet.http.HttpServletRequest)
2020-01-15 14:52:59.748  INFO 21727 --- [           main] pertySourcedRequestMappingHandlerMapping : Mapped URL path [/v2/api-docs] onto method [public org.springframework.http.ResponseEntity<springfox.documentation.spring.web.json.Json> springfox.documentation.swagger2.web.Swagger2Controller.getDocumentation(java.lang.String,javax.servlet.http.HttpServletRequest)]
2020-01-15 14:52:59.912  INFO 21727 --- [           main] o.s.w.s.handler.SimpleUrlHandlerMapping  : Mapped URL path [/**/favicon.ico] onto handler of type [class org.springframework.web.servlet.resource.ResourceHttpRequestHandler]
2020-01-15 14:53:00.267  INFO 21727 --- [           main] s.w.s.m.m.a.RequestMappingHandlerAdapter : Looking for @ControllerAdvice: org.springframework.boot.web.servlet.context.AnnotationConfigServletWebServerApplicationContext@31b7dea0: startup date [Wed Jan 15 14:52:50 CST 2020]; root of context hierarchy
2020-01-15 14:53:00.430  INFO 21727 --- [           main] o.s.w.s.handler.SimpleUrlHandlerMapping  : Mapped URL path [/webjars/**] onto handler of type [class org.springframework.web.servlet.resource.ResourceHttpRequestHandler]
2020-01-15 14:53:00.430  INFO 21727 --- [           main] o.s.w.s.handler.SimpleUrlHandlerMapping  : Mapped URL path [/**] onto handler of type [class org.springframework.web.servlet.resource.ResourceHttpRequestHandler]
2020-01-15 14:53:01.099  INFO 21727 --- [           main] o.s.j.e.a.AnnotationMBeanExporter        : Registering beans for JMX exposure on startup
2020-01-15 14:53:01.105  INFO 21727 --- [           main] o.s.j.e.a.AnnotationMBeanExporter        : Bean with name 'dataSource' has been autodetected for JMX exposure
2020-01-15 14:53:01.118  INFO 21727 --- [           main] o.s.j.e.a.AnnotationMBeanExporter        : Located MBean 'dataSource': registering with JMX server as MBean [com.zaxxer.hikari:name=dataSource,type=HikariDataSource]
2020-01-15 14:53:01.134  INFO 21727 --- [           main] o.s.c.support.DefaultLifecycleProcessor  : Starting beans in phase 2147483647
2020-01-15 14:53:01.136  INFO 21727 --- [           main] d.s.w.p.DocumentationPluginsBootstrapper : Context refreshed
2020-01-15 14:53:01.184  INFO 21727 --- [           main] d.s.w.p.DocumentationPluginsBootstrapper : Found 1 custom documentation plugin(s)
2020-01-15 14:53:01.258  INFO 21727 --- [           main] s.d.s.w.s.ApiListingReferenceScanner     : Scanning for api listing references
2020-01-15 14:53:02.014  INFO 21727 --- [           main] o.a.coyote.http11.Http11NioProtocol      : Starting ProtocolHandler ["http-nio-8080"]
2020-01-15 14:53:02.030  INFO 21727 --- [           main] o.a.tomcat.util.net.NioSelectorPool      : Using a shared selector for servlet write/read
2020-01-15 14:53:02.132  INFO 21727 --- [           main] o.s.b.w.embedded.tomcat.TomcatWebServer  : Tomcat started on port(s): 8080 (http) with context path ''
2020-01-15 14:53:02.144  INFO 21727 --- [           main] com.zjxu97.costume.CostumeApplication    : Started CostumeApplication in 13.11 seconds (JVM running for 14.16)
2020-01-15 14:53:41.927  INFO 21727 --- [nio-8080-exec-1] o.a.c.c.C.[Tomcat].[localhost].[/]       : Initializing Spring FrameworkServlet 'dispatcherServlet'
2020-01-15 14:53:41.928  INFO 21727 --- [nio-8080-exec-1] o.s.web.servlet.DispatcherServlet        : FrameworkServlet 'dispatcherServlet': initialization started
2020-01-15 14:53:41.975  INFO 21727 --- [nio-8080-exec-1] o.s.web.servlet.DispatcherServlet        : FrameworkServlet 'dispatcherServlet': initialization completed in 47 ms
Creating a new SqlSession
SqlSession [org.apache.ibatis.session.defaults.DefaultSqlSession@563f3ba1] was not registered for synchronization because synchronization is not active
JDBC Connection [HikariProxyConnection@162961806 wrapping com.mysql.jdbc.JDBC4Connection@26fb492a] will not be managed by Spring
==>  Preparing: SELECT id,is_deleted,create_at,update_at,province_name,area_id FROM province WHERE id=? AND is_deleted=0 
==> Parameters: 42(Integer)
<==      Total: 0
Closing non transactional SqlSession [org.apache.ibatis.session.defaults.DefaultSqlSession@563f3ba1]
2020-01-15 14:57:07.650 ERROR 21727 --- [nio-8080-exec-1] o.a.c.c.C.[.[.[/].[dispatcherServlet]    : Servlet.service() for servlet [dispatcherServlet] in context with path [] threw exception [Request processing failed; nested exception is java.lang.NullPointerException] with root cause

java.lang.NullPointerException: null
	at com.zjxu97.costume.controller.LocationController.getAreaByProv(LocationController.java:109)
	at sun.reflect.NativeMethodAccessorImpl.invoke0(Native Method)
	at sun.reflect.NativeMethodAccessorImpl.invoke(NativeMethodAccessorImpl.java:62)
	at sun.reflect.DelegatingMethodAccessorImpl.invoke(DelegatingMethodAccessorImpl.java:43)
	at java.lang.reflect.Method.invoke(Method.java:498)
	at org.springframework.web.method.support.InvocableHandlerMethod.doInvoke(InvocableHandlerMethod.java:209)
	at org.springframework.web.method.support.InvocableHandlerMethod.invokeForRequest(InvocableHandlerMethod.java:136)
	at org.springframework.web.servlet.mvc.method.annotation.ServletInvocableHandlerMethod.invokeAndHandle(ServletInvocableHandlerMethod.java:102)
	at org.springframework.web.servlet.mvc.method.annotation.RequestMappingHandlerAdapter.invokeHandlerMethod(RequestMappingHandlerAdapter.java:877)
	at org.springframework.web.servlet.mvc.method.annotation.RequestMappingHandlerAdapter.handleInternal(RequestMappingHandlerAdapter.java:783)
	at org.springframework.web.servlet.mvc.method.AbstractHandlerMethodAdapter.handle(AbstractHandlerMethodAdapter.java:87)
	at org.springframework.web.servlet.DispatcherServlet.doDispatch(DispatcherServlet.java:991)
	at org.springframework.web.servlet.DispatcherServlet.doService(DispatcherServlet.java:925)
	at org.springframework.web.servlet.FrameworkServlet.processRequest(FrameworkServlet.java:974)
	at org.springframework.web.servlet.FrameworkServlet.doGet(FrameworkServlet.java:866)
	at javax.servlet.http.HttpServlet.service(HttpServlet.java:635)
	at org.springframework.web.servlet.FrameworkServlet.service(FrameworkServlet.java:851)
	at javax.servlet.http.HttpServlet.service(HttpServlet.java:742)
	at org.apache.catalina.core.ApplicationFilterChain.internalDoFilter(ApplicationFilterChain.java:231)
	at org.apache.catalina.core.ApplicationFilterChain.doFilter(ApplicationFilterChain.java:166)
	at org.apache.tomcat.websocket.server.WsFilter.doFilter(WsFilter.java:52)
	at org.apache.catalina.core.ApplicationFilterChain.internalDoFilter(ApplicationFilterChain.java:193)
	at org.apache.catalina.core.ApplicationFilterChain.doFilter(ApplicationFilterChain.java:166)
	at org.springframework.web.filter.RequestContextFilter.doFilterInternal(RequestContextFilter.java:99)
	at org.springframework.web.filter.OncePerRequestFilter.doFilter(OncePerRequestFilter.java:107)
	at org.apache.catalina.core.ApplicationFilterChain.internalDoFilter(ApplicationFilterChain.java:193)
	at org.apache.catalina.core.ApplicationFilterChain.doFilter(ApplicationFilterChain.java:166)
	at org.springframework.web.filter.HttpPutFormContentFilter.doFilterInternal(HttpPutFormContentFilter.java:109)
	at org.springframework.web.filter.OncePerRequestFilter.doFilter(OncePerRequestFilter.java:107)
	at org.apache.catalina.core.ApplicationFilterChain.internalDoFilter(ApplicationFilterChain.java:193)
	at org.apache.catalina.core.ApplicationFilterChain.doFilter(ApplicationFilterChain.java:166)
	at org.springframework.web.filter.HiddenHttpMethodFilter.doFilterInternal(HiddenHttpMethodFilter.java:93)
	at org.springframework.web.filter.OncePerRequestFilter.doFilter(OncePerRequestFilter.java:107)
	at org.apache.catalina.core.ApplicationFilterChain.internalDoFilter(ApplicationFilterChain.java:193)
	at org.apache.catalina.core.ApplicationFilterChain.doFilter(ApplicationFilterChain.java:166)
	at org.springframework.web.filter.CharacterEncodingFilter.doFilterInternal(CharacterEncodingFilter.java:200)
	at org.springframework.web.filter.OncePerRequestFilter.doFilter(OncePerRequestFilter.java:107)
	at org.apache.catalina.core.ApplicationFilterChain.internalDoFilter(ApplicationFilterChain.java:193)
	at org.apache.catalina.core.ApplicationFilterChain.doFilter(ApplicationFilterChain.java:166)
	at org.apache.catalina.core.StandardWrapperValve.invoke(StandardWrapperValve.java:198)
	at org.apache.catalina.core.StandardContextValve.invoke(StandardContextValve.java:96)
	at org.apache.catalina.authenticator.AuthenticatorBase.invoke(AuthenticatorBase.java:493)
	at org.apache.catalina.core.StandardHostValve.invoke(StandardHostValve.java:140)
	at org.apache.catalina.valves.ErrorReportValve.invoke(ErrorReportValve.java:81)
	at org.apache.catalina.core.StandardEngineValve.invoke(StandardEngineValve.java:87)
	at org.apache.catalina.connector.CoyoteAdapter.service(CoyoteAdapter.java:342)
	at org.apache.coyote.http11.Http11Processor.service(Http11Processor.java:800)
	at org.apache.coyote.AbstractProcessorLight.process(AbstractProcessorLight.java:66)
	at org.apache.coyote.AbstractProtocol$ConnectionHandler.process(AbstractProtocol.java:800)
	at org.apache.tomcat.util.net.NioEndpoint$SocketProcessor.doRun(NioEndpoint.java:1471)
	at org.apache.tomcat.util.net.SocketProcessorBase.run(SocketProcessorBase.java:49)
	at java.util.concurrent.ThreadPoolExecutor.runWorker(ThreadPoolExecutor.java:1149)
	at java.util.concurrent.ThreadPoolExecutor$Worker.run(ThreadPoolExecutor.java:624)
	at org.apache.tomcat.util.threads.TaskThread$WrappingRunnable.run(TaskThread.java:61)
	at java.lang.Thread.run(Thread.java:748)

Creating a new SqlSession
SqlSession [org.apache.ibatis.session.defaults.DefaultSqlSession@a02b50e] was not registered for synchronization because synchronization is not active
JDBC Connection [HikariProxyConnection@1623190409 wrapping com.mysql.jdbc.JDBC4Connection@26fb492a] will not be managed by Spring
==>  Preparing: SELECT id,is_deleted,create_at,update_at,province_name,area_id FROM province WHERE id=? AND is_deleted=0 
==> Parameters: 420000(Integer)
<==    Columns: id, is_deleted, create_at, update_at, province_name, area_id
<==        Row: 420000, 0, 2019-12-08 13:04:16.0, 2019-12-08 13:04:16.0, 湖北省, 4
<==      Total: 1
Closing non transactional SqlSession [org.apache.ibatis.session.defaults.DefaultSqlSession@a02b50e]
Creating a new SqlSession
SqlSession [org.apache.ibatis.session.defaults.DefaultSqlSession@1ae2527e] was not registered for synchronization because synchronization is not active
JDBC Connection [HikariProxyConnection@94241032 wrapping com.mysql.jdbc.JDBC4Connection@26fb492a] will not be managed by Spring
==>  Preparing: SELECT id,is_deleted,create_at,update_at,area_name FROM area WHERE id=? AND is_deleted=0 
==> Parameters: 4(Integer)
<==    Columns: id, is_deleted, create_at, update_at, area_name
<==        Row: 4, 0, 2019-12-08 12:54:27.0, 2019-12-08 12:54:27.0, 中南地区
<==      Total: 1
Closing non transactional SqlSession [org.apache.ibatis.session.defaults.DefaultSqlSession@1ae2527e]
