2020-01-14 20:10:08.213 [main] INFO  com.zjxu97.costume.CostumeApplication - Starting CostumeApplication on MBP.local with PID 59662 (/Users/zjxu97/Github/costume-sales-system/target/classes started by zjxu97 in /Users/zjxu97/Github/costume-sales-system)
2020-01-14 20:10:08.217 [main] INFO  com.zjxu97.costume.CostumeApplication - No active profile set, falling back to default profiles: default
2020-01-14 20:10:08.272 [main] INFO  o.s.b.w.s.c.AnnotationConfigServletWebServerApplicationContext - Refreshing org.springframework.boot.web.servlet.context.AnnotationConfigServletWebServerApplicationContext@385c9627: startup date [Tue Jan 14 20:10:08 CST 2020]; root of context hierarchy
2020-01-14 20:10:09.802 [main] INFO  o.s.c.s.PostProcessorRegistrationDelegate$BeanPostProcessorChecker - Bean 'org.springframework.transaction.annotation.ProxyTransactionManagementConfiguration' of type [org.springframework.transaction.annotation.ProxyTransactionManagementConfiguration$$EnhancerBySpringCGLIB$$fb42ab47] is not eligible for getting processed by all BeanPostProcessors (for example: not eligible for auto-proxying)
2020-01-14 20:10:10.229 [main] INFO  o.s.boot.web.embedded.tomcat.TomcatWebServer - Tomcat initialized with port(s): 8080 (http)
2020-01-14 20:10:10.248 [main] INFO  org.apache.coyote.http11.Http11NioProtocol - Initializing ProtocolHandler ["http-nio-8080"]
2020-01-14 20:10:10.259 [main] INFO  org.apache.catalina.core.StandardService - Starting service [Tomcat]
2020-01-14 20:10:10.259 [main] INFO  org.apache.catalina.core.StandardEngine - Starting Servlet Engine: Apache Tomcat/8.5.32
2020-01-14 20:10:10.264 [localhost-startStop-1] INFO  org.apache.catalina.core.AprLifecycleListener - The APR based Apache Tomcat Native library which allows optimal performance in production environments was not found on the java.library.path: [/Users/zjxu97/Library/Java/Extensions:/Library/Java/Extensions:/Network/Library/Java/Extensions:/System/Library/Java/Extensions:/usr/lib/java:.]
2020-01-14 20:10:10.364 [localhost-startStop-1] INFO  o.a.c.core.ContainerBase.[Tomcat].[localhost].[/] - Initializing Spring embedded WebApplicationContext
2020-01-14 20:10:10.364 [localhost-startStop-1] INFO  org.springframework.web.context.ContextLoader - Root WebApplicationContext: initialization completed in 2092 ms
2020-01-14 20:10:10.417 [localhost-startStop-1] INFO  o.s.boot.web.servlet.ServletRegistrationBean - Servlet dispatcherServlet mapped to [/]
2020-01-14 20:10:10.420 [localhost-startStop-1] INFO  o.s.boot.web.servlet.FilterRegistrationBean - Mapping filter: 'characterEncodingFilter' to: [/*]
2020-01-14 20:10:10.421 [localhost-startStop-1] INFO  o.s.boot.web.servlet.FilterRegistrationBean - Mapping filter: 'hiddenHttpMethodFilter' to: [/*]
2020-01-14 20:10:10.421 [localhost-startStop-1] INFO  o.s.boot.web.servlet.FilterRegistrationBean - Mapping filter: 'httpPutFormContentFilter' to: [/*]
2020-01-14 20:10:10.421 [localhost-startStop-1] INFO  o.s.boot.web.servlet.FilterRegistrationBean - Mapping filter: 'requestContextFilter' to: [/*]
2020-01-14 20:10:10.640 [main] INFO  com.zaxxer.hikari.HikariDataSource - HikariPool-1 - Starting...
2020-01-14 20:10:11.075 [main] INFO  com.zaxxer.hikari.HikariDataSource - HikariPool-1 - Start completed.
2020-01-14 20:10:11.839 [main] INFO  o.s.w.s.m.m.a.RequestMappingHandlerMapping - Mapped "{[/api/v1/costume/list-costumes],methods=[GET]}" onto public com.baomidou.mybatisplus.extension.api.R<java.util.List<com.zjxu97.costume.vo.CostumeTypeVo>> com.zjxu97.costume.controller.CostumeController.listCostumes()
2020-01-14 20:10:11.840 [main] INFO  o.s.w.s.m.m.a.RequestMappingHandlerMapping - Mapped "{[/api/v1/costume/query-items],methods=[GET]}" onto public com.baomidou.mybatisplus.extension.api.R<java.util.List<com.zjxu97.costume.vo.ItemVo>> com.zjxu97.costume.controller.CostumeController.queryItems()
2020-01-14 20:10:11.841 [main] INFO  o.s.w.s.m.m.a.RequestMappingHandlerMapping - Mapped "{[/api/v1/costume/search-items],methods=[GET]}" onto public com.baomidou.mybatisplus.extension.api.R<java.util.List<com.zjxu97.costume.vo.ItemVo>> com.zjxu97.costume.controller.CostumeController.searchItems(java.lang.String)
2020-01-14 20:10:11.842 [main] INFO  o.s.w.s.m.m.a.RequestMappingHandlerMapping - Mapped "{[/api/v1/costume/get-item-com-by-store],methods=[GET]}" onto public com.baomidou.mybatisplus.extension.api.R<com.zjxu97.costume.vo.CommodityStockVo> com.zjxu97.costume.controller.CostumeController.getItemComByStore(java.lang.Integer,java.lang.Integer)
2020-01-14 20:10:11.842 [main] INFO  o.s.w.s.m.m.a.RequestMappingHandlerMapping - Mapped "{[/api/v1/costume-test/city],methods=[GET]}" onto public com.baomidou.mybatisplus.extension.api.R<java.lang.Integer> com.zjxu97.costume.controller.HelloController.listCourse()
2020-01-14 20:10:11.844 [main] INFO  o.s.w.s.m.m.a.RequestMappingHandlerMapping - Mapped "{[/api/v1/location/list-areas],methods=[GET]}" onto public com.baomidou.mybatisplus.extension.api.R<java.util.List<com.zjxu97.costume.vo.AreaVo>> com.zjxu97.costume.controller.LocationController.listArea()
2020-01-14 20:10:11.844 [main] INFO  o.s.w.s.m.m.a.RequestMappingHandlerMapping - Mapped "{[/api/v1/location/list-provs-by-area],methods=[GET]}" onto public com.baomidou.mybatisplus.extension.api.R<java.util.List<com.zjxu97.costume.vo.ProvinceVo>> com.zjxu97.costume.controller.LocationController.listProvsByArea(java.lang.Integer)
2020-01-14 20:10:11.844 [main] INFO  o.s.w.s.m.m.a.RequestMappingHandlerMapping - Mapped "{[/api/v1/location/list-citys-by-prov],methods=[GET]}" onto public com.baomidou.mybatisplus.extension.api.R<java.util.List<com.zjxu97.costume.vo.CityVo>> com.zjxu97.costume.controller.LocationController.listCitysByProv(java.lang.Integer)
2020-01-14 20:10:11.845 [main] INFO  o.s.w.s.m.m.a.RequestMappingHandlerMapping - Mapped "{[/api/v1/location/list-dists-by-city],methods=[GET]}" onto public com.baomidou.mybatisplus.extension.api.R<java.util.List<com.zjxu97.costume.vo.DistrictVo>> com.zjxu97.costume.controller.LocationController.listDistsByCity(java.lang.Integer)
2020-01-14 20:10:11.845 [main] INFO  o.s.w.s.m.m.a.RequestMappingHandlerMapping - Mapped "{[/api/v1/location/get-city-by-dist],methods=[GET]}" onto public com.baomidou.mybatisplus.extension.api.R<com.zjxu97.costume.vo.CityVo> com.zjxu97.costume.controller.LocationController.getCityByDist(java.lang.Integer)
2020-01-14 20:10:11.845 [main] INFO  o.s.w.s.m.m.a.RequestMappingHandlerMapping - Mapped "{[/api/v1/location/get-prov-by-city],methods=[GET]}" onto public com.baomidou.mybatisplus.extension.api.R<com.zjxu97.costume.vo.ProvinceVo> com.zjxu97.costume.controller.LocationController.getProvByCity(java.lang.Integer)
2020-01-14 20:10:11.846 [main] INFO  o.s.w.s.m.m.a.RequestMappingHandlerMapping - Mapped "{[/api/v1/location/get-area-by-prov],methods=[GET]}" onto public com.baomidou.mybatisplus.extension.api.R<com.zjxu97.costume.vo.AreaVo> com.zjxu97.costume.controller.LocationController.getAreaByProv(java.lang.Integer)
2020-01-14 20:10:11.850 [main] INFO  o.s.w.s.m.m.a.RequestMappingHandlerMapping - Mapped "{[/api/v1/store/list-stores-by-district],methods=[GET]}" onto public com.baomidou.mybatisplus.extension.api.R<java.util.List<com.zjxu97.costume.vo.StoreVo>> com.zjxu97.costume.controller.StoreController.listStoresByDist(java.lang.Integer)
2020-01-14 20:10:11.850 [main] INFO  o.s.w.s.m.m.a.RequestMappingHandlerMapping - Mapped "{[/api/v1/store/list-stores-by-city],methods=[GET]}" onto public com.baomidou.mybatisplus.extension.api.R<java.util.List<com.zjxu97.costume.vo.StoreVo>> com.zjxu97.costume.controller.StoreController.listStoresByCity(java.lang.Integer)
2020-01-14 20:10:11.850 [main] INFO  o.s.w.s.m.m.a.RequestMappingHandlerMapping - Mapped "{[/api/v1/store/list-stores-by-prov],methods=[GET]}" onto public com.baomidou.mybatisplus.extension.api.R<java.util.List<com.zjxu97.costume.vo.StoreVo>> com.zjxu97.costume.controller.StoreController.listStoresByProv(java.lang.Integer)
2020-01-14 20:10:11.851 [main] INFO  o.s.w.s.m.m.a.RequestMappingHandlerMapping - Mapped "{[/api/v1/store/list-stores-by-area],methods=[GET]}" onto public com.baomidou.mybatisplus.extension.api.R<java.util.List<com.zjxu97.costume.vo.StoreVo>> com.zjxu97.costume.controller.StoreController.listStoresByArea(java.lang.Integer)
2020-01-14 20:10:11.851 [main] INFO  o.s.w.s.m.m.a.RequestMappingHandlerMapping - Mapped "{[/api/v1/store/add-store],methods=[POST]}" onto public com.baomidou.mybatisplus.extension.api.R<java.lang.String> com.zjxu97.costume.controller.StoreController.addStore(com.zjxu97.costume.param.StoreParam)
2020-01-14 20:10:11.851 [main] INFO  o.s.w.s.m.m.a.RequestMappingHandlerMapping - Mapped "{[/api/v1/store/del-store],methods=[GET]}" onto public com.baomidou.mybatisplus.extension.api.R<java.lang.String> com.zjxu97.costume.controller.StoreController.delStore(java.lang.Integer)
2020-01-14 20:10:11.851 [main] INFO  o.s.w.s.m.m.a.RequestMappingHandlerMapping - Mapped "{[/api/v1/store/-store],methods=[POST]}" onto public com.baomidou.mybatisplus.extension.api.R<java.lang.String> com.zjxu97.costume.controller.StoreController.updStore(com.zjxu97.costume.param.StoreParam)
2020-01-14 20:10:11.852 [main] INFO  o.s.w.s.m.m.a.RequestMappingHandlerMapping - Mapped "{[/api/v1/store/search-stores],methods=[GET]}" onto public com.baomidou.mybatisplus.extension.api.R<java.util.List<com.zjxu97.costume.vo.StoreVo>> com.zjxu97.costume.controller.StoreController.searchStores(java.lang.String)
2020-01-14 20:10:11.856 [main] INFO  o.s.w.s.m.m.a.RequestMappingHandlerMapping - Mapped "{[/swagger-resources/configuration/security]}" onto public org.springframework.http.ResponseEntity<springfox.documentation.swagger.web.SecurityConfiguration> springfox.documentation.swagger.web.ApiResourceController.securityConfiguration()
2020-01-14 20:10:11.856 [main] INFO  o.s.w.s.m.m.a.RequestMappingHandlerMapping - Mapped "{[/swagger-resources]}" onto public org.springframework.http.ResponseEntity<java.util.List<springfox.documentation.swagger.web.SwaggerResource>> springfox.documentation.swagger.web.ApiResourceController.swaggerResources()
2020-01-14 20:10:11.857 [main] INFO  o.s.w.s.m.m.a.RequestMappingHandlerMapping - Mapped "{[/swagger-resources/configuration/ui]}" onto public org.springframework.http.ResponseEntity<springfox.documentation.swagger.web.UiConfiguration> springfox.documentation.swagger.web.ApiResourceController.uiConfiguration()
2020-01-14 20:10:11.860 [main] INFO  o.s.w.s.m.m.a.RequestMappingHandlerMapping - Mapped "{[/error]}" onto public org.springframework.http.ResponseEntity<java.util.Map<java.lang.String, java.lang.Object>> org.springframework.boot.autoconfigure.web.servlet.error.BasicErrorController.error(javax.servlet.http.HttpServletRequest)
2020-01-14 20:10:11.860 [main] INFO  o.s.w.s.m.m.a.RequestMappingHandlerMapping - Mapped "{[/error],produces=[text/html]}" onto public org.springframework.web.servlet.ModelAndView org.springframework.boot.autoconfigure.web.servlet.error.BasicErrorController.errorHtml(javax.servlet.http.HttpServletRequest,javax.servlet.http.HttpServletResponse)
2020-01-14 20:10:11.944 [main] INFO  s.d.s.w.PropertySourcedRequestMappingHandlerMapping - Mapped URL path [/v2/api-docs] onto method [public org.springframework.http.ResponseEntity<springfox.documentation.spring.web.json.Json> springfox.documentation.swagger2.web.Swagger2Controller.getDocumentation(java.lang.String,javax.servlet.http.HttpServletRequest)]
2020-01-14 20:10:11.986 [main] INFO  o.s.web.servlet.handler.SimpleUrlHandlerMapping - Mapped URL path [/**/favicon.ico] onto handler of type [class org.springframework.web.servlet.resource.ResourceHttpRequestHandler]
2020-01-14 20:10:12.099 [main] INFO  o.s.w.s.m.m.a.RequestMappingHandlerAdapter - Looking for @ControllerAdvice: org.springframework.boot.web.servlet.context.AnnotationConfigServletWebServerApplicationContext@385c9627: startup date [Tue Jan 14 20:10:08 CST 2020]; root of context hierarchy
2020-01-14 20:10:12.143 [main] INFO  o.s.web.servlet.handler.SimpleUrlHandlerMapping - Mapped URL path [/webjars/**] onto handler of type [class org.springframework.web.servlet.resource.ResourceHttpRequestHandler]
2020-01-14 20:10:12.143 [main] INFO  o.s.web.servlet.handler.SimpleUrlHandlerMapping - Mapped URL path [/**] onto handler of type [class org.springframework.web.servlet.resource.ResourceHttpRequestHandler]
2020-01-14 20:10:12.401 [main] INFO  o.s.jmx.export.annotation.AnnotationMBeanExporter - Registering beans for JMX exposure on startup
2020-01-14 20:10:12.402 [main] INFO  o.s.jmx.export.annotation.AnnotationMBeanExporter - Bean with name 'dataSource' has been autodetected for JMX exposure
2020-01-14 20:10:12.407 [main] INFO  o.s.jmx.export.annotation.AnnotationMBeanExporter - Located MBean 'dataSource': registering with JMX server as MBean [com.zaxxer.hikari:name=dataSource,type=HikariDataSource]
2020-01-14 20:10:12.411 [main] INFO  o.s.context.support.DefaultLifecycleProcessor - Starting beans in phase 2147483647
2020-01-14 20:10:12.411 [main] INFO  s.d.s.web.plugins.DocumentationPluginsBootstrapper - Context refreshed
2020-01-14 20:10:12.429 [main] INFO  s.d.s.web.plugins.DocumentationPluginsBootstrapper - Found 1 custom documentation plugin(s)
2020-01-14 20:10:12.455 [main] INFO  s.d.spring.web.scanners.ApiListingReferenceScanner - Scanning for api listing references
2020-01-14 20:10:12.648 [main] INFO  org.apache.coyote.http11.Http11NioProtocol - Starting ProtocolHandler ["http-nio-8080"]
2020-01-14 20:10:12.667 [main] INFO  org.apache.tomcat.util.net.NioSelectorPool - Using a shared selector for servlet write/read
2020-01-14 20:10:12.678 [main] INFO  o.s.boot.web.embedded.tomcat.TomcatWebServer - Tomcat started on port(s): 8080 (http) with context path ''
2020-01-14 20:10:12.683 [main] INFO  com.zjxu97.costume.CostumeApplication - Started CostumeApplication in 4.874 seconds (JVM running for 5.629)
2020-01-14 20:10:36.035 [http-nio-8080-exec-1] INFO  o.a.c.core.ContainerBase.[Tomcat].[localhost].[/] - Initializing Spring FrameworkServlet 'dispatcherServlet'
2020-01-14 20:10:36.035 [http-nio-8080-exec-1] INFO  org.springframework.web.servlet.DispatcherServlet - FrameworkServlet 'dispatcherServlet': initialization started
2020-01-14 20:10:36.051 [http-nio-8080-exec-1] INFO  org.springframework.web.servlet.DispatcherServlet - FrameworkServlet 'dispatcherServlet': initialization completed in 16 ms
2020-01-14 20:12:13.315 [http-nio-8080-exec-10] INFO  com.zjxu97.costume.controller.HelloController - 331
2020-01-14 20:13:06.374 [Thread-12] INFO  o.s.b.w.s.c.AnnotationConfigServletWebServerApplicationContext - Closing org.springframework.boot.web.servlet.context.AnnotationConfigServletWebServerApplicationContext@385c9627: startup date [Tue Jan 14 20:10:08 CST 2020]; root of context hierarchy
2020-01-14 20:13:06.377 [Thread-12] INFO  o.s.context.support.DefaultLifecycleProcessor - Stopping beans in phase 2147483647
2020-01-14 20:13:06.378 [Thread-12] INFO  o.s.jmx.export.annotation.AnnotationMBeanExporter - Unregistering JMX-exposed beans on shutdown
2020-01-14 20:13:06.379 [Thread-12] INFO  o.s.jmx.export.annotation.AnnotationMBeanExporter - Unregistering JMX-exposed beans
2020-01-14 20:13:06.382 [Thread-12] INFO  com.zaxxer.hikari.HikariDataSource - HikariPool-1 - Shutdown initiated...
2020-01-14 20:13:06.386 [Thread-12] INFO  com.zaxxer.hikari.HikariDataSource - HikariPool-1 - Shutdown completed.
2020-01-14 20:13:29.477 [main] INFO  com.zjxu97.costume.CostumeApplication - Starting CostumeApplication on MBP.local with PID 59781 (/Users/zjxu97/Github/costume-sales-system/target/classes started by zjxu97 in /Users/zjxu97/Github/costume-sales-system)
2020-01-14 20:13:29.479 [main] INFO  com.zjxu97.costume.CostumeApplication - No active profile set, falling back to default profiles: default
2020-01-14 20:13:29.516 [main] INFO  o.s.b.w.s.c.AnnotationConfigServletWebServerApplicationContext - Refreshing org.springframework.boot.web.servlet.context.AnnotationConfigServletWebServerApplicationContext@7dcf94f8: startup date [Tue Jan 14 20:13:29 CST 2020]; root of context hierarchy
2020-01-14 20:13:30.525 [main] INFO  o.s.c.s.PostProcessorRegistrationDelegate$BeanPostProcessorChecker - Bean 'org.springframework.transaction.annotation.ProxyTransactionManagementConfiguration' of type [org.springframework.transaction.annotation.ProxyTransactionManagementConfiguration$$EnhancerBySpringCGLIB$$45513b9] is not eligible for getting processed by all BeanPostProcessors (for example: not eligible for auto-proxying)
2020-01-14 20:13:30.828 [main] INFO  o.s.boot.web.embedded.tomcat.TomcatWebServer - Tomcat initialized with port(s): 8080 (http)
2020-01-14 20:13:30.838 [main] INFO  org.apache.coyote.http11.Http11NioProtocol - Initializing ProtocolHandler ["http-nio-8080"]
2020-01-14 20:13:30.846 [main] INFO  org.apache.catalina.core.StandardService - Starting service [Tomcat]
2020-01-14 20:13:30.846 [main] INFO  org.apache.catalina.core.StandardEngine - Starting Servlet Engine: Apache Tomcat/8.5.32
2020-01-14 20:13:30.850 [localhost-startStop-1] INFO  org.apache.catalina.core.AprLifecycleListener - The APR based Apache Tomcat Native library which allows optimal performance in production environments was not found on the java.library.path: [/Users/zjxu97/Library/Java/Extensions:/Library/Java/Extensions:/Network/Library/Java/Extensions:/System/Library/Java/Extensions:/usr/lib/java:.]
2020-01-14 20:13:30.912 [localhost-startStop-1] INFO  o.a.c.core.ContainerBase.[Tomcat].[localhost].[/] - Initializing Spring embedded WebApplicationContext
2020-01-14 20:13:30.912 [localhost-startStop-1] INFO  org.springframework.web.context.ContextLoader - Root WebApplicationContext: initialization completed in 1396 ms
2020-01-14 20:13:30.958 [localhost-startStop-1] INFO  o.s.boot.web.servlet.ServletRegistrationBean - Servlet dispatcherServlet mapped to [/]
2020-01-14 20:13:30.961 [localhost-startStop-1] INFO  o.s.boot.web.servlet.FilterRegistrationBean - Mapping filter: 'characterEncodingFilter' to: [/*]
2020-01-14 20:13:30.961 [localhost-startStop-1] INFO  o.s.boot.web.servlet.FilterRegistrationBean - Mapping filter: 'hiddenHttpMethodFilter' to: [/*]
2020-01-14 20:13:30.961 [localhost-startStop-1] INFO  o.s.boot.web.servlet.FilterRegistrationBean - Mapping filter: 'httpPutFormContentFilter' to: [/*]
2020-01-14 20:13:30.961 [localhost-startStop-1] INFO  o.s.boot.web.servlet.FilterRegistrationBean - Mapping filter: 'requestContextFilter' to: [/*]
2020-01-14 20:13:31.117 [main] INFO  com.zaxxer.hikari.HikariDataSource - HikariPool-1 - Starting...
2020-01-14 20:13:31.365 [main] INFO  com.zaxxer.hikari.HikariDataSource - HikariPool-1 - Start completed.
2020-01-14 20:13:32.236 [main] INFO  o.s.w.s.m.m.a.RequestMappingHandlerMapping - Mapped "{[/api/v1/costume/list-costumes],methods=[GET]}" onto public com.baomidou.mybatisplus.extension.api.R<java.util.List<com.zjxu97.costume.vo.CostumeTypeVo>> com.zjxu97.costume.controller.CostumeController.listCostumes()
2020-01-14 20:13:32.237 [main] INFO  o.s.w.s.m.m.a.RequestMappingHandlerMapping - Mapped "{[/api/v1/costume/query-items],methods=[GET]}" onto public com.baomidou.mybatisplus.extension.api.R<java.util.List<com.zjxu97.costume.vo.ItemVo>> com.zjxu97.costume.controller.CostumeController.queryItems()
2020-01-14 20:13:32.240 [main] INFO  o.s.w.s.m.m.a.RequestMappingHandlerMapping - Mapped "{[/api/v1/costume/search-items],methods=[GET]}" onto public com.baomidou.mybatisplus.extension.api.R<java.util.List<com.zjxu97.costume.vo.ItemVo>> com.zjxu97.costume.controller.CostumeController.searchItems(java.lang.String)
2020-01-14 20:13:32.240 [main] INFO  o.s.w.s.m.m.a.RequestMappingHandlerMapping - Mapped "{[/api/v1/costume/get-item-com-by-store],methods=[GET]}" onto public com.baomidou.mybatisplus.extension.api.R<com.zjxu97.costume.vo.CommodityStockVo> com.zjxu97.costume.controller.CostumeController.getItemComByStore(java.lang.Integer,java.lang.Integer)
2020-01-14 20:13:32.242 [main] INFO  o.s.w.s.m.m.a.RequestMappingHandlerMapping - Mapped "{[/api/v1/costume-test/city],methods=[GET]}" onto public com.baomidou.mybatisplus.extension.api.R<java.lang.Integer> com.zjxu97.costume.controller.HelloController.listCourse()
2020-01-14 20:13:32.244 [main] INFO  o.s.w.s.m.m.a.RequestMappingHandlerMapping - Mapped "{[/api/v1/location/list-areas],methods=[GET]}" onto public com.baomidou.mybatisplus.extension.api.R<java.util.List<com.zjxu97.costume.vo.AreaVo>> com.zjxu97.costume.controller.LocationController.listArea()
2020-01-14 20:13:32.245 [main] INFO  o.s.w.s.m.m.a.RequestMappingHandlerMapping - Mapped "{[/api/v1/location/list-provs-by-area],methods=[GET]}" onto public com.baomidou.mybatisplus.extension.api.R<java.util.List<com.zjxu97.costume.vo.ProvinceVo>> com.zjxu97.costume.controller.LocationController.listProvsByArea(java.lang.Integer)
2020-01-14 20:13:32.245 [main] INFO  o.s.w.s.m.m.a.RequestMappingHandlerMapping - Mapped "{[/api/v1/location/list-citys-by-prov],methods=[GET]}" onto public com.baomidou.mybatisplus.extension.api.R<java.util.List<com.zjxu97.costume.vo.CityVo>> com.zjxu97.costume.controller.LocationController.listCitysByProv(java.lang.Integer)
2020-01-14 20:13:32.246 [main] INFO  o.s.w.s.m.m.a.RequestMappingHandlerMapping - Mapped "{[/api/v1/location/list-dists-by-city],methods=[GET]}" onto public com.baomidou.mybatisplus.extension.api.R<java.util.List<com.zjxu97.costume.vo.DistrictVo>> com.zjxu97.costume.controller.LocationController.listDistsByCity(java.lang.Integer)
2020-01-14 20:13:32.246 [main] INFO  o.s.w.s.m.m.a.RequestMappingHandlerMapping - Mapped "{[/api/v1/location/get-city-by-dist],methods=[GET]}" onto public com.baomidou.mybatisplus.extension.api.R<com.zjxu97.costume.vo.CityVo> com.zjxu97.costume.controller.LocationController.getCityByDist(java.lang.Integer)
2020-01-14 20:13:32.247 [main] INFO  o.s.w.s.m.m.a.RequestMappingHandlerMapping - Mapped "{[/api/v1/location/get-prov-by-city],methods=[GET]}" onto public com.baomidou.mybatisplus.extension.api.R<com.zjxu97.costume.vo.ProvinceVo> com.zjxu97.costume.controller.LocationController.getProvByCity(java.lang.Integer)
2020-01-14 20:13:32.247 [main] INFO  o.s.w.s.m.m.a.RequestMappingHandlerMapping - Mapped "{[/api/v1/location/get-area-by-prov],methods=[GET]}" onto public com.baomidou.mybatisplus.extension.api.R<com.zjxu97.costume.vo.AreaVo> com.zjxu97.costume.controller.LocationController.getAreaByProv(java.lang.Integer)
2020-01-14 20:13:32.254 [main] INFO  o.s.w.s.m.m.a.RequestMappingHandlerMapping - Mapped "{[/api/v1/store/list-stores-by-district],methods=[GET]}" onto public com.baomidou.mybatisplus.extension.api.R<java.util.List<com.zjxu97.costume.vo.StoreVo>> com.zjxu97.costume.controller.StoreController.listStoresByDist(java.lang.Integer)
2020-01-14 20:13:32.255 [main] INFO  o.s.w.s.m.m.a.RequestMappingHandlerMapping - Mapped "{[/api/v1/store/list-stores-by-city],methods=[GET]}" onto public com.baomidou.mybatisplus.extension.api.R<java.util.List<com.zjxu97.costume.vo.StoreVo>> com.zjxu97.costume.controller.StoreController.listStoresByCity(java.lang.Integer)
2020-01-14 20:13:32.256 [main] INFO  o.s.w.s.m.m.a.RequestMappingHandlerMapping - Mapped "{[/api/v1/store/list-stores-by-prov],methods=[GET]}" onto public com.baomidou.mybatisplus.extension.api.R<java.util.List<com.zjxu97.costume.vo.StoreVo>> com.zjxu97.costume.controller.StoreController.listStoresByProv(java.lang.Integer)
2020-01-14 20:13:32.257 [main] INFO  o.s.w.s.m.m.a.RequestMappingHandlerMapping - Mapped "{[/api/v1/store/list-stores-by-area],methods=[GET]}" onto public com.baomidou.mybatisplus.extension.api.R<java.util.List<com.zjxu97.costume.vo.StoreVo>> com.zjxu97.costume.controller.StoreController.listStoresByArea(java.lang.Integer)
2020-01-14 20:13:32.258 [main] INFO  o.s.w.s.m.m.a.RequestMappingHandlerMapping - Mapped "{[/api/v1/store/add-store],methods=[POST]}" onto public com.baomidou.mybatisplus.extension.api.R<java.lang.String> com.zjxu97.costume.controller.StoreController.addStore(com.zjxu97.costume.param.StoreParam)
2020-01-14 20:13:32.258 [main] INFO  o.s.w.s.m.m.a.RequestMappingHandlerMapping - Mapped "{[/api/v1/store/del-store],methods=[GET]}" onto public com.baomidou.mybatisplus.extension.api.R<java.lang.String> com.zjxu97.costume.controller.StoreController.delStore(java.lang.Integer)
2020-01-14 20:13:32.258 [main] INFO  o.s.w.s.m.m.a.RequestMappingHandlerMapping - Mapped "{[/api/v1/store/-store],methods=[POST]}" onto public com.baomidou.mybatisplus.extension.api.R<java.lang.String> com.zjxu97.costume.controller.StoreController.updStore(com.zjxu97.costume.param.StoreParam)
2020-01-14 20:13:32.259 [main] INFO  o.s.w.s.m.m.a.RequestMappingHandlerMapping - Mapped "{[/api/v1/store/search-stores],methods=[GET]}" onto public com.baomidou.mybatisplus.extension.api.R<java.util.List<com.zjxu97.costume.vo.StoreVo>> com.zjxu97.costume.controller.StoreController.searchStores(java.lang.String)
2020-01-14 20:13:32.265 [main] INFO  o.s.w.s.m.m.a.RequestMappingHandlerMapping - Mapped "{[/swagger-resources/configuration/security]}" onto public org.springframework.http.ResponseEntity<springfox.documentation.swagger.web.SecurityConfiguration> springfox.documentation.swagger.web.ApiResourceController.securityConfiguration()
2020-01-14 20:13:32.266 [main] INFO  o.s.w.s.m.m.a.RequestMappingHandlerMapping - Mapped "{[/swagger-resources/configuration/ui]}" onto public org.springframework.http.ResponseEntity<springfox.documentation.swagger.web.UiConfiguration> springfox.documentation.swagger.web.ApiResourceController.uiConfiguration()
2020-01-14 20:13:32.267 [main] INFO  o.s.w.s.m.m.a.RequestMappingHandlerMapping - Mapped "{[/swagger-resources]}" onto public org.springframework.http.ResponseEntity<java.util.List<springfox.documentation.swagger.web.SwaggerResource>> springfox.documentation.swagger.web.ApiResourceController.swaggerResources()
2020-01-14 20:13:32.271 [main] INFO  o.s.w.s.m.m.a.RequestMappingHandlerMapping - Mapped "{[/error]}" onto public org.springframework.http.ResponseEntity<java.util.Map<java.lang.String, java.lang.Object>> org.springframework.boot.autoconfigure.web.servlet.error.BasicErrorController.error(javax.servlet.http.HttpServletRequest)
2020-01-14 20:13:32.271 [main] INFO  o.s.w.s.m.m.a.RequestMappingHandlerMapping - Mapped "{[/error],produces=[text/html]}" onto public org.springframework.web.servlet.ModelAndView org.springframework.boot.autoconfigure.web.servlet.error.BasicErrorController.errorHtml(javax.servlet.http.HttpServletRequest,javax.servlet.http.HttpServletResponse)
2020-01-14 20:13:32.404 [main] INFO  s.d.s.w.PropertySourcedRequestMappingHandlerMapping - Mapped URL path [/v2/api-docs] onto method [public org.springframework.http.ResponseEntity<springfox.documentation.spring.web.json.Json> springfox.documentation.swagger2.web.Swagger2Controller.getDocumentation(java.lang.String,javax.servlet.http.HttpServletRequest)]
2020-01-14 20:13:32.471 [main] INFO  o.s.web.servlet.handler.SimpleUrlHandlerMapping - Mapped URL path [/**/favicon.ico] onto handler of type [class org.springframework.web.servlet.resource.ResourceHttpRequestHandler]
2020-01-14 20:13:32.634 [main] INFO  o.s.w.s.m.m.a.RequestMappingHandlerAdapter - Looking for @ControllerAdvice: org.springframework.boot.web.servlet.context.AnnotationConfigServletWebServerApplicationContext@7dcf94f8: startup date [Tue Jan 14 20:13:29 CST 2020]; root of context hierarchy
2020-01-14 20:13:32.689 [main] INFO  o.s.web.servlet.handler.SimpleUrlHandlerMapping - Mapped URL path [/webjars/**] onto handler of type [class org.springframework.web.servlet.resource.ResourceHttpRequestHandler]
2020-01-14 20:13:32.689 [main] INFO  o.s.web.servlet.handler.SimpleUrlHandlerMapping - Mapped URL path [/**] onto handler of type [class org.springframework.web.servlet.resource.ResourceHttpRequestHandler]
2020-01-14 20:13:32.957 [main] INFO  o.s.jmx.export.annotation.AnnotationMBeanExporter - Registering beans for JMX exposure on startup
2020-01-14 20:13:32.959 [main] INFO  o.s.jmx.export.annotation.AnnotationMBeanExporter - Bean with name 'dataSource' has been autodetected for JMX exposure
2020-01-14 20:13:32.965 [main] INFO  o.s.jmx.export.annotation.AnnotationMBeanExporter - Located MBean 'dataSource': registering with JMX server as MBean [com.zaxxer.hikari:name=dataSource,type=HikariDataSource]
2020-01-14 20:13:32.968 [main] INFO  o.s.context.support.DefaultLifecycleProcessor - Starting beans in phase 2147483647
2020-01-14 20:13:32.969 [main] INFO  s.d.s.web.plugins.DocumentationPluginsBootstrapper - Context refreshed
2020-01-14 20:13:32.980 [main] INFO  s.d.s.web.plugins.DocumentationPluginsBootstrapper - Found 1 custom documentation plugin(s)
2020-01-14 20:13:33.001 [main] INFO  s.d.spring.web.scanners.ApiListingReferenceScanner - Scanning for api listing references
2020-01-14 20:13:33.221 [main] INFO  org.apache.coyote.http11.Http11NioProtocol - Starting ProtocolHandler ["http-nio-8080"]
2020-01-14 20:13:33.243 [main] INFO  org.apache.tomcat.util.net.NioSelectorPool - Using a shared selector for servlet write/read
2020-01-14 20:13:33.253 [main] INFO  o.s.boot.web.embedded.tomcat.TomcatWebServer - Tomcat started on port(s): 8080 (http) with context path ''
2020-01-14 20:13:33.258 [main] INFO  com.zjxu97.costume.CostumeApplication - Started CostumeApplication in 4.137 seconds (JVM running for 4.646)
2020-01-14 20:13:51.752 [Thread-11] INFO  o.s.b.w.s.c.AnnotationConfigServletWebServerApplicationContext - Closing org.springframework.boot.web.servlet.context.AnnotationConfigServletWebServerApplicationContext@7dcf94f8: startup date [Tue Jan 14 20:13:29 CST 2020]; root of context hierarchy
2020-01-14 20:13:51.754 [Thread-11] INFO  o.s.context.support.DefaultLifecycleProcessor - Stopping beans in phase 2147483647
2020-01-14 20:13:51.756 [Thread-11] INFO  o.s.jmx.export.annotation.AnnotationMBeanExporter - Unregistering JMX-exposed beans on shutdown
2020-01-14 20:13:51.756 [Thread-11] INFO  o.s.jmx.export.annotation.AnnotationMBeanExporter - Unregistering JMX-exposed beans
2020-01-14 20:13:51.759 [Thread-11] INFO  com.zaxxer.hikari.HikariDataSource - HikariPool-1 - Shutdown initiated...
2020-01-14 20:13:51.762 [Thread-11] INFO  com.zaxxer.hikari.HikariDataSource - HikariPool-1 - Shutdown completed.
2020-01-14 20:14:34.700 [main] INFO  com.zjxu97.costume.CostumeApplication - Starting CostumeApplication on MBP.local with PID 59837 (/Users/zjxu97/Github/costume-sales-system/target/classes started by zjxu97 in /Users/zjxu97/Github/costume-sales-system)
2020-01-14 20:14:34.702 [main] INFO  com.zjxu97.costume.CostumeApplication - No active profile set, falling back to default profiles: default
2020-01-14 20:14:34.736 [main] INFO  o.s.b.w.s.c.AnnotationConfigServletWebServerApplicationContext - Refreshing org.springframework.boot.web.servlet.context.AnnotationConfigServletWebServerApplicationContext@385c9627: startup date [Tue Jan 14 20:14:34 CST 2020]; root of context hierarchy
2020-01-14 20:14:35.928 [main] INFO  o.s.c.s.PostProcessorRegistrationDelegate$BeanPostProcessorChecker - Bean 'org.springframework.transaction.annotation.ProxyTransactionManagementConfiguration' of type [org.springframework.transaction.annotation.ProxyTransactionManagementConfiguration$$EnhancerBySpringCGLIB$$796a2d5f] is not eligible for getting processed by all BeanPostProcessors (for example: not eligible for auto-proxying)
2020-01-14 20:14:36.374 [main] INFO  o.s.boot.web.embedded.tomcat.TomcatWebServer - Tomcat initialized with port(s): 8080 (http)
2020-01-14 20:14:36.383 [main] INFO  org.apache.coyote.http11.Http11NioProtocol - Initializing ProtocolHandler ["http-nio-8080"]
2020-01-14 20:14:36.391 [main] INFO  org.apache.catalina.core.StandardService - Starting service [Tomcat]
2020-01-14 20:14:36.391 [main] INFO  org.apache.catalina.core.StandardEngine - Starting Servlet Engine: Apache Tomcat/8.5.32
2020-01-14 20:14:36.394 [localhost-startStop-1] INFO  org.apache.catalina.core.AprLifecycleListener - The APR based Apache Tomcat Native library which allows optimal performance in production environments was not found on the java.library.path: [/Users/zjxu97/Library/Java/Extensions:/Library/Java/Extensions:/Network/Library/Java/Extensions:/System/Library/Java/Extensions:/usr/lib/java:.]
2020-01-14 20:14:36.461 [localhost-startStop-1] INFO  o.a.c.core.ContainerBase.[Tomcat].[localhost].[/] - Initializing Spring embedded WebApplicationContext
2020-01-14 20:14:36.461 [localhost-startStop-1] INFO  org.springframework.web.context.ContextLoader - Root WebApplicationContext: initialization completed in 1725 ms
2020-01-14 20:14:36.509 [localhost-startStop-1] INFO  o.s.boot.web.servlet.ServletRegistrationBean - Servlet dispatcherServlet mapped to [/]
2020-01-14 20:14:36.512 [localhost-startStop-1] INFO  o.s.boot.web.servlet.FilterRegistrationBean - Mapping filter: 'characterEncodingFilter' to: [/*]
2020-01-14 20:14:36.512 [localhost-startStop-1] INFO  o.s.boot.web.servlet.FilterRegistrationBean - Mapping filter: 'hiddenHttpMethodFilter' to: [/*]
2020-01-14 20:14:36.512 [localhost-startStop-1] INFO  o.s.boot.web.servlet.FilterRegistrationBean - Mapping filter: 'httpPutFormContentFilter' to: [/*]
2020-01-14 20:14:36.512 [localhost-startStop-1] INFO  o.s.boot.web.servlet.FilterRegistrationBean - Mapping filter: 'requestContextFilter' to: [/*]
2020-01-14 20:14:36.846 [main] INFO  com.zaxxer.hikari.HikariDataSource - HikariPool-1 - Starting...
2020-01-14 20:14:37.082 [main] INFO  com.zaxxer.hikari.HikariDataSource - HikariPool-1 - Start completed.
2020-01-14 20:14:37.911 [main] INFO  o.s.w.s.m.m.a.RequestMappingHandlerMapping - Mapped "{[/api/v1/costume/list-costumes],methods=[GET]}" onto public com.baomidou.mybatisplus.extension.api.R<java.util.List<com.zjxu97.costume.vo.CostumeTypeVo>> com.zjxu97.costume.controller.CostumeController.listCostumes()
2020-01-14 20:14:37.912 [main] INFO  o.s.w.s.m.m.a.RequestMappingHandlerMapping - Mapped "{[/api/v1/costume/query-items],methods=[GET]}" onto public com.baomidou.mybatisplus.extension.api.R<java.util.List<com.zjxu97.costume.vo.ItemVo>> com.zjxu97.costume.controller.CostumeController.queryItems()
2020-01-14 20:14:37.914 [main] INFO  o.s.w.s.m.m.a.RequestMappingHandlerMapping - Mapped "{[/api/v1/costume/search-items],methods=[GET]}" onto public com.baomidou.mybatisplus.extension.api.R<java.util.List<com.zjxu97.costume.vo.ItemVo>> com.zjxu97.costume.controller.CostumeController.searchItems(java.lang.String)
2020-01-14 20:14:37.915 [main] INFO  o.s.w.s.m.m.a.RequestMappingHandlerMapping - Mapped "{[/api/v1/costume/get-item-com-by-store],methods=[GET]}" onto public com.baomidou.mybatisplus.extension.api.R<com.zjxu97.costume.vo.CommodityStockVo> com.zjxu97.costume.controller.CostumeController.getItemComByStore(java.lang.Integer,java.lang.Integer)
2020-01-14 20:14:37.916 [main] INFO  o.s.w.s.m.m.a.RequestMappingHandlerMapping - Mapped "{[/api/v1/costume-test/city],methods=[GET]}" onto public com.baomidou.mybatisplus.extension.api.R<java.lang.Integer> com.zjxu97.costume.controller.HelloController.listCourse()
2020-01-14 20:14:37.918 [main] INFO  o.s.w.s.m.m.a.RequestMappingHandlerMapping - Mapped "{[/api/v1/location/list-dists-by-city],methods=[GET]}" onto public com.baomidou.mybatisplus.extension.api.R<java.util.List<com.zjxu97.costume.vo.DistrictVo>> com.zjxu97.costume.controller.LocationController.listDistsByCity(java.lang.Integer)
2020-01-14 20:14:37.919 [main] INFO  o.s.w.s.m.m.a.RequestMappingHandlerMapping - Mapped "{[/api/v1/location/get-city-by-dist],methods=[GET]}" onto public com.baomidou.mybatisplus.extension.api.R<com.zjxu97.costume.vo.CityVo> com.zjxu97.costume.controller.LocationController.getCityByDist(java.lang.Integer)
2020-01-14 20:14:37.920 [main] INFO  o.s.w.s.m.m.a.RequestMappingHandlerMapping - Mapped "{[/api/v1/location/get-prov-by-city],methods=[GET]}" onto public com.baomidou.mybatisplus.extension.api.R<com.zjxu97.costume.vo.ProvinceVo> com.zjxu97.costume.controller.LocationController.getProvByCity(java.lang.Integer)
2020-01-14 20:14:37.920 [main] INFO  o.s.w.s.m.m.a.RequestMappingHandlerMapping - Mapped "{[/api/v1/location/get-area-by-prov],methods=[GET]}" onto public com.baomidou.mybatisplus.extension.api.R<com.zjxu97.costume.vo.AreaVo> com.zjxu97.costume.controller.LocationController.getAreaByProv(java.lang.Integer)
2020-01-14 20:14:37.921 [main] INFO  o.s.w.s.m.m.a.RequestMappingHandlerMapping - Mapped "{[/api/v1/location/list-areas],methods=[GET]}" onto public com.baomidou.mybatisplus.extension.api.R<java.util.List<com.zjxu97.costume.vo.AreaVo>> com.zjxu97.costume.controller.LocationController.listArea()
2020-01-14 20:14:37.921 [main] INFO  o.s.w.s.m.m.a.RequestMappingHandlerMapping - Mapped "{[/api/v1/location/list-provs-by-area],methods=[GET]}" onto public com.baomidou.mybatisplus.extension.api.R<java.util.List<com.zjxu97.costume.vo.ProvinceVo>> com.zjxu97.costume.controller.LocationController.listProvsByArea(java.lang.Integer)
2020-01-14 20:14:37.922 [main] INFO  o.s.w.s.m.m.a.RequestMappingHandlerMapping - Mapped "{[/api/v1/location/list-citys-by-prov],methods=[GET]}" onto public com.baomidou.mybatisplus.extension.api.R<java.util.List<com.zjxu97.costume.vo.CityVo>> com.zjxu97.costume.controller.LocationController.listCitysByProv(java.lang.Integer)
2020-01-14 20:14:37.929 [main] INFO  o.s.w.s.m.m.a.RequestMappingHandlerMapping - Mapped "{[/api/v1/store/list-stores-by-district],methods=[GET]}" onto public com.baomidou.mybatisplus.extension.api.R<java.util.List<com.zjxu97.costume.vo.StoreVo>> com.zjxu97.costume.controller.StoreController.listStoresByDist(java.lang.Integer)
2020-01-14 20:14:37.930 [main] INFO  o.s.w.s.m.m.a.RequestMappingHandlerMapping - Mapped "{[/api/v1/store/list-stores-by-city],methods=[GET]}" onto public com.baomidou.mybatisplus.extension.api.R<java.util.List<com.zjxu97.costume.vo.StoreVo>> com.zjxu97.costume.controller.StoreController.listStoresByCity(java.lang.Integer)
2020-01-14 20:14:37.930 [main] INFO  o.s.w.s.m.m.a.RequestMappingHandlerMapping - Mapped "{[/api/v1/store/list-stores-by-prov],methods=[GET]}" onto public com.baomidou.mybatisplus.extension.api.R<java.util.List<com.zjxu97.costume.vo.StoreVo>> com.zjxu97.costume.controller.StoreController.listStoresByProv(java.lang.Integer)
2020-01-14 20:14:37.931 [main] INFO  o.s.w.s.m.m.a.RequestMappingHandlerMapping - Mapped "{[/api/v1/store/list-stores-by-area],methods=[GET]}" onto public com.baomidou.mybatisplus.extension.api.R<java.util.List<com.zjxu97.costume.vo.StoreVo>> com.zjxu97.costume.controller.StoreController.listStoresByArea(java.lang.Integer)
2020-01-14 20:14:37.932 [main] INFO  o.s.w.s.m.m.a.RequestMappingHandlerMapping - Mapped "{[/api/v1/store/add-store],methods=[POST]}" onto public com.baomidou.mybatisplus.extension.api.R<java.lang.String> com.zjxu97.costume.controller.StoreController.addStore(com.zjxu97.costume.param.StoreParam)
2020-01-14 20:14:37.932 [main] INFO  o.s.w.s.m.m.a.RequestMappingHandlerMapping - Mapped "{[/api/v1/store/del-store],methods=[GET]}" onto public com.baomidou.mybatisplus.extension.api.R<java.lang.String> com.zjxu97.costume.controller.StoreController.delStore(java.lang.Integer)
2020-01-14 20:14:37.933 [main] INFO  o.s.w.s.m.m.a.RequestMappingHandlerMapping - Mapped "{[/api/v1/store/-store],methods=[POST]}" onto public com.baomidou.mybatisplus.extension.api.R<java.lang.String> com.zjxu97.costume.controller.StoreController.updStore(com.zjxu97.costume.param.StoreParam)
2020-01-14 20:14:37.934 [main] INFO  o.s.w.s.m.m.a.RequestMappingHandlerMapping - Mapped "{[/api/v1/store/search-stores],methods=[GET]}" onto public com.baomidou.mybatisplus.extension.api.R<java.util.List<com.zjxu97.costume.vo.StoreVo>> com.zjxu97.costume.controller.StoreController.searchStores(java.lang.String)
2020-01-14 20:14:37.940 [main] INFO  o.s.w.s.m.m.a.RequestMappingHandlerMapping - Mapped "{[/swagger-resources/configuration/security]}" onto public org.springframework.http.ResponseEntity<springfox.documentation.swagger.web.SecurityConfiguration> springfox.documentation.swagger.web.ApiResourceController.securityConfiguration()
2020-01-14 20:14:37.941 [main] INFO  o.s.w.s.m.m.a.RequestMappingHandlerMapping - Mapped "{[/swagger-resources/configuration/ui]}" onto public org.springframework.http.ResponseEntity<springfox.documentation.swagger.web.UiConfiguration> springfox.documentation.swagger.web.ApiResourceController.uiConfiguration()
2020-01-14 20:14:37.942 [main] INFO  o.s.w.s.m.m.a.RequestMappingHandlerMapping - Mapped "{[/swagger-resources]}" onto public org.springframework.http.ResponseEntity<java.util.List<springfox.documentation.swagger.web.SwaggerResource>> springfox.documentation.swagger.web.ApiResourceController.swaggerResources()
2020-01-14 20:14:37.947 [main] INFO  o.s.w.s.m.m.a.RequestMappingHandlerMapping - Mapped "{[/error]}" onto public org.springframework.http.ResponseEntity<java.util.Map<java.lang.String, java.lang.Object>> org.springframework.boot.autoconfigure.web.servlet.error.BasicErrorController.error(javax.servlet.http.HttpServletRequest)
2020-01-14 20:14:37.947 [main] INFO  o.s.w.s.m.m.a.RequestMappingHandlerMapping - Mapped "{[/error],produces=[text/html]}" onto public org.springframework.web.servlet.ModelAndView org.springframework.boot.autoconfigure.web.servlet.error.BasicErrorController.errorHtml(javax.servlet.http.HttpServletRequest,javax.servlet.http.HttpServletResponse)
2020-01-14 20:14:38.074 [main] INFO  s.d.s.w.PropertySourcedRequestMappingHandlerMapping - Mapped URL path [/v2/api-docs] onto method [public org.springframework.http.ResponseEntity<springfox.documentation.spring.web.json.Json> springfox.documentation.swagger2.web.Swagger2Controller.getDocumentation(java.lang.String,javax.servlet.http.HttpServletRequest)]
2020-01-14 20:14:38.128 [main] INFO  o.s.web.servlet.handler.SimpleUrlHandlerMapping - Mapped URL path [/**/favicon.ico] onto handler of type [class org.springframework.web.servlet.resource.ResourceHttpRequestHandler]
2020-01-14 20:14:38.247 [main] INFO  o.s.w.s.m.m.a.RequestMappingHandlerAdapter - Looking for @ControllerAdvice: org.springframework.boot.web.servlet.context.AnnotationConfigServletWebServerApplicationContext@385c9627: startup date [Tue Jan 14 20:14:34 CST 2020]; root of context hierarchy
2020-01-14 20:14:38.278 [main] INFO  o.s.web.servlet.handler.SimpleUrlHandlerMapping - Mapped URL path [/webjars/**] onto handler of type [class org.springframework.web.servlet.resource.ResourceHttpRequestHandler]
2020-01-14 20:14:38.278 [main] INFO  o.s.web.servlet.handler.SimpleUrlHandlerMapping - Mapped URL path [/**] onto handler of type [class org.springframework.web.servlet.resource.ResourceHttpRequestHandler]
2020-01-14 20:14:38.499 [main] INFO  o.s.jmx.export.annotation.AnnotationMBeanExporter - Registering beans for JMX exposure on startup
2020-01-14 20:14:38.501 [main] INFO  o.s.jmx.export.annotation.AnnotationMBeanExporter - Bean with name 'dataSource' has been autodetected for JMX exposure
2020-01-14 20:14:38.507 [main] INFO  o.s.jmx.export.annotation.AnnotationMBeanExporter - Located MBean 'dataSource': registering with JMX server as MBean [com.zaxxer.hikari:name=dataSource,type=HikariDataSource]
2020-01-14 20:14:38.512 [main] INFO  o.s.context.support.DefaultLifecycleProcessor - Starting beans in phase 2147483647
2020-01-14 20:14:38.512 [main] INFO  s.d.s.web.plugins.DocumentationPluginsBootstrapper - Context refreshed
2020-01-14 20:14:38.525 [main] INFO  s.d.s.web.plugins.DocumentationPluginsBootstrapper - Found 1 custom documentation plugin(s)
2020-01-14 20:14:38.555 [main] INFO  s.d.spring.web.scanners.ApiListingReferenceScanner - Scanning for api listing references
2020-01-14 20:14:38.748 [main] INFO  org.apache.coyote.http11.Http11NioProtocol - Starting ProtocolHandler ["http-nio-8080"]
2020-01-14 20:14:38.763 [main] INFO  org.apache.tomcat.util.net.NioSelectorPool - Using a shared selector for servlet write/read
2020-01-14 20:14:38.774 [main] INFO  o.s.boot.web.embedded.tomcat.TomcatWebServer - Tomcat started on port(s): 8080 (http) with context path ''
2020-01-14 20:14:38.777 [main] INFO  com.zjxu97.costume.CostumeApplication - Started CostumeApplication in 4.391 seconds (JVM running for 4.853)
2020-01-14 20:15:33.299 [http-nio-8080-exec-1] INFO  o.a.c.core.ContainerBase.[Tomcat].[localhost].[/] - Initializing Spring FrameworkServlet 'dispatcherServlet'
2020-01-14 20:15:33.300 [http-nio-8080-exec-1] INFO  org.springframework.web.servlet.DispatcherServlet - FrameworkServlet 'dispatcherServlet': initialization started
2020-01-14 20:15:33.315 [http-nio-8080-exec-1] INFO  org.springframework.web.servlet.DispatcherServlet - FrameworkServlet 'dispatcherServlet': initialization completed in 15 ms
