2019-12-29 22:59:53.034 [main] INFO  com.zjxu97.costume.CostumeApplication - Starting CostumeApplication on MBP.local with PID 72950 (/Users/zjxu97/Github/costume-sales-system/target/classes started by zjxu97 in /Users/zjxu97/Github/costume-sales-system)
2019-12-29 22:59:53.041 [main] INFO  com.zjxu97.costume.CostumeApplication - No active profile set, falling back to default profiles: default
2019-12-29 22:59:53.106 [main] INFO  o.s.b.w.s.c.AnnotationConfigServletWebServerApplicationContext - Refreshing org.springframework.boot.web.servlet.context.AnnotationConfigServletWebServerApplicationContext@4e08711f: startup date [Sun Dec 29 22:59:53 CST 2019]; root of context hierarchy
2019-12-29 22:59:54.139 [main] INFO  o.s.c.s.PostProcessorRegistrationDelegate$BeanPostProcessorChecker - Bean 'org.springframework.transaction.annotation.ProxyTransactionManagementConfiguration' of type [org.springframework.transaction.annotation.ProxyTransactionManagementConfiguration$$EnhancerBySpringCGLIB$$187ec860] is not eligible for getting processed by all BeanPostProcessors (for example: not eligible for auto-proxying)
2019-12-29 22:59:54.473 [main] INFO  o.s.boot.web.embedded.tomcat.TomcatWebServer - Tomcat initialized with port(s): 8080 (http)
2019-12-29 22:59:54.486 [main] INFO  org.apache.coyote.http11.Http11NioProtocol - Initializing ProtocolHandler ["http-nio-8080"]
2019-12-29 22:59:54.494 [main] INFO  org.apache.catalina.core.StandardService - Starting service [Tomcat]
2019-12-29 22:59:54.494 [main] INFO  org.apache.catalina.core.StandardEngine - Starting Servlet Engine: Apache Tomcat/8.5.32
2019-12-29 22:59:54.497 [localhost-startStop-1] INFO  org.apache.catalina.core.AprLifecycleListener - The APR based Apache Tomcat Native library which allows optimal performance in production environments was not found on the java.library.path: [/Users/zjxu97/Library/Java/Extensions:/Library/Java/Extensions:/Network/Library/Java/Extensions:/System/Library/Java/Extensions:/usr/lib/java:.]
2019-12-29 22:59:54.572 [localhost-startStop-1] INFO  o.a.c.core.ContainerBase.[Tomcat].[localhost].[/] - Initializing Spring embedded WebApplicationContext
2019-12-29 22:59:54.572 [localhost-startStop-1] INFO  org.springframework.web.context.ContextLoader - Root WebApplicationContext: initialization completed in 1466 ms
2019-12-29 22:59:54.617 [localhost-startStop-1] INFO  o.s.boot.web.servlet.ServletRegistrationBean - Servlet dispatcherServlet mapped to [/]
2019-12-29 22:59:54.619 [localhost-startStop-1] INFO  o.s.boot.web.servlet.FilterRegistrationBean - Mapping filter: 'characterEncodingFilter' to: [/*]
2019-12-29 22:59:54.620 [localhost-startStop-1] INFO  o.s.boot.web.servlet.FilterRegistrationBean - Mapping filter: 'hiddenHttpMethodFilter' to: [/*]
2019-12-29 22:59:54.620 [localhost-startStop-1] INFO  o.s.boot.web.servlet.FilterRegistrationBean - Mapping filter: 'httpPutFormContentFilter' to: [/*]
2019-12-29 22:59:54.620 [localhost-startStop-1] INFO  o.s.boot.web.servlet.FilterRegistrationBean - Mapping filter: 'requestContextFilter' to: [/*]
2019-12-29 22:59:54.801 [main] INFO  com.zaxxer.hikari.HikariDataSource - HikariPool-1 - Starting...
2019-12-29 22:59:55.058 [main] INFO  com.zaxxer.hikari.HikariDataSource - HikariPool-1 - Start completed.
2019-12-29 22:59:55.822 [main] INFO  o.s.w.s.m.m.a.RequestMappingHandlerMapping - Mapped "{[/api/v1/costume-test/city],methods=[GET]}" onto public com.baomidou.mybatisplus.extension.api.R<java.lang.Integer> com.zjxu97.costume.controller.HelloController.listCourse()
2019-12-29 22:59:55.824 [main] INFO  o.s.w.s.m.m.a.RequestMappingHandlerMapping - Mapped "{[/api/v1/location/list-areas],methods=[GET]}" onto public com.baomidou.mybatisplus.extension.api.R<java.util.List<com.zjxu97.costume.vo.AreaVo>> com.zjxu97.costume.controller.LocationController.listArea()
2019-12-29 22:59:55.825 [main] INFO  o.s.w.s.m.m.a.RequestMappingHandlerMapping - Mapped "{[/api/v1/location/list-provs-by-area],methods=[GET]}" onto public com.baomidou.mybatisplus.extension.api.R<java.util.List<com.zjxu97.costume.vo.ProvinceVo>> com.zjxu97.costume.controller.LocationController.listProvsByArea(java.lang.Integer)
2019-12-29 22:59:55.825 [main] INFO  o.s.w.s.m.m.a.RequestMappingHandlerMapping - Mapped "{[/api/v1/location/list-citys-by-prov],methods=[GET]}" onto public com.baomidou.mybatisplus.extension.api.R<java.util.List<com.zjxu97.costume.vo.CityVo>> com.zjxu97.costume.controller.LocationController.listCitysByProv(java.lang.Integer)
2019-12-29 22:59:55.826 [main] INFO  o.s.w.s.m.m.a.RequestMappingHandlerMapping - Mapped "{[/api/v1/location/list-dists-by-city],methods=[GET]}" onto public com.baomidou.mybatisplus.extension.api.R<java.util.List<com.zjxu97.costume.vo.DistrictVo>> com.zjxu97.costume.controller.LocationController.listDistsByCity(java.lang.Integer)
2019-12-29 22:59:55.826 [main] INFO  o.s.w.s.m.m.a.RequestMappingHandlerMapping - Mapped "{[/api/v1/location/get-city-by-dist],methods=[GET]}" onto public com.baomidou.mybatisplus.extension.api.R<com.zjxu97.costume.vo.CityVo> com.zjxu97.costume.controller.LocationController.getCityByDist(java.lang.Integer)
2019-12-29 22:59:55.826 [main] INFO  o.s.w.s.m.m.a.RequestMappingHandlerMapping - Mapped "{[/api/v1/location/get-prov-by-city],methods=[GET]}" onto public com.baomidou.mybatisplus.extension.api.R<com.zjxu97.costume.vo.ProvinceVo> com.zjxu97.costume.controller.LocationController.getProvByCity(java.lang.Integer)
2019-12-29 22:59:55.826 [main] INFO  o.s.w.s.m.m.a.RequestMappingHandlerMapping - Mapped "{[/api/v1/location/get-area-by-prov],methods=[GET]}" onto public com.baomidou.mybatisplus.extension.api.R<com.zjxu97.costume.vo.AreaVo> com.zjxu97.costume.controller.LocationController.getAreaByProv(java.lang.Integer)
2019-12-29 22:59:55.827 [main] INFO  o.s.w.s.m.m.a.RequestMappingHandlerMapping - Mapped "{[/api/v1/store/list-stores-by-district],methods=[GET]}" onto public com.baomidou.mybatisplus.extension.api.R<java.util.List<com.zjxu97.costume.vo.StoreVo>> com.zjxu97.costume.controller.StoreController.listStoresByDist(java.lang.Integer)
2019-12-29 22:59:55.828 [main] INFO  o.s.w.s.m.m.a.RequestMappingHandlerMapping - Mapped "{[/api/v1/store/list-stores-by-city],methods=[GET]}" onto public com.baomidou.mybatisplus.extension.api.R<java.util.List<com.zjxu97.costume.vo.StoreVo>> com.zjxu97.costume.controller.StoreController.listStoresByCity(java.lang.Integer)
2019-12-29 22:59:55.830 [main] INFO  com.zaxxer.hikari.HikariDataSource - HikariPool-1 - Shutdown initiated...
2019-12-29 22:59:55.833 [main] INFO  com.zaxxer.hikari.HikariDataSource - HikariPool-1 - Shutdown completed.
2019-12-29 22:59:55.835 [main] INFO  org.apache.catalina.core.StandardService - Stopping service [Tomcat]
2019-12-29 22:59:55.843 [main] INFO  o.s.b.a.l.ConditionEvaluationReportLoggingListener - 

Error starting ApplicationContext. To display the conditions report re-run your application with 'debug' enabled.
2019-12-29 23:02:26.681 [main] INFO  com.zjxu97.costume.CostumeApplication - Starting CostumeApplication on MBP.local with PID 72995 (/Users/zjxu97/Github/costume-sales-system/target/classes started by zjxu97 in /Users/zjxu97/Github/costume-sales-system)
2019-12-29 23:02:26.684 [main] INFO  com.zjxu97.costume.CostumeApplication - No active profile set, falling back to default profiles: default
2019-12-29 23:02:26.731 [main] INFO  o.s.b.w.s.c.AnnotationConfigServletWebServerApplicationContext - Refreshing org.springframework.boot.web.servlet.context.AnnotationConfigServletWebServerApplicationContext@3bf7ca37: startup date [Sun Dec 29 23:02:26 CST 2019]; root of context hierarchy
2019-12-29 23:02:27.651 [main] INFO  o.s.c.s.PostProcessorRegistrationDelegate$BeanPostProcessorChecker - Bean 'org.springframework.transaction.annotation.ProxyTransactionManagementConfiguration' of type [org.springframework.transaction.annotation.ProxyTransactionManagementConfiguration$$EnhancerBySpringCGLIB$$66a53a06] is not eligible for getting processed by all BeanPostProcessors (for example: not eligible for auto-proxying)
2019-12-29 23:02:27.939 [main] INFO  o.s.boot.web.embedded.tomcat.TomcatWebServer - Tomcat initialized with port(s): 8080 (http)
2019-12-29 23:02:27.949 [main] INFO  org.apache.coyote.http11.Http11NioProtocol - Initializing ProtocolHandler ["http-nio-8080"]
2019-12-29 23:02:27.956 [main] INFO  org.apache.catalina.core.StandardService - Starting service [Tomcat]
2019-12-29 23:02:27.956 [main] INFO  org.apache.catalina.core.StandardEngine - Starting Servlet Engine: Apache Tomcat/8.5.32
2019-12-29 23:02:27.959 [localhost-startStop-1] INFO  org.apache.catalina.core.AprLifecycleListener - The APR based Apache Tomcat Native library which allows optimal performance in production environments was not found on the java.library.path: [/Users/zjxu97/Library/Java/Extensions:/Library/Java/Extensions:/Network/Library/Java/Extensions:/System/Library/Java/Extensions:/usr/lib/java:.]
2019-12-29 23:02:28.020 [localhost-startStop-1] INFO  o.a.c.core.ContainerBase.[Tomcat].[localhost].[/] - Initializing Spring embedded WebApplicationContext
2019-12-29 23:02:28.021 [localhost-startStop-1] INFO  org.springframework.web.context.ContextLoader - Root WebApplicationContext: initialization completed in 1290 ms
2019-12-29 23:02:28.061 [localhost-startStop-1] INFO  o.s.boot.web.servlet.ServletRegistrationBean - Servlet dispatcherServlet mapped to [/]
2019-12-29 23:02:28.065 [localhost-startStop-1] INFO  o.s.boot.web.servlet.FilterRegistrationBean - Mapping filter: 'characterEncodingFilter' to: [/*]
2019-12-29 23:02:28.065 [localhost-startStop-1] INFO  o.s.boot.web.servlet.FilterRegistrationBean - Mapping filter: 'hiddenHttpMethodFilter' to: [/*]
2019-12-29 23:02:28.065 [localhost-startStop-1] INFO  o.s.boot.web.servlet.FilterRegistrationBean - Mapping filter: 'httpPutFormContentFilter' to: [/*]
2019-12-29 23:02:28.065 [localhost-startStop-1] INFO  o.s.boot.web.servlet.FilterRegistrationBean - Mapping filter: 'requestContextFilter' to: [/*]
2019-12-29 23:02:28.217 [main] INFO  com.zaxxer.hikari.HikariDataSource - HikariPool-1 - Starting...
2019-12-29 23:02:28.438 [main] INFO  com.zaxxer.hikari.HikariDataSource - HikariPool-1 - Start completed.
2019-12-29 23:02:29.040 [main] INFO  o.s.w.s.m.m.a.RequestMappingHandlerMapping - Mapped "{[/api/v1/costume-test/city],methods=[GET]}" onto public com.baomidou.mybatisplus.extension.api.R<java.lang.Integer> com.zjxu97.costume.controller.HelloController.listCourse()
2019-12-29 23:02:29.042 [main] INFO  o.s.w.s.m.m.a.RequestMappingHandlerMapping - Mapped "{[/api/v1/location/list-areas],methods=[GET]}" onto public com.baomidou.mybatisplus.extension.api.R<java.util.List<com.zjxu97.costume.vo.AreaVo>> com.zjxu97.costume.controller.LocationController.listArea()
2019-12-29 23:02:29.043 [main] INFO  o.s.w.s.m.m.a.RequestMappingHandlerMapping - Mapped "{[/api/v1/location/list-provs-by-area],methods=[GET]}" onto public com.baomidou.mybatisplus.extension.api.R<java.util.List<com.zjxu97.costume.vo.ProvinceVo>> com.zjxu97.costume.controller.LocationController.listProvsByArea(java.lang.Integer)
2019-12-29 23:02:29.044 [main] INFO  o.s.w.s.m.m.a.RequestMappingHandlerMapping - Mapped "{[/api/v1/location/list-citys-by-prov],methods=[GET]}" onto public com.baomidou.mybatisplus.extension.api.R<java.util.List<com.zjxu97.costume.vo.CityVo>> com.zjxu97.costume.controller.LocationController.listCitysByProv(java.lang.Integer)
2019-12-29 23:02:29.044 [main] INFO  o.s.w.s.m.m.a.RequestMappingHandlerMapping - Mapped "{[/api/v1/location/list-dists-by-city],methods=[GET]}" onto public com.baomidou.mybatisplus.extension.api.R<java.util.List<com.zjxu97.costume.vo.DistrictVo>> com.zjxu97.costume.controller.LocationController.listDistsByCity(java.lang.Integer)
2019-12-29 23:02:29.044 [main] INFO  o.s.w.s.m.m.a.RequestMappingHandlerMapping - Mapped "{[/api/v1/location/get-city-by-dist],methods=[GET]}" onto public com.baomidou.mybatisplus.extension.api.R<com.zjxu97.costume.vo.CityVo> com.zjxu97.costume.controller.LocationController.getCityByDist(java.lang.Integer)
2019-12-29 23:02:29.045 [main] INFO  o.s.w.s.m.m.a.RequestMappingHandlerMapping - Mapped "{[/api/v1/location/get-prov-by-city],methods=[GET]}" onto public com.baomidou.mybatisplus.extension.api.R<com.zjxu97.costume.vo.ProvinceVo> com.zjxu97.costume.controller.LocationController.getProvByCity(java.lang.Integer)
2019-12-29 23:02:29.045 [main] INFO  o.s.w.s.m.m.a.RequestMappingHandlerMapping - Mapped "{[/api/v1/location/get-area-by-prov],methods=[GET]}" onto public com.baomidou.mybatisplus.extension.api.R<com.zjxu97.costume.vo.AreaVo> com.zjxu97.costume.controller.LocationController.getAreaByProv(java.lang.Integer)
2019-12-29 23:02:29.046 [main] INFO  o.s.w.s.m.m.a.RequestMappingHandlerMapping - Mapped "{[/api/v1/store/list-stores-by-district],methods=[GET]}" onto public com.baomidou.mybatisplus.extension.api.R<java.util.List<com.zjxu97.costume.vo.StoreVo>> com.zjxu97.costume.controller.StoresController.listStoresByDist(java.lang.Integer)
2019-12-29 23:02:29.046 [main] INFO  o.s.w.s.m.m.a.RequestMappingHandlerMapping - Mapped "{[/api/v1/store/list-stores-by-city],methods=[GET]}" onto public com.baomidou.mybatisplus.extension.api.R<java.util.List<com.zjxu97.costume.vo.StoreVo>> com.zjxu97.costume.controller.StoresController.listStoresByCity(java.lang.Integer)
2019-12-29 23:02:29.049 [main] INFO  com.zaxxer.hikari.HikariDataSource - HikariPool-1 - Shutdown initiated...
2019-12-29 23:02:29.052 [main] INFO  com.zaxxer.hikari.HikariDataSource - HikariPool-1 - Shutdown completed.
2019-12-29 23:02:29.054 [main] INFO  org.apache.catalina.core.StandardService - Stopping service [Tomcat]
2019-12-29 23:02:29.062 [main] INFO  o.s.b.a.l.ConditionEvaluationReportLoggingListener - 

Error starting ApplicationContext. To display the conditions report re-run your application with 'debug' enabled.
2019-12-29 23:05:06.163 [main] INFO  com.zjxu97.costume.CostumeApplication - Starting CostumeApplication on MBP.local with PID 73025 (/Users/zjxu97/Github/costume-sales-system/target/classes started by zjxu97 in /Users/zjxu97/Github/costume-sales-system)
2019-12-29 23:05:06.165 [main] INFO  com.zjxu97.costume.CostumeApplication - No active profile set, falling back to default profiles: default
2019-12-29 23:05:06.195 [main] INFO  o.s.b.w.s.c.AnnotationConfigServletWebServerApplicationContext - Refreshing org.springframework.boot.web.servlet.context.AnnotationConfigServletWebServerApplicationContext@4e08711f: startup date [Sun Dec 29 23:05:06 CST 2019]; root of context hierarchy
2019-12-29 23:05:07.115 [main] INFO  o.s.c.s.PostProcessorRegistrationDelegate$BeanPostProcessorChecker - Bean 'org.springframework.transaction.annotation.ProxyTransactionManagementConfiguration' of type [org.springframework.transaction.annotation.ProxyTransactionManagementConfiguration$$EnhancerBySpringCGLIB$$259a931] is not eligible for getting processed by all BeanPostProcessors (for example: not eligible for auto-proxying)
2019-12-29 23:05:07.384 [main] INFO  o.s.boot.web.embedded.tomcat.TomcatWebServer - Tomcat initialized with port(s): 8080 (http)
2019-12-29 23:05:07.395 [main] INFO  org.apache.coyote.http11.Http11NioProtocol - Initializing ProtocolHandler ["http-nio-8080"]
2019-12-29 23:05:07.403 [main] INFO  org.apache.catalina.core.StandardService - Starting service [Tomcat]
2019-12-29 23:05:07.403 [main] INFO  org.apache.catalina.core.StandardEngine - Starting Servlet Engine: Apache Tomcat/8.5.32
2019-12-29 23:05:07.406 [localhost-startStop-1] INFO  org.apache.catalina.core.AprLifecycleListener - The APR based Apache Tomcat Native library which allows optimal performance in production environments was not found on the java.library.path: [/Users/zjxu97/Library/Java/Extensions:/Library/Java/Extensions:/Network/Library/Java/Extensions:/System/Library/Java/Extensions:/usr/lib/java:.]
2019-12-29 23:05:07.472 [localhost-startStop-1] INFO  o.a.c.core.ContainerBase.[Tomcat].[localhost].[/] - Initializing Spring embedded WebApplicationContext
2019-12-29 23:05:07.472 [localhost-startStop-1] INFO  org.springframework.web.context.ContextLoader - Root WebApplicationContext: initialization completed in 1277 ms
2019-12-29 23:05:07.515 [localhost-startStop-1] INFO  o.s.boot.web.servlet.ServletRegistrationBean - Servlet dispatcherServlet mapped to [/]
2019-12-29 23:05:07.518 [localhost-startStop-1] INFO  o.s.boot.web.servlet.FilterRegistrationBean - Mapping filter: 'characterEncodingFilter' to: [/*]
2019-12-29 23:05:07.518 [localhost-startStop-1] INFO  o.s.boot.web.servlet.FilterRegistrationBean - Mapping filter: 'hiddenHttpMethodFilter' to: [/*]
2019-12-29 23:05:07.518 [localhost-startStop-1] INFO  o.s.boot.web.servlet.FilterRegistrationBean - Mapping filter: 'httpPutFormContentFilter' to: [/*]
2019-12-29 23:05:07.518 [localhost-startStop-1] INFO  o.s.boot.web.servlet.FilterRegistrationBean - Mapping filter: 'requestContextFilter' to: [/*]
2019-12-29 23:05:07.667 [main] INFO  com.zaxxer.hikari.HikariDataSource - HikariPool-1 - Starting...
2019-12-29 23:05:07.894 [main] INFO  com.zaxxer.hikari.HikariDataSource - HikariPool-1 - Start completed.
2019-12-29 23:05:08.535 [main] INFO  o.s.w.s.m.m.a.RequestMappingHandlerMapping - Mapped "{[/api/v1/costume-test/city],methods=[GET]}" onto public com.baomidou.mybatisplus.extension.api.R<java.lang.Integer> com.zjxu97.costume.controller.HelloController.listCourse()
2019-12-29 23:05:08.537 [main] INFO  o.s.w.s.m.m.a.RequestMappingHandlerMapping - Mapped "{[/api/v1/location/list-areas],methods=[GET]}" onto public com.baomidou.mybatisplus.extension.api.R<java.util.List<com.zjxu97.costume.vo.AreaVo>> com.zjxu97.costume.controller.LocationController.listArea()
2019-12-29 23:05:08.539 [main] INFO  o.s.w.s.m.m.a.RequestMappingHandlerMapping - Mapped "{[/api/v1/location/list-provs-by-area],methods=[GET]}" onto public com.baomidou.mybatisplus.extension.api.R<java.util.List<com.zjxu97.costume.vo.ProvinceVo>> com.zjxu97.costume.controller.LocationController.listProvsByArea(java.lang.Integer)
2019-12-29 23:05:08.539 [main] INFO  o.s.w.s.m.m.a.RequestMappingHandlerMapping - Mapped "{[/api/v1/location/list-citys-by-prov],methods=[GET]}" onto public com.baomidou.mybatisplus.extension.api.R<java.util.List<com.zjxu97.costume.vo.CityVo>> com.zjxu97.costume.controller.LocationController.listCitysByProv(java.lang.Integer)
2019-12-29 23:05:08.539 [main] INFO  o.s.w.s.m.m.a.RequestMappingHandlerMapping - Mapped "{[/api/v1/location/list-dists-by-city],methods=[GET]}" onto public com.baomidou.mybatisplus.extension.api.R<java.util.List<com.zjxu97.costume.vo.DistrictVo>> com.zjxu97.costume.controller.LocationController.listDistsByCity(java.lang.Integer)
2019-12-29 23:05:08.540 [main] INFO  o.s.w.s.m.m.a.RequestMappingHandlerMapping - Mapped "{[/api/v1/location/get-city-by-dist],methods=[GET]}" onto public com.baomidou.mybatisplus.extension.api.R<com.zjxu97.costume.vo.CityVo> com.zjxu97.costume.controller.LocationController.getCityByDist(java.lang.Integer)
2019-12-29 23:05:08.540 [main] INFO  o.s.w.s.m.m.a.RequestMappingHandlerMapping - Mapped "{[/api/v1/location/get-prov-by-city],methods=[GET]}" onto public com.baomidou.mybatisplus.extension.api.R<com.zjxu97.costume.vo.ProvinceVo> com.zjxu97.costume.controller.LocationController.getProvByCity(java.lang.Integer)
2019-12-29 23:05:08.540 [main] INFO  o.s.w.s.m.m.a.RequestMappingHandlerMapping - Mapped "{[/api/v1/location/get-area-by-prov],methods=[GET]}" onto public com.baomidou.mybatisplus.extension.api.R<com.zjxu97.costume.vo.AreaVo> com.zjxu97.costume.controller.LocationController.getAreaByProv(java.lang.Integer)
2019-12-29 23:05:08.541 [main] INFO  o.s.w.s.m.m.a.RequestMappingHandlerMapping - Mapped "{[/api/v1/store/list-stores-by-district],methods=[GET]}" onto public com.baomidou.mybatisplus.extension.api.R<java.util.List<com.zjxu97.costume.vo.StoreVo>> com.zjxu97.costume.controller.StoreController.listStoresByDistCon(java.lang.Integer)
2019-12-29 23:05:08.542 [main] INFO  o.s.w.s.m.m.a.RequestMappingHandlerMapping - Mapped "{[/api/v1/store/list-stores-by-city],methods=[GET]}" onto public com.baomidou.mybatisplus.extension.api.R<java.util.List<com.zjxu97.costume.vo.StoreVo>> com.zjxu97.costume.controller.StoreController.listStoresByCityCon(java.lang.Integer)
2019-12-29 23:05:08.544 [main] INFO  com.zaxxer.hikari.HikariDataSource - HikariPool-1 - Shutdown initiated...
2019-12-29 23:05:08.547 [main] INFO  com.zaxxer.hikari.HikariDataSource - HikariPool-1 - Shutdown completed.
2019-12-29 23:05:08.549 [main] INFO  org.apache.catalina.core.StandardService - Stopping service [Tomcat]
2019-12-29 23:05:08.557 [main] INFO  o.s.b.a.l.ConditionEvaluationReportLoggingListener - 

Error starting ApplicationContext. To display the conditions report re-run your application with 'debug' enabled.
2019-12-29 23:06:37.494 [main] INFO  com.zjxu97.costume.CostumeApplication - Starting CostumeApplication on MBP.local with PID 73039 (/Users/zjxu97/Github/costume-sales-system/target/classes started by zjxu97 in /Users/zjxu97/Github/costume-sales-system)
2019-12-29 23:06:37.496 [main] INFO  com.zjxu97.costume.CostumeApplication - No active profile set, falling back to default profiles: default
2019-12-29 23:06:37.526 [main] INFO  o.s.b.w.s.c.AnnotationConfigServletWebServerApplicationContext - Refreshing org.springframework.boot.web.servlet.context.AnnotationConfigServletWebServerApplicationContext@4e08711f: startup date [Sun Dec 29 23:06:37 CST 2019]; root of context hierarchy
2019-12-29 23:06:38.331 [main] INFO  o.s.c.s.PostProcessorRegistrationDelegate$BeanPostProcessorChecker - Bean 'org.springframework.transaction.annotation.ProxyTransactionManagementConfiguration' of type [org.springframework.transaction.annotation.ProxyTransactionManagementConfiguration$$EnhancerBySpringCGLIB$$259a931] is not eligible for getting processed by all BeanPostProcessors (for example: not eligible for auto-proxying)
2019-12-29 23:06:38.604 [main] INFO  o.s.boot.web.embedded.tomcat.TomcatWebServer - Tomcat initialized with port(s): 8080 (http)
2019-12-29 23:06:38.613 [main] INFO  org.apache.coyote.http11.Http11NioProtocol - Initializing ProtocolHandler ["http-nio-8080"]
2019-12-29 23:06:38.621 [main] INFO  org.apache.catalina.core.StandardService - Starting service [Tomcat]
2019-12-29 23:06:38.621 [main] INFO  org.apache.catalina.core.StandardEngine - Starting Servlet Engine: Apache Tomcat/8.5.32
2019-12-29 23:06:38.624 [localhost-startStop-1] INFO  org.apache.catalina.core.AprLifecycleListener - The APR based Apache Tomcat Native library which allows optimal performance in production environments was not found on the java.library.path: [/Users/zjxu97/Library/Java/Extensions:/Library/Java/Extensions:/Network/Library/Java/Extensions:/System/Library/Java/Extensions:/usr/lib/java:.]
2019-12-29 23:06:38.686 [localhost-startStop-1] INFO  o.a.c.core.ContainerBase.[Tomcat].[localhost].[/] - Initializing Spring embedded WebApplicationContext
2019-12-29 23:06:38.687 [localhost-startStop-1] INFO  org.springframework.web.context.ContextLoader - Root WebApplicationContext: initialization completed in 1162 ms
2019-12-29 23:06:38.731 [localhost-startStop-1] INFO  o.s.boot.web.servlet.ServletRegistrationBean - Servlet dispatcherServlet mapped to [/]
2019-12-29 23:06:38.734 [localhost-startStop-1] INFO  o.s.boot.web.servlet.FilterRegistrationBean - Mapping filter: 'characterEncodingFilter' to: [/*]
2019-12-29 23:06:38.734 [localhost-startStop-1] INFO  o.s.boot.web.servlet.FilterRegistrationBean - Mapping filter: 'hiddenHttpMethodFilter' to: [/*]
2019-12-29 23:06:38.734 [localhost-startStop-1] INFO  o.s.boot.web.servlet.FilterRegistrationBean - Mapping filter: 'httpPutFormContentFilter' to: [/*]
2019-12-29 23:06:38.734 [localhost-startStop-1] INFO  o.s.boot.web.servlet.FilterRegistrationBean - Mapping filter: 'requestContextFilter' to: [/*]
2019-12-29 23:06:38.885 [main] INFO  com.zaxxer.hikari.HikariDataSource - HikariPool-1 - Starting...
2019-12-29 23:06:39.095 [main] INFO  com.zaxxer.hikari.HikariDataSource - HikariPool-1 - Start completed.
2019-12-29 23:06:39.694 [main] INFO  o.s.w.s.m.m.a.RequestMappingHandlerMapping - Mapped "{[/api/v1/costume-test/city],methods=[GET]}" onto public com.baomidou.mybatisplus.extension.api.R<java.lang.Integer> com.zjxu97.costume.controller.HelloController.listCourse()
2019-12-29 23:06:39.696 [main] INFO  o.s.w.s.m.m.a.RequestMappingHandlerMapping - Mapped "{[/api/v1/location/list-areas],methods=[GET]}" onto public com.baomidou.mybatisplus.extension.api.R<java.util.List<com.zjxu97.costume.vo.AreaVo>> com.zjxu97.costume.controller.LocationController.listArea()
2019-12-29 23:06:39.697 [main] INFO  o.s.w.s.m.m.a.RequestMappingHandlerMapping - Mapped "{[/api/v1/location/list-provs-by-area],methods=[GET]}" onto public com.baomidou.mybatisplus.extension.api.R<java.util.List<com.zjxu97.costume.vo.ProvinceVo>> com.zjxu97.costume.controller.LocationController.listProvsByArea(java.lang.Integer)
2019-12-29 23:06:39.697 [main] INFO  o.s.w.s.m.m.a.RequestMappingHandlerMapping - Mapped "{[/api/v1/location/list-citys-by-prov],methods=[GET]}" onto public com.baomidou.mybatisplus.extension.api.R<java.util.List<com.zjxu97.costume.vo.CityVo>> com.zjxu97.costume.controller.LocationController.listCitysByProv(java.lang.Integer)
2019-12-29 23:06:39.698 [main] INFO  o.s.w.s.m.m.a.RequestMappingHandlerMapping - Mapped "{[/api/v1/location/list-dists-by-city],methods=[GET]}" onto public com.baomidou.mybatisplus.extension.api.R<java.util.List<com.zjxu97.costume.vo.DistrictVo>> com.zjxu97.costume.controller.LocationController.listDistsByCity(java.lang.Integer)
2019-12-29 23:06:39.698 [main] INFO  o.s.w.s.m.m.a.RequestMappingHandlerMapping - Mapped "{[/api/v1/location/get-city-by-dist],methods=[GET]}" onto public com.baomidou.mybatisplus.extension.api.R<com.zjxu97.costume.vo.CityVo> com.zjxu97.costume.controller.LocationController.getCityByDist(java.lang.Integer)
2019-12-29 23:06:39.698 [main] INFO  o.s.w.s.m.m.a.RequestMappingHandlerMapping - Mapped "{[/api/v1/location/get-prov-by-city],methods=[GET]}" onto public com.baomidou.mybatisplus.extension.api.R<com.zjxu97.costume.vo.ProvinceVo> com.zjxu97.costume.controller.LocationController.getProvByCity(java.lang.Integer)
2019-12-29 23:06:39.699 [main] INFO  o.s.w.s.m.m.a.RequestMappingHandlerMapping - Mapped "{[/api/v1/location/get-area-by-prov],methods=[GET]}" onto public com.baomidou.mybatisplus.extension.api.R<com.zjxu97.costume.vo.AreaVo> com.zjxu97.costume.controller.LocationController.getAreaByProv(java.lang.Integer)
2019-12-29 23:06:39.700 [main] INFO  o.s.w.s.m.m.a.RequestMappingHandlerMapping - Mapped "{[/api/v1/stores/list-stores-by-district],methods=[GET]}" onto public com.baomidou.mybatisplus.extension.api.R<java.util.List<com.zjxu97.costume.vo.StoreVo>> com.zjxu97.costume.controller.StoreController.listStoresByDistCon(java.lang.Integer)
2019-12-29 23:06:39.700 [main] INFO  o.s.w.s.m.m.a.RequestMappingHandlerMapping - Mapped "{[/api/v1/stores/list-stores-by-city],methods=[GET]}" onto public com.baomidou.mybatisplus.extension.api.R<java.util.List<com.zjxu97.costume.vo.StoreVo>> com.zjxu97.costume.controller.StoreController.listStoresByCityCon(java.lang.Integer)
2019-12-29 23:06:39.703 [main] INFO  com.zaxxer.hikari.HikariDataSource - HikariPool-1 - Shutdown initiated...
2019-12-29 23:06:39.705 [main] INFO  com.zaxxer.hikari.HikariDataSource - HikariPool-1 - Shutdown completed.
2019-12-29 23:06:39.707 [main] INFO  org.apache.catalina.core.StandardService - Stopping service [Tomcat]
2019-12-29 23:06:39.715 [main] INFO  o.s.b.a.l.ConditionEvaluationReportLoggingListener - 

Error starting ApplicationContext. To display the conditions report re-run your application with 'debug' enabled.
2019-12-29 23:08:15.005 [main] INFO  com.zjxu97.costume.CostumeApplication - Starting CostumeApplication on MBP.local with PID 73084 (/Users/zjxu97/Github/costume-sales-system/target/classes started by zjxu97 in /Users/zjxu97/Github/costume-sales-system)
2019-12-29 23:08:15.008 [main] INFO  com.zjxu97.costume.CostumeApplication - No active profile set, falling back to default profiles: default
2019-12-29 23:08:15.044 [main] INFO  o.s.b.w.s.c.AnnotationConfigServletWebServerApplicationContext - Refreshing org.springframework.boot.web.servlet.context.AnnotationConfigServletWebServerApplicationContext@4e08711f: startup date [Sun Dec 29 23:08:15 CST 2019]; root of context hierarchy
2019-12-29 23:08:15.911 [main] INFO  o.s.c.s.PostProcessorRegistrationDelegate$BeanPostProcessorChecker - Bean 'org.springframework.transaction.annotation.ProxyTransactionManagementConfiguration' of type [org.springframework.transaction.annotation.ProxyTransactionManagementConfiguration$$EnhancerBySpringCGLIB$$259a931] is not eligible for getting processed by all BeanPostProcessors (for example: not eligible for auto-proxying)
2019-12-29 23:08:16.236 [main] INFO  o.s.boot.web.embedded.tomcat.TomcatWebServer - Tomcat initialized with port(s): 8080 (http)
2019-12-29 23:08:16.246 [main] INFO  org.apache.coyote.http11.Http11NioProtocol - Initializing ProtocolHandler ["http-nio-8080"]
2019-12-29 23:08:16.254 [main] INFO  org.apache.catalina.core.StandardService - Starting service [Tomcat]
2019-12-29 23:08:16.254 [main] INFO  org.apache.catalina.core.StandardEngine - Starting Servlet Engine: Apache Tomcat/8.5.32
2019-12-29 23:08:16.257 [localhost-startStop-1] INFO  org.apache.catalina.core.AprLifecycleListener - The APR based Apache Tomcat Native library which allows optimal performance in production environments was not found on the java.library.path: [/Users/zjxu97/Library/Java/Extensions:/Library/Java/Extensions:/Network/Library/Java/Extensions:/System/Library/Java/Extensions:/usr/lib/java:.]
2019-12-29 23:08:16.337 [localhost-startStop-1] INFO  o.a.c.core.ContainerBase.[Tomcat].[localhost].[/] - Initializing Spring embedded WebApplicationContext
2019-12-29 23:08:16.337 [localhost-startStop-1] INFO  org.springframework.web.context.ContextLoader - Root WebApplicationContext: initialization completed in 1293 ms
2019-12-29 23:08:16.384 [localhost-startStop-1] INFO  o.s.boot.web.servlet.ServletRegistrationBean - Servlet dispatcherServlet mapped to [/]
2019-12-29 23:08:16.387 [localhost-startStop-1] INFO  o.s.boot.web.servlet.FilterRegistrationBean - Mapping filter: 'characterEncodingFilter' to: [/*]
2019-12-29 23:08:16.388 [localhost-startStop-1] INFO  o.s.boot.web.servlet.FilterRegistrationBean - Mapping filter: 'hiddenHttpMethodFilter' to: [/*]
2019-12-29 23:08:16.388 [localhost-startStop-1] INFO  o.s.boot.web.servlet.FilterRegistrationBean - Mapping filter: 'httpPutFormContentFilter' to: [/*]
2019-12-29 23:08:16.388 [localhost-startStop-1] INFO  o.s.boot.web.servlet.FilterRegistrationBean - Mapping filter: 'requestContextFilter' to: [/*]
2019-12-29 23:08:16.562 [main] INFO  com.zaxxer.hikari.HikariDataSource - HikariPool-1 - Starting...
2019-12-29 23:08:16.808 [main] INFO  com.zaxxer.hikari.HikariDataSource - HikariPool-1 - Start completed.
2019-12-29 23:08:17.685 [main] INFO  o.s.w.s.m.m.a.RequestMappingHandlerMapping - Mapped "{[/api/v1/costume-test/city],methods=[GET]}" onto public com.baomidou.mybatisplus.extension.api.R<java.lang.Integer> com.zjxu97.costume.controller.HelloController.listCourse()
2019-12-29 23:08:17.687 [main] INFO  o.s.w.s.m.m.a.RequestMappingHandlerMapping - Mapped "{[/api/v1/location/list-areas],methods=[GET]}" onto public com.baomidou.mybatisplus.extension.api.R<java.util.List<com.zjxu97.costume.vo.AreaVo>> com.zjxu97.costume.controller.LocationController.listArea()
2019-12-29 23:08:17.691 [main] INFO  o.s.w.s.m.m.a.RequestMappingHandlerMapping - Mapped "{[/api/v1/location/list-provs-by-area],methods=[GET]}" onto public com.baomidou.mybatisplus.extension.api.R<java.util.List<com.zjxu97.costume.vo.ProvinceVo>> com.zjxu97.costume.controller.LocationController.listProvsByArea(java.lang.Integer)
2019-12-29 23:08:17.691 [main] INFO  o.s.w.s.m.m.a.RequestMappingHandlerMapping - Mapped "{[/api/v1/location/list-citys-by-prov],methods=[GET]}" onto public com.baomidou.mybatisplus.extension.api.R<java.util.List<com.zjxu97.costume.vo.CityVo>> com.zjxu97.costume.controller.LocationController.listCitysByProv(java.lang.Integer)
2019-12-29 23:08:17.692 [main] INFO  o.s.w.s.m.m.a.RequestMappingHandlerMapping - Mapped "{[/api/v1/location/list-dists-by-city],methods=[GET]}" onto public com.baomidou.mybatisplus.extension.api.R<java.util.List<com.zjxu97.costume.vo.DistrictVo>> com.zjxu97.costume.controller.LocationController.listDistsByCity(java.lang.Integer)
2019-12-29 23:08:17.693 [main] INFO  o.s.w.s.m.m.a.RequestMappingHandlerMapping - Mapped "{[/api/v1/location/get-city-by-dist],methods=[GET]}" onto public com.baomidou.mybatisplus.extension.api.R<com.zjxu97.costume.vo.CityVo> com.zjxu97.costume.controller.LocationController.getCityByDist(java.lang.Integer)
2019-12-29 23:08:17.693 [main] INFO  o.s.w.s.m.m.a.RequestMappingHandlerMapping - Mapped "{[/api/v1/location/get-prov-by-city],methods=[GET]}" onto public com.baomidou.mybatisplus.extension.api.R<com.zjxu97.costume.vo.ProvinceVo> com.zjxu97.costume.controller.LocationController.getProvByCity(java.lang.Integer)
2019-12-29 23:08:17.694 [main] INFO  o.s.w.s.m.m.a.RequestMappingHandlerMapping - Mapped "{[/api/v1/location/get-area-by-prov],methods=[GET]}" onto public com.baomidou.mybatisplus.extension.api.R<com.zjxu97.costume.vo.AreaVo> com.zjxu97.costume.controller.LocationController.getAreaByProv(java.lang.Integer)
2019-12-29 23:08:17.695 [main] INFO  o.s.w.s.m.m.a.RequestMappingHandlerMapping - Mapped "{[/api/v1/store/list-stores-by-district],methods=[GET]}" onto public com.baomidou.mybatisplus.extension.api.R<java.util.List<com.zjxu97.costume.vo.StoreVo>> com.zjxu97.costume.controller.StoreController.listStoresByDist(java.lang.Integer)
2019-12-29 23:08:17.696 [main] INFO  o.s.w.s.m.m.a.RequestMappingHandlerMapping - Mapped "{[/api/v1/store/list-stores-by-city],methods=[GET]}" onto public com.baomidou.mybatisplus.extension.api.R<java.util.List<com.zjxu97.costume.vo.StoreVo>> com.zjxu97.costume.controller.StoreController.listStoresByCity(java.lang.Integer)
2019-12-29 23:08:17.696 [main] INFO  o.s.w.s.m.m.a.RequestMappingHandlerMapping - Mapped "{[/api/v1/store/list-stores-by-prov],methods=[GET]}" onto public com.baomidou.mybatisplus.extension.api.R<java.util.List<com.zjxu97.costume.vo.StoreVo>> com.zjxu97.costume.controller.StoreController.listStoresByProv(java.lang.Integer)
2019-12-29 23:08:17.697 [main] INFO  o.s.w.s.m.m.a.RequestMappingHandlerMapping - Mapped "{[/api/v1/store/list-stores-by-area],methods=[GET]}" onto public com.baomidou.mybatisplus.extension.api.R<java.util.List<com.zjxu97.costume.vo.StoreVo>> com.zjxu97.costume.controller.StoreController.listStoresByArea(java.lang.Integer)
2019-12-29 23:08:17.702 [main] INFO  o.s.w.s.m.m.a.RequestMappingHandlerMapping - Mapped "{[/swagger-resources/configuration/security]}" onto public org.springframework.http.ResponseEntity<springfox.documentation.swagger.web.SecurityConfiguration> springfox.documentation.swagger.web.ApiResourceController.securityConfiguration()
2019-12-29 23:08:17.703 [main] INFO  o.s.w.s.m.m.a.RequestMappingHandlerMapping - Mapped "{[/swagger-resources]}" onto public org.springframework.http.ResponseEntity<java.util.List<springfox.documentation.swagger.web.SwaggerResource>> springfox.documentation.swagger.web.ApiResourceController.swaggerResources()
2019-12-29 23:08:17.703 [main] INFO  o.s.w.s.m.m.a.RequestMappingHandlerMapping - Mapped "{[/swagger-resources/configuration/ui]}" onto public org.springframework.http.ResponseEntity<springfox.documentation.swagger.web.UiConfiguration> springfox.documentation.swagger.web.ApiResourceController.uiConfiguration()
2019-12-29 23:08:17.707 [main] INFO  o.s.w.s.m.m.a.RequestMappingHandlerMapping - Mapped "{[/error]}" onto public org.springframework.http.ResponseEntity<java.util.Map<java.lang.String, java.lang.Object>> org.springframework.boot.autoconfigure.web.servlet.error.BasicErrorController.error(javax.servlet.http.HttpServletRequest)
2019-12-29 23:08:17.708 [main] INFO  o.s.w.s.m.m.a.RequestMappingHandlerMapping - Mapped "{[/error],produces=[text/html]}" onto public org.springframework.web.servlet.ModelAndView org.springframework.boot.autoconfigure.web.servlet.error.BasicErrorController.errorHtml(javax.servlet.http.HttpServletRequest,javax.servlet.http.HttpServletResponse)
2019-12-29 23:08:17.806 [main] INFO  s.d.s.w.PropertySourcedRequestMappingHandlerMapping - Mapped URL path [/v2/api-docs] onto method [public org.springframework.http.ResponseEntity<springfox.documentation.spring.web.json.Json> springfox.documentation.swagger2.web.Swagger2Controller.getDocumentation(java.lang.String,javax.servlet.http.HttpServletRequest)]
2019-12-29 23:08:17.853 [main] INFO  o.s.web.servlet.handler.SimpleUrlHandlerMapping - Mapped URL path [/**/favicon.ico] onto handler of type [class org.springframework.web.servlet.resource.ResourceHttpRequestHandler]
2019-12-29 23:08:17.975 [main] INFO  o.s.w.s.m.m.a.RequestMappingHandlerAdapter - Looking for @ControllerAdvice: org.springframework.boot.web.servlet.context.AnnotationConfigServletWebServerApplicationContext@4e08711f: startup date [Sun Dec 29 23:08:15 CST 2019]; root of context hierarchy
2019-12-29 23:08:18.015 [main] INFO  o.s.web.servlet.handler.SimpleUrlHandlerMapping - Mapped URL path [/webjars/**] onto handler of type [class org.springframework.web.servlet.resource.ResourceHttpRequestHandler]
2019-12-29 23:08:18.015 [main] INFO  o.s.web.servlet.handler.SimpleUrlHandlerMapping - Mapped URL path [/**] onto handler of type [class org.springframework.web.servlet.resource.ResourceHttpRequestHandler]
2019-12-29 23:08:18.250 [main] INFO  o.s.jmx.export.annotation.AnnotationMBeanExporter - Registering beans for JMX exposure on startup
2019-12-29 23:08:18.252 [main] INFO  o.s.jmx.export.annotation.AnnotationMBeanExporter - Bean with name 'dataSource' has been autodetected for JMX exposure
2019-12-29 23:08:18.257 [main] INFO  o.s.jmx.export.annotation.AnnotationMBeanExporter - Located MBean 'dataSource': registering with JMX server as MBean [com.zaxxer.hikari:name=dataSource,type=HikariDataSource]
2019-12-29 23:08:18.261 [main] INFO  o.s.context.support.DefaultLifecycleProcessor - Starting beans in phase 2147483647
2019-12-29 23:08:18.261 [main] INFO  s.d.s.web.plugins.DocumentationPluginsBootstrapper - Context refreshed
2019-12-29 23:08:18.278 [main] INFO  s.d.s.web.plugins.DocumentationPluginsBootstrapper - Found 1 custom documentation plugin(s)
2019-12-29 23:08:18.304 [main] INFO  s.d.spring.web.scanners.ApiListingReferenceScanner - Scanning for api listing references
2019-12-29 23:08:18.472 [main] INFO  org.apache.coyote.http11.Http11NioProtocol - Starting ProtocolHandler ["http-nio-8080"]
2019-12-29 23:08:18.488 [main] INFO  org.apache.tomcat.util.net.NioSelectorPool - Using a shared selector for servlet write/read
2019-12-29 23:08:18.497 [main] INFO  o.s.boot.web.embedded.tomcat.TomcatWebServer - Tomcat started on port(s): 8080 (http) with context path ''
2019-12-29 23:08:18.502 [main] INFO  com.zjxu97.costume.CostumeApplication - Started CostumeApplication in 3.856 seconds (JVM running for 4.445)
2019-12-29 23:08:29.388 [http-nio-8080-exec-1] INFO  o.a.c.core.ContainerBase.[Tomcat].[localhost].[/] - Initializing Spring FrameworkServlet 'dispatcherServlet'
2019-12-29 23:08:29.389 [http-nio-8080-exec-1] INFO  org.springframework.web.servlet.DispatcherServlet - FrameworkServlet 'dispatcherServlet': initialization started
2019-12-29 23:08:29.406 [http-nio-8080-exec-1] INFO  org.springframework.web.servlet.DispatcherServlet - FrameworkServlet 'dispatcherServlet': initialization completed in 17 ms
2019-12-29 23:30:22.335 [Thread-9] INFO  o.s.b.w.s.c.AnnotationConfigServletWebServerApplicationContext - Closing org.springframework.boot.web.servlet.context.AnnotationConfigServletWebServerApplicationContext@4e08711f: startup date [Sun Dec 29 23:08:15 CST 2019]; root of context hierarchy
2019-12-29 23:30:22.357 [Thread-9] INFO  o.s.context.support.DefaultLifecycleProcessor - Stopping beans in phase 2147483647
2019-12-29 23:30:22.362 [Thread-9] INFO  o.s.jmx.export.annotation.AnnotationMBeanExporter - Unregistering JMX-exposed beans on shutdown
2019-12-29 23:30:22.363 [Thread-9] INFO  o.s.jmx.export.annotation.AnnotationMBeanExporter - Unregistering JMX-exposed beans
2019-12-29 23:30:22.366 [Thread-9] INFO  com.zaxxer.hikari.HikariDataSource - HikariPool-1 - Shutdown initiated...
2019-12-29 23:30:22.374 [Thread-9] INFO  com.zaxxer.hikari.HikariDataSource - HikariPool-1 - Shutdown completed.
2019-12-29 23:30:59.222 [main] INFO  com.zjxu97.costume.CostumeApplication - Starting CostumeApplication on MBP.local with PID 73287 (/Users/zjxu97/Github/costume-sales-system/target/classes started by zjxu97 in /Users/zjxu97/Github/costume-sales-system)
2019-12-29 23:30:59.224 [main] INFO  com.zjxu97.costume.CostumeApplication - No active profile set, falling back to default profiles: default
2019-12-29 23:30:59.268 [main] INFO  o.s.b.w.s.c.AnnotationConfigServletWebServerApplicationContext - Refreshing org.springframework.boot.web.servlet.context.AnnotationConfigServletWebServerApplicationContext@4e08711f: startup date [Sun Dec 29 23:30:59 CST 2019]; root of context hierarchy
2019-12-29 23:31:01.021 [main] INFO  o.s.c.s.PostProcessorRegistrationDelegate$BeanPostProcessorChecker - Bean 'org.springframework.transaction.annotation.ProxyTransactionManagementConfiguration' of type [org.springframework.transaction.annotation.ProxyTransactionManagementConfiguration$$EnhancerBySpringCGLIB$$c82e845e] is not eligible for getting processed by all BeanPostProcessors (for example: not eligible for auto-proxying)
2019-12-29 23:31:01.350 [main] INFO  o.s.boot.web.embedded.tomcat.TomcatWebServer - Tomcat initialized with port(s): 8080 (http)
2019-12-29 23:31:01.361 [main] INFO  org.apache.coyote.http11.Http11NioProtocol - Initializing ProtocolHandler ["http-nio-8080"]
2019-12-29 23:31:01.369 [main] INFO  org.apache.catalina.core.StandardService - Starting service [Tomcat]
2019-12-29 23:31:01.369 [main] INFO  org.apache.catalina.core.StandardEngine - Starting Servlet Engine: Apache Tomcat/8.5.32
2019-12-29 23:31:01.373 [localhost-startStop-1] INFO  org.apache.catalina.core.AprLifecycleListener - The APR based Apache Tomcat Native library which allows optimal performance in production environments was not found on the java.library.path: [/Users/zjxu97/Library/Java/Extensions:/Library/Java/Extensions:/Network/Library/Java/Extensions:/System/Library/Java/Extensions:/usr/lib/java:.]
2019-12-29 23:31:01.448 [localhost-startStop-1] INFO  o.a.c.core.ContainerBase.[Tomcat].[localhost].[/] - Initializing Spring embedded WebApplicationContext
2019-12-29 23:31:01.448 [localhost-startStop-1] INFO  org.springframework.web.context.ContextLoader - Root WebApplicationContext: initialization completed in 2181 ms
2019-12-29 23:31:01.510 [localhost-startStop-1] INFO  o.s.boot.web.servlet.ServletRegistrationBean - Servlet dispatcherServlet mapped to [/]
2019-12-29 23:31:01.513 [localhost-startStop-1] INFO  o.s.boot.web.servlet.FilterRegistrationBean - Mapping filter: 'characterEncodingFilter' to: [/*]
2019-12-29 23:31:01.514 [localhost-startStop-1] INFO  o.s.boot.web.servlet.FilterRegistrationBean - Mapping filter: 'hiddenHttpMethodFilter' to: [/*]
2019-12-29 23:31:01.514 [localhost-startStop-1] INFO  o.s.boot.web.servlet.FilterRegistrationBean - Mapping filter: 'httpPutFormContentFilter' to: [/*]
2019-12-29 23:31:01.514 [localhost-startStop-1] INFO  o.s.boot.web.servlet.FilterRegistrationBean - Mapping filter: 'requestContextFilter' to: [/*]
2019-12-29 23:31:01.699 [main] INFO  com.zaxxer.hikari.HikariDataSource - HikariPool-1 - Starting...
2019-12-29 23:31:01.987 [main] INFO  com.zaxxer.hikari.HikariDataSource - HikariPool-1 - Start completed.
2019-12-29 23:31:02.767 [main] INFO  o.s.w.s.m.m.a.RequestMappingHandlerMapping - Mapped "{[/api/v1/costume-test/city],methods=[GET]}" onto public com.baomidou.mybatisplus.extension.api.R<java.lang.Integer> com.zjxu97.costume.controller.HelloController.listCourse()
2019-12-29 23:31:02.769 [main] INFO  o.s.w.s.m.m.a.RequestMappingHandlerMapping - Mapped "{[/api/v1/location/list-areas],methods=[GET]}" onto public com.baomidou.mybatisplus.extension.api.R<java.util.List<com.zjxu97.costume.vo.AreaVo>> com.zjxu97.costume.controller.LocationController.listArea()
2019-12-29 23:31:02.771 [main] INFO  o.s.w.s.m.m.a.RequestMappingHandlerMapping - Mapped "{[/api/v1/location/list-provs-by-area],methods=[GET]}" onto public com.baomidou.mybatisplus.extension.api.R<java.util.List<com.zjxu97.costume.vo.ProvinceVo>> com.zjxu97.costume.controller.LocationController.listProvsByArea(java.lang.Integer)
2019-12-29 23:31:02.772 [main] INFO  o.s.w.s.m.m.a.RequestMappingHandlerMapping - Mapped "{[/api/v1/location/list-citys-by-prov],methods=[GET]}" onto public com.baomidou.mybatisplus.extension.api.R<java.util.List<com.zjxu97.costume.vo.CityVo>> com.zjxu97.costume.controller.LocationController.listCitysByProv(java.lang.Integer)
2019-12-29 23:31:02.773 [main] INFO  o.s.w.s.m.m.a.RequestMappingHandlerMapping - Mapped "{[/api/v1/location/list-dists-by-city],methods=[GET]}" onto public com.baomidou.mybatisplus.extension.api.R<java.util.List<com.zjxu97.costume.vo.DistrictVo>> com.zjxu97.costume.controller.LocationController.listDistsByCity(java.lang.Integer)
2019-12-29 23:31:02.773 [main] INFO  o.s.w.s.m.m.a.RequestMappingHandlerMapping - Mapped "{[/api/v1/location/get-city-by-dist],methods=[GET]}" onto public com.baomidou.mybatisplus.extension.api.R<com.zjxu97.costume.vo.CityVo> com.zjxu97.costume.controller.LocationController.getCityByDist(java.lang.Integer)
2019-12-29 23:31:02.774 [main] INFO  o.s.w.s.m.m.a.RequestMappingHandlerMapping - Mapped "{[/api/v1/location/get-prov-by-city],methods=[GET]}" onto public com.baomidou.mybatisplus.extension.api.R<com.zjxu97.costume.vo.ProvinceVo> com.zjxu97.costume.controller.LocationController.getProvByCity(java.lang.Integer)
2019-12-29 23:31:02.775 [main] INFO  o.s.w.s.m.m.a.RequestMappingHandlerMapping - Mapped "{[/api/v1/location/get-area-by-prov],methods=[GET]}" onto public com.baomidou.mybatisplus.extension.api.R<com.zjxu97.costume.vo.AreaVo> com.zjxu97.costume.controller.LocationController.getAreaByProv(java.lang.Integer)
2019-12-29 23:31:02.778 [main] INFO  o.s.w.s.m.m.a.RequestMappingHandlerMapping - Mapped "{[/api/v1/store/list-stores-by-district],methods=[GET]}" onto public com.baomidou.mybatisplus.extension.api.R<java.util.List<com.zjxu97.costume.vo.StoreVo>> com.zjxu97.costume.controller.StoreController.listStoresByDist(java.lang.Integer)
2019-12-29 23:31:02.779 [main] INFO  o.s.w.s.m.m.a.RequestMappingHandlerMapping - Mapped "{[/api/v1/store/list-stores-by-city],methods=[GET]}" onto public com.baomidou.mybatisplus.extension.api.R<java.util.List<com.zjxu97.costume.vo.StoreVo>> com.zjxu97.costume.controller.StoreController.listStoresByCity(java.lang.Integer)
2019-12-29 23:31:02.779 [main] INFO  o.s.w.s.m.m.a.RequestMappingHandlerMapping - Mapped "{[/api/v1/store/list-stores-by-prov],methods=[GET]}" onto public com.baomidou.mybatisplus.extension.api.R<java.util.List<com.zjxu97.costume.vo.StoreVo>> com.zjxu97.costume.controller.StoreController.listStoresByProv(java.lang.Integer)
2019-12-29 23:31:02.779 [main] INFO  o.s.w.s.m.m.a.RequestMappingHandlerMapping - Mapped "{[/api/v1/store/list-stores-by-area],methods=[GET]}" onto public com.baomidou.mybatisplus.extension.api.R<java.util.List<com.zjxu97.costume.vo.StoreVo>> com.zjxu97.costume.controller.StoreController.listStoresByArea(java.lang.Integer)
2019-12-29 23:31:02.780 [main] INFO  o.s.w.s.m.m.a.RequestMappingHandlerMapping - Mapped "{[/api/v1/store/add-store],methods=[POST]}" onto public com.baomidou.mybatisplus.extension.api.R<java.lang.String> com.zjxu97.costume.controller.StoreController.addStore(com.zjxu97.costume.param.StoreParam)
2019-12-29 23:31:02.780 [main] INFO  o.s.w.s.m.m.a.RequestMappingHandlerMapping - Mapped "{[/api/v1/store/del-store],methods=[GET]}" onto public com.baomidou.mybatisplus.extension.api.R<java.lang.String> com.zjxu97.costume.controller.StoreController.delStore(java.lang.Integer)
2019-12-29 23:31:02.783 [main] INFO  com.zaxxer.hikari.HikariDataSource - HikariPool-1 - Shutdown initiated...
2019-12-29 23:31:02.787 [main] INFO  com.zaxxer.hikari.HikariDataSource - HikariPool-1 - Shutdown completed.
2019-12-29 23:31:02.789 [main] INFO  org.apache.catalina.core.StandardService - Stopping service [Tomcat]
2019-12-29 23:31:02.799 [main] INFO  o.s.b.a.l.ConditionEvaluationReportLoggingListener - 

Error starting ApplicationContext. To display the conditions report re-run your application with 'debug' enabled.
2019-12-29 23:31:39.162 [main] INFO  com.zjxu97.costume.CostumeApplication - Starting CostumeApplication on MBP.local with PID 73298 (/Users/zjxu97/Github/costume-sales-system/target/classes started by zjxu97 in /Users/zjxu97/Github/costume-sales-system)
2019-12-29 23:31:39.165 [main] INFO  com.zjxu97.costume.CostumeApplication - No active profile set, falling back to default profiles: default
2019-12-29 23:31:39.214 [main] INFO  o.s.b.w.s.c.AnnotationConfigServletWebServerApplicationContext - Refreshing org.springframework.boot.web.servlet.context.AnnotationConfigServletWebServerApplicationContext@bcec361: startup date [Sun Dec 29 23:31:39 CST 2019]; root of context hierarchy
2019-12-29 23:31:40.328 [main] INFO  o.s.c.s.PostProcessorRegistrationDelegate$BeanPostProcessorChecker - Bean 'org.springframework.transaction.annotation.ProxyTransactionManagementConfiguration' of type [org.springframework.transaction.annotation.ProxyTransactionManagementConfiguration$$EnhancerBySpringCGLIB$$3de14ad3] is not eligible for getting processed by all BeanPostProcessors (for example: not eligible for auto-proxying)
2019-12-29 23:31:40.571 [main] INFO  o.s.boot.web.embedded.tomcat.TomcatWebServer - Tomcat initialized with port(s): 8080 (http)
2019-12-29 23:31:40.581 [main] INFO  org.apache.coyote.http11.Http11NioProtocol - Initializing ProtocolHandler ["http-nio-8080"]
2019-12-29 23:31:40.589 [main] INFO  org.apache.catalina.core.StandardService - Starting service [Tomcat]
2019-12-29 23:31:40.589 [main] INFO  org.apache.catalina.core.StandardEngine - Starting Servlet Engine: Apache Tomcat/8.5.32
2019-12-29 23:31:40.592 [localhost-startStop-1] INFO  org.apache.catalina.core.AprLifecycleListener - The APR based Apache Tomcat Native library which allows optimal performance in production environments was not found on the java.library.path: [/Users/zjxu97/Library/Java/Extensions:/Library/Java/Extensions:/Network/Library/Java/Extensions:/System/Library/Java/Extensions:/usr/lib/java:.]
2019-12-29 23:31:40.654 [localhost-startStop-1] INFO  o.a.c.core.ContainerBase.[Tomcat].[localhost].[/] - Initializing Spring embedded WebApplicationContext
2019-12-29 23:31:40.654 [localhost-startStop-1] INFO  org.springframework.web.context.ContextLoader - Root WebApplicationContext: initialization completed in 1440 ms
2019-12-29 23:31:40.702 [localhost-startStop-1] INFO  o.s.boot.web.servlet.ServletRegistrationBean - Servlet dispatcherServlet mapped to [/]
2019-12-29 23:31:40.705 [localhost-startStop-1] INFO  o.s.boot.web.servlet.FilterRegistrationBean - Mapping filter: 'characterEncodingFilter' to: [/*]
2019-12-29 23:31:40.706 [localhost-startStop-1] INFO  o.s.boot.web.servlet.FilterRegistrationBean - Mapping filter: 'hiddenHttpMethodFilter' to: [/*]
2019-12-29 23:31:40.706 [localhost-startStop-1] INFO  o.s.boot.web.servlet.FilterRegistrationBean - Mapping filter: 'httpPutFormContentFilter' to: [/*]
2019-12-29 23:31:40.706 [localhost-startStop-1] INFO  o.s.boot.web.servlet.FilterRegistrationBean - Mapping filter: 'requestContextFilter' to: [/*]
2019-12-29 23:31:40.869 [main] INFO  com.zaxxer.hikari.HikariDataSource - HikariPool-1 - Starting...
2019-12-29 23:31:41.095 [main] INFO  com.zaxxer.hikari.HikariDataSource - HikariPool-1 - Start completed.
2019-12-29 23:31:41.758 [main] INFO  o.s.w.s.m.m.a.RequestMappingHandlerMapping - Mapped "{[/api/v1/costume-test/city],methods=[GET]}" onto public com.baomidou.mybatisplus.extension.api.R<java.lang.Integer> com.zjxu97.costume.controller.HelloController.listCourse()
2019-12-29 23:31:41.761 [main] INFO  o.s.w.s.m.m.a.RequestMappingHandlerMapping - Mapped "{[/api/v1/location/list-areas],methods=[GET]}" onto public com.baomidou.mybatisplus.extension.api.R<java.util.List<com.zjxu97.costume.vo.AreaVo>> com.zjxu97.costume.controller.LocationController.listArea()
2019-12-29 23:31:41.762 [main] INFO  o.s.w.s.m.m.a.RequestMappingHandlerMapping - Mapped "{[/api/v1/location/list-provs-by-area],methods=[GET]}" onto public com.baomidou.mybatisplus.extension.api.R<java.util.List<com.zjxu97.costume.vo.ProvinceVo>> com.zjxu97.costume.controller.LocationController.listProvsByArea(java.lang.Integer)
2019-12-29 23:31:41.762 [main] INFO  o.s.w.s.m.m.a.RequestMappingHandlerMapping - Mapped "{[/api/v1/location/list-citys-by-prov],methods=[GET]}" onto public com.baomidou.mybatisplus.extension.api.R<java.util.List<com.zjxu97.costume.vo.CityVo>> com.zjxu97.costume.controller.LocationController.listCitysByProv(java.lang.Integer)
2019-12-29 23:31:41.763 [main] INFO  o.s.w.s.m.m.a.RequestMappingHandlerMapping - Mapped "{[/api/v1/location/list-dists-by-city],methods=[GET]}" onto public com.baomidou.mybatisplus.extension.api.R<java.util.List<com.zjxu97.costume.vo.DistrictVo>> com.zjxu97.costume.controller.LocationController.listDistsByCity(java.lang.Integer)
2019-12-29 23:31:41.763 [main] INFO  o.s.w.s.m.m.a.RequestMappingHandlerMapping - Mapped "{[/api/v1/location/get-city-by-dist],methods=[GET]}" onto public com.baomidou.mybatisplus.extension.api.R<com.zjxu97.costume.vo.CityVo> com.zjxu97.costume.controller.LocationController.getCityByDist(java.lang.Integer)
2019-12-29 23:31:41.763 [main] INFO  o.s.w.s.m.m.a.RequestMappingHandlerMapping - Mapped "{[/api/v1/location/get-prov-by-city],methods=[GET]}" onto public com.baomidou.mybatisplus.extension.api.R<com.zjxu97.costume.vo.ProvinceVo> com.zjxu97.costume.controller.LocationController.getProvByCity(java.lang.Integer)
2019-12-29 23:31:41.764 [main] INFO  o.s.w.s.m.m.a.RequestMappingHandlerMapping - Mapped "{[/api/v1/location/get-area-by-prov],methods=[GET]}" onto public com.baomidou.mybatisplus.extension.api.R<com.zjxu97.costume.vo.AreaVo> com.zjxu97.costume.controller.LocationController.getAreaByProv(java.lang.Integer)
2019-12-29 23:31:41.766 [main] INFO  o.s.w.s.m.m.a.RequestMappingHandlerMapping - Mapped "{[/api/v1/store/list-stores-by-district],methods=[GET]}" onto public com.baomidou.mybatisplus.extension.api.R<java.util.List<com.zjxu97.costume.vo.StoreVo>> com.zjxu97.costume.controller.StoreController.listStoresByDist(java.lang.Integer)
2019-12-29 23:31:41.766 [main] INFO  o.s.w.s.m.m.a.RequestMappingHandlerMapping - Mapped "{[/api/v1/store/list-stores-by-city],methods=[GET]}" onto public com.baomidou.mybatisplus.extension.api.R<java.util.List<com.zjxu97.costume.vo.StoreVo>> com.zjxu97.costume.controller.StoreController.listStoresByCity(java.lang.Integer)
2019-12-29 23:31:41.767 [main] INFO  o.s.w.s.m.m.a.RequestMappingHandlerMapping - Mapped "{[/api/v1/store/list-stores-by-prov],methods=[GET]}" onto public com.baomidou.mybatisplus.extension.api.R<java.util.List<com.zjxu97.costume.vo.StoreVo>> com.zjxu97.costume.controller.StoreController.listStoresByProv(java.lang.Integer)
2019-12-29 23:31:41.767 [main] INFO  o.s.w.s.m.m.a.RequestMappingHandlerMapping - Mapped "{[/api/v1/store/list-stores-by-area],methods=[GET]}" onto public com.baomidou.mybatisplus.extension.api.R<java.util.List<com.zjxu97.costume.vo.StoreVo>> com.zjxu97.costume.controller.StoreController.listStoresByArea(java.lang.Integer)
2019-12-29 23:31:41.767 [main] INFO  o.s.w.s.m.m.a.RequestMappingHandlerMapping - Mapped "{[/api/v1/store/add-store],methods=[POST]}" onto public com.baomidou.mybatisplus.extension.api.R<java.lang.String> com.zjxu97.costume.controller.StoreController.addStore(com.zjxu97.costume.param.StoreParam)
2019-12-29 23:31:41.768 [main] INFO  o.s.w.s.m.m.a.RequestMappingHandlerMapping - Mapped "{[/api/v1/store/del-store],methods=[GET]}" onto public com.baomidou.mybatisplus.extension.api.R<java.lang.String> com.zjxu97.costume.controller.StoreController.delStore(java.lang.Integer)
2019-12-29 23:31:41.768 [main] INFO  o.s.w.s.m.m.a.RequestMappingHandlerMapping - Mapped "{[/api/v1/store/upd-store],methods=[POST]}" onto public com.baomidou.mybatisplus.extension.api.R<java.lang.String> com.zjxu97.costume.controller.StoreController.updStore(com.zjxu97.costume.param.StoreParam)
2019-12-29 23:31:41.769 [main] INFO  o.s.w.s.m.m.a.RequestMappingHandlerMapping - Mapped "{[/api/v1/store/search-stores],methods=[GET]}" onto public com.baomidou.mybatisplus.extension.api.R<java.util.List<com.zjxu97.costume.vo.StoreVo>> com.zjxu97.costume.controller.StoreController.searchStores(java.lang.String)
2019-12-29 23:31:41.773 [main] INFO  o.s.w.s.m.m.a.RequestMappingHandlerMapping - Mapped "{[/swagger-resources/configuration/security]}" onto public org.springframework.http.ResponseEntity<springfox.documentation.swagger.web.SecurityConfiguration> springfox.documentation.swagger.web.ApiResourceController.securityConfiguration()
2019-12-29 23:31:41.774 [main] INFO  o.s.w.s.m.m.a.RequestMappingHandlerMapping - Mapped "{[/swagger-resources]}" onto public org.springframework.http.ResponseEntity<java.util.List<springfox.documentation.swagger.web.SwaggerResource>> springfox.documentation.swagger.web.ApiResourceController.swaggerResources()
2019-12-29 23:31:41.774 [main] INFO  o.s.w.s.m.m.a.RequestMappingHandlerMapping - Mapped "{[/swagger-resources/configuration/ui]}" onto public org.springframework.http.ResponseEntity<springfox.documentation.swagger.web.UiConfiguration> springfox.documentation.swagger.web.ApiResourceController.uiConfiguration()
2019-12-29 23:31:41.777 [main] INFO  o.s.w.s.m.m.a.RequestMappingHandlerMapping - Mapped "{[/error]}" onto public org.springframework.http.ResponseEntity<java.util.Map<java.lang.String, java.lang.Object>> org.springframework.boot.autoconfigure.web.servlet.error.BasicErrorController.error(javax.servlet.http.HttpServletRequest)
2019-12-29 23:31:41.777 [main] INFO  o.s.w.s.m.m.a.RequestMappingHandlerMapping - Mapped "{[/error],produces=[text/html]}" onto public org.springframework.web.servlet.ModelAndView org.springframework.boot.autoconfigure.web.servlet.error.BasicErrorController.errorHtml(javax.servlet.http.HttpServletRequest,javax.servlet.http.HttpServletResponse)
2019-12-29 23:31:41.862 [main] INFO  s.d.s.w.PropertySourcedRequestMappingHandlerMapping - Mapped URL path [/v2/api-docs] onto method [public org.springframework.http.ResponseEntity<springfox.documentation.spring.web.json.Json> springfox.documentation.swagger2.web.Swagger2Controller.getDocumentation(java.lang.String,javax.servlet.http.HttpServletRequest)]
2019-12-29 23:31:41.903 [main] INFO  o.s.web.servlet.handler.SimpleUrlHandlerMapping - Mapped URL path [/**/favicon.ico] onto handler of type [class org.springframework.web.servlet.resource.ResourceHttpRequestHandler]
2019-12-29 23:31:42.005 [main] INFO  o.s.w.s.m.m.a.RequestMappingHandlerAdapter - Looking for @ControllerAdvice: org.springframework.boot.web.servlet.context.AnnotationConfigServletWebServerApplicationContext@bcec361: startup date [Sun Dec 29 23:31:39 CST 2019]; root of context hierarchy
2019-12-29 23:31:42.039 [main] INFO  o.s.web.servlet.handler.SimpleUrlHandlerMapping - Mapped URL path [/webjars/**] onto handler of type [class org.springframework.web.servlet.resource.ResourceHttpRequestHandler]
2019-12-29 23:31:42.039 [main] INFO  o.s.web.servlet.handler.SimpleUrlHandlerMapping - Mapped URL path [/**] onto handler of type [class org.springframework.web.servlet.resource.ResourceHttpRequestHandler]
2019-12-29 23:31:42.302 [main] INFO  o.s.jmx.export.annotation.AnnotationMBeanExporter - Registering beans for JMX exposure on startup
2019-12-29 23:31:42.304 [main] INFO  o.s.jmx.export.annotation.AnnotationMBeanExporter - Bean with name 'dataSource' has been autodetected for JMX exposure
2019-12-29 23:31:42.309 [main] INFO  o.s.jmx.export.annotation.AnnotationMBeanExporter - Located MBean 'dataSource': registering with JMX server as MBean [com.zaxxer.hikari:name=dataSource,type=HikariDataSource]
2019-12-29 23:31:42.312 [main] INFO  o.s.context.support.DefaultLifecycleProcessor - Starting beans in phase 2147483647
2019-12-29 23:31:42.312 [main] INFO  s.d.s.web.plugins.DocumentationPluginsBootstrapper - Context refreshed
2019-12-29 23:31:42.331 [main] INFO  s.d.s.web.plugins.DocumentationPluginsBootstrapper - Found 1 custom documentation plugin(s)
2019-12-29 23:31:42.357 [main] INFO  s.d.spring.web.scanners.ApiListingReferenceScanner - Scanning for api listing references
2019-12-29 23:31:42.520 [main] INFO  org.apache.coyote.http11.Http11NioProtocol - Starting ProtocolHandler ["http-nio-8080"]
2019-12-29 23:31:42.536 [main] INFO  org.apache.tomcat.util.net.NioSelectorPool - Using a shared selector for servlet write/read
2019-12-29 23:31:42.547 [main] INFO  o.s.boot.web.embedded.tomcat.TomcatWebServer - Tomcat started on port(s): 8080 (http) with context path ''
2019-12-29 23:31:42.551 [main] INFO  com.zjxu97.costume.CostumeApplication - Started CostumeApplication in 3.786 seconds (JVM running for 4.234)
2019-12-29 23:31:47.425 [http-nio-8080-exec-1] INFO  o.a.c.core.ContainerBase.[Tomcat].[localhost].[/] - Initializing Spring FrameworkServlet 'dispatcherServlet'
2019-12-29 23:31:47.426 [http-nio-8080-exec-1] INFO  org.springframework.web.servlet.DispatcherServlet - FrameworkServlet 'dispatcherServlet': initialization started
2019-12-29 23:31:47.448 [http-nio-8080-exec-1] INFO  org.springframework.web.servlet.DispatcherServlet - FrameworkServlet 'dispatcherServlet': initialization completed in 22 ms
2019-12-29 23:45:24.598 [Thread-9] INFO  o.s.b.w.s.c.AnnotationConfigServletWebServerApplicationContext - Closing org.springframework.boot.web.servlet.context.AnnotationConfigServletWebServerApplicationContext@bcec361: startup date [Sun Dec 29 23:31:39 CST 2019]; root of context hierarchy
2019-12-29 23:45:24.636 [Thread-9] INFO  o.s.context.support.DefaultLifecycleProcessor - Stopping beans in phase 2147483647
2019-12-29 23:45:24.640 [Thread-9] INFO  o.s.jmx.export.annotation.AnnotationMBeanExporter - Unregistering JMX-exposed beans on shutdown
2019-12-29 23:45:24.641 [Thread-9] INFO  o.s.jmx.export.annotation.AnnotationMBeanExporter - Unregistering JMX-exposed beans
2019-12-29 23:45:24.647 [Thread-9] INFO  com.zaxxer.hikari.HikariDataSource - HikariPool-1 - Shutdown initiated...
2019-12-29 23:45:24.658 [Thread-9] INFO  com.zaxxer.hikari.HikariDataSource - HikariPool-1 - Shutdown completed.
2019-12-29 23:45:29.348 [main] INFO  com.zjxu97.costume.CostumeApplication - Starting CostumeApplication on MBP.local with PID 73346 (/Users/zjxu97/Github/costume-sales-system/target/classes started by zjxu97 in /Users/zjxu97/Github/costume-sales-system)
2019-12-29 23:45:29.350 [main] INFO  com.zjxu97.costume.CostumeApplication - No active profile set, falling back to default profiles: default
2019-12-29 23:45:29.386 [main] INFO  o.s.b.w.s.c.AnnotationConfigServletWebServerApplicationContext - Refreshing org.springframework.boot.web.servlet.context.AnnotationConfigServletWebServerApplicationContext@4e08711f: startup date [Sun Dec 29 23:45:29 CST 2019]; root of context hierarchy
2019-12-29 23:45:30.345 [main] INFO  o.s.c.s.PostProcessorRegistrationDelegate$BeanPostProcessorChecker - Bean 'org.springframework.transaction.annotation.ProxyTransactionManagementConfiguration' of type [org.springframework.transaction.annotation.ProxyTransactionManagementConfiguration$$EnhancerBySpringCGLIB$$85f798ce] is not eligible for getting processed by all BeanPostProcessors (for example: not eligible for auto-proxying)
2019-12-29 23:45:30.678 [main] INFO  o.s.boot.web.embedded.tomcat.TomcatWebServer - Tomcat initialized with port(s): 8080 (http)
2019-12-29 23:45:30.690 [main] INFO  org.apache.coyote.http11.Http11NioProtocol - Initializing ProtocolHandler ["http-nio-8080"]
2019-12-29 23:45:30.697 [main] INFO  org.apache.catalina.core.StandardService - Starting service [Tomcat]
2019-12-29 23:45:30.698 [main] INFO  org.apache.catalina.core.StandardEngine - Starting Servlet Engine: Apache Tomcat/8.5.32
2019-12-29 23:45:30.701 [localhost-startStop-1] INFO  org.apache.catalina.core.AprLifecycleListener - The APR based Apache Tomcat Native library which allows optimal performance in production environments was not found on the java.library.path: [/Users/zjxu97/Library/Java/Extensions:/Library/Java/Extensions:/Network/Library/Java/Extensions:/System/Library/Java/Extensions:/usr/lib/java:.]
2019-12-29 23:45:30.764 [localhost-startStop-1] INFO  o.a.c.core.ContainerBase.[Tomcat].[localhost].[/] - Initializing Spring embedded WebApplicationContext
2019-12-29 23:45:30.765 [localhost-startStop-1] INFO  org.springframework.web.context.ContextLoader - Root WebApplicationContext: initialization completed in 1379 ms
2019-12-29 23:45:30.811 [localhost-startStop-1] INFO  o.s.boot.web.servlet.ServletRegistrationBean - Servlet dispatcherServlet mapped to [/]
2019-12-29 23:45:30.814 [localhost-startStop-1] INFO  o.s.boot.web.servlet.FilterRegistrationBean - Mapping filter: 'characterEncodingFilter' to: [/*]
2019-12-29 23:45:30.814 [localhost-startStop-1] INFO  o.s.boot.web.servlet.FilterRegistrationBean - Mapping filter: 'hiddenHttpMethodFilter' to: [/*]
2019-12-29 23:45:30.814 [localhost-startStop-1] INFO  o.s.boot.web.servlet.FilterRegistrationBean - Mapping filter: 'httpPutFormContentFilter' to: [/*]
2019-12-29 23:45:30.814 [localhost-startStop-1] INFO  o.s.boot.web.servlet.FilterRegistrationBean - Mapping filter: 'requestContextFilter' to: [/*]
2019-12-29 23:45:30.972 [main] INFO  com.zaxxer.hikari.HikariDataSource - HikariPool-1 - Starting...
2019-12-29 23:45:31.209 [main] INFO  com.zaxxer.hikari.HikariDataSource - HikariPool-1 - Start completed.
2019-12-29 23:45:31.927 [main] INFO  o.s.w.s.m.m.a.RequestMappingHandlerMapping - Mapped "{[/api/v1/costume-test/city],methods=[GET]}" onto public com.baomidou.mybatisplus.extension.api.R<java.lang.Integer> com.zjxu97.costume.controller.HelloController.listCourse()
2019-12-29 23:45:31.930 [main] INFO  o.s.w.s.m.m.a.RequestMappingHandlerMapping - Mapped "{[/api/v1/location/list-areas],methods=[GET]}" onto public com.baomidou.mybatisplus.extension.api.R<java.util.List<com.zjxu97.costume.vo.AreaVo>> com.zjxu97.costume.controller.LocationController.listArea()
2019-12-29 23:45:31.931 [main] INFO  o.s.w.s.m.m.a.RequestMappingHandlerMapping - Mapped "{[/api/v1/location/list-provs-by-area],methods=[GET]}" onto public com.baomidou.mybatisplus.extension.api.R<java.util.List<com.zjxu97.costume.vo.ProvinceVo>> com.zjxu97.costume.controller.LocationController.listProvsByArea(java.lang.Integer)
2019-12-29 23:45:31.931 [main] INFO  o.s.w.s.m.m.a.RequestMappingHandlerMapping - Mapped "{[/api/v1/location/list-citys-by-prov],methods=[GET]}" onto public com.baomidou.mybatisplus.extension.api.R<java.util.List<com.zjxu97.costume.vo.CityVo>> com.zjxu97.costume.controller.LocationController.listCitysByProv(java.lang.Integer)
2019-12-29 23:45:31.932 [main] INFO  o.s.w.s.m.m.a.RequestMappingHandlerMapping - Mapped "{[/api/v1/location/list-dists-by-city],methods=[GET]}" onto public com.baomidou.mybatisplus.extension.api.R<java.util.List<com.zjxu97.costume.vo.DistrictVo>> com.zjxu97.costume.controller.LocationController.listDistsByCity(java.lang.Integer)
2019-12-29 23:45:31.932 [main] INFO  o.s.w.s.m.m.a.RequestMappingHandlerMapping - Mapped "{[/api/v1/location/get-city-by-dist],methods=[GET]}" onto public com.baomidou.mybatisplus.extension.api.R<com.zjxu97.costume.vo.CityVo> com.zjxu97.costume.controller.LocationController.getCityByDist(java.lang.Integer)
2019-12-29 23:45:31.932 [main] INFO  o.s.w.s.m.m.a.RequestMappingHandlerMapping - Mapped "{[/api/v1/location/get-prov-by-city],methods=[GET]}" onto public com.baomidou.mybatisplus.extension.api.R<com.zjxu97.costume.vo.ProvinceVo> com.zjxu97.costume.controller.LocationController.getProvByCity(java.lang.Integer)
2019-12-29 23:45:31.933 [main] INFO  o.s.w.s.m.m.a.RequestMappingHandlerMapping - Mapped "{[/api/v1/location/get-area-by-prov],methods=[GET]}" onto public com.baomidou.mybatisplus.extension.api.R<com.zjxu97.costume.vo.AreaVo> com.zjxu97.costume.controller.LocationController.getAreaByProv(java.lang.Integer)
2019-12-29 23:45:31.935 [main] INFO  o.s.w.s.m.m.a.RequestMappingHandlerMapping - Mapped "{[/api/v1/store/upd-store],methods=[POST]}" onto public com.baomidou.mybatisplus.extension.api.R<java.lang.String> com.zjxu97.costume.controller.StoreController.updStore(com.zjxu97.costume.param.StoreParam)
2019-12-29 23:45:31.935 [main] INFO  o.s.w.s.m.m.a.RequestMappingHandlerMapping - Mapped "{[/api/v1/store/del-store],methods=[GET]}" onto public com.baomidou.mybatisplus.extension.api.R<java.lang.String> com.zjxu97.costume.controller.StoreController.delStore(java.lang.Integer)
2019-12-29 23:45:31.935 [main] INFO  o.s.w.s.m.m.a.RequestMappingHandlerMapping - Mapped "{[/api/v1/store/add-store],methods=[POST]}" onto public com.baomidou.mybatisplus.extension.api.R<java.lang.String> com.zjxu97.costume.controller.StoreController.addStore(com.zjxu97.costume.param.StoreParam)
2019-12-29 23:45:31.936 [main] INFO  o.s.w.s.m.m.a.RequestMappingHandlerMapping - Mapped "{[/api/v1/store/list-stores-by-district],methods=[GET]}" onto public com.baomidou.mybatisplus.extension.api.R<java.util.List<com.zjxu97.costume.vo.StoreVo>> com.zjxu97.costume.controller.StoreController.listStoresByDist(java.lang.Integer)
2019-12-29 23:45:31.936 [main] INFO  o.s.w.s.m.m.a.RequestMappingHandlerMapping - Mapped "{[/api/v1/store/list-stores-by-city],methods=[GET]}" onto public com.baomidou.mybatisplus.extension.api.R<java.util.List<com.zjxu97.costume.vo.StoreVo>> com.zjxu97.costume.controller.StoreController.listStoresByCity(java.lang.Integer)
2019-12-29 23:45:31.937 [main] INFO  o.s.w.s.m.m.a.RequestMappingHandlerMapping - Mapped "{[/api/v1/store/list-stores-by-prov],methods=[GET]}" onto public com.baomidou.mybatisplus.extension.api.R<java.util.List<com.zjxu97.costume.vo.StoreVo>> com.zjxu97.costume.controller.StoreController.listStoresByProv(java.lang.Integer)
2019-12-29 23:45:31.937 [main] INFO  o.s.w.s.m.m.a.RequestMappingHandlerMapping - Mapped "{[/api/v1/store/list-stores-by-area],methods=[GET]}" onto public com.baomidou.mybatisplus.extension.api.R<java.util.List<com.zjxu97.costume.vo.StoreVo>> com.zjxu97.costume.controller.StoreController.listStoresByArea(java.lang.Integer)
2019-12-29 23:45:31.937 [main] INFO  o.s.w.s.m.m.a.RequestMappingHandlerMapping - Mapped "{[/api/v1/store/search-stores],methods=[GET]}" onto public com.baomidou.mybatisplus.extension.api.R<java.util.List<com.zjxu97.costume.vo.StoreVo>> com.zjxu97.costume.controller.StoreController.searchStores(java.lang.String)
2019-12-29 23:45:31.941 [main] INFO  o.s.w.s.m.m.a.RequestMappingHandlerMapping - Mapped "{[/swagger-resources/configuration/security]}" onto public org.springframework.http.ResponseEntity<springfox.documentation.swagger.web.SecurityConfiguration> springfox.documentation.swagger.web.ApiResourceController.securityConfiguration()
2019-12-29 23:45:31.941 [main] INFO  o.s.w.s.m.m.a.RequestMappingHandlerMapping - Mapped "{[/swagger-resources]}" onto public org.springframework.http.ResponseEntity<java.util.List<springfox.documentation.swagger.web.SwaggerResource>> springfox.documentation.swagger.web.ApiResourceController.swaggerResources()
2019-12-29 23:45:31.942 [main] INFO  o.s.w.s.m.m.a.RequestMappingHandlerMapping - Mapped "{[/swagger-resources/configuration/ui]}" onto public org.springframework.http.ResponseEntity<springfox.documentation.swagger.web.UiConfiguration> springfox.documentation.swagger.web.ApiResourceController.uiConfiguration()
2019-12-29 23:45:31.945 [main] INFO  o.s.w.s.m.m.a.RequestMappingHandlerMapping - Mapped "{[/error]}" onto public org.springframework.http.ResponseEntity<java.util.Map<java.lang.String, java.lang.Object>> org.springframework.boot.autoconfigure.web.servlet.error.BasicErrorController.error(javax.servlet.http.HttpServletRequest)
2019-12-29 23:45:31.945 [main] INFO  o.s.w.s.m.m.a.RequestMappingHandlerMapping - Mapped "{[/error],produces=[text/html]}" onto public org.springframework.web.servlet.ModelAndView org.springframework.boot.autoconfigure.web.servlet.error.BasicErrorController.errorHtml(javax.servlet.http.HttpServletRequest,javax.servlet.http.HttpServletResponse)
2019-12-29 23:45:32.085 [main] INFO  s.d.s.w.PropertySourcedRequestMappingHandlerMapping - Mapped URL path [/v2/api-docs] onto method [public org.springframework.http.ResponseEntity<springfox.documentation.spring.web.json.Json> springfox.documentation.swagger2.web.Swagger2Controller.getDocumentation(java.lang.String,javax.servlet.http.HttpServletRequest)]
2019-12-29 23:45:32.163 [main] INFO  o.s.web.servlet.handler.SimpleUrlHandlerMapping - Mapped URL path [/**/favicon.ico] onto handler of type [class org.springframework.web.servlet.resource.ResourceHttpRequestHandler]
2019-12-29 23:45:32.283 [main] INFO  o.s.w.s.m.m.a.RequestMappingHandlerAdapter - Looking for @ControllerAdvice: org.springframework.boot.web.servlet.context.AnnotationConfigServletWebServerApplicationContext@4e08711f: startup date [Sun Dec 29 23:45:29 CST 2019]; root of context hierarchy
2019-12-29 23:45:32.315 [main] INFO  o.s.web.servlet.handler.SimpleUrlHandlerMapping - Mapped URL path [/webjars/**] onto handler of type [class org.springframework.web.servlet.resource.ResourceHttpRequestHandler]
2019-12-29 23:45:32.316 [main] INFO  o.s.web.servlet.handler.SimpleUrlHandlerMapping - Mapped URL path [/**] onto handler of type [class org.springframework.web.servlet.resource.ResourceHttpRequestHandler]
2019-12-29 23:45:32.546 [main] INFO  o.s.jmx.export.annotation.AnnotationMBeanExporter - Registering beans for JMX exposure on startup
2019-12-29 23:45:32.548 [main] INFO  o.s.jmx.export.annotation.AnnotationMBeanExporter - Bean with name 'dataSource' has been autodetected for JMX exposure
2019-12-29 23:45:32.552 [main] INFO  o.s.jmx.export.annotation.AnnotationMBeanExporter - Located MBean 'dataSource': registering with JMX server as MBean [com.zaxxer.hikari:name=dataSource,type=HikariDataSource]
2019-12-29 23:45:32.557 [main] INFO  o.s.context.support.DefaultLifecycleProcessor - Starting beans in phase 2147483647
2019-12-29 23:45:32.557 [main] INFO  s.d.s.web.plugins.DocumentationPluginsBootstrapper - Context refreshed
2019-12-29 23:45:32.570 [main] INFO  s.d.s.web.plugins.DocumentationPluginsBootstrapper - Found 1 custom documentation plugin(s)
2019-12-29 23:45:32.597 [main] INFO  s.d.spring.web.scanners.ApiListingReferenceScanner - Scanning for api listing references
2019-12-29 23:45:32.762 [main] INFO  org.apache.coyote.http11.Http11NioProtocol - Starting ProtocolHandler ["http-nio-8080"]
2019-12-29 23:45:32.781 [main] INFO  org.apache.tomcat.util.net.NioSelectorPool - Using a shared selector for servlet write/read
2019-12-29 23:45:32.790 [main] INFO  o.s.boot.web.embedded.tomcat.TomcatWebServer - Tomcat started on port(s): 8080 (http) with context path ''
2019-12-29 23:45:32.794 [main] INFO  com.zjxu97.costume.CostumeApplication - Started CostumeApplication in 3.77 seconds (JVM running for 4.463)
2019-12-29 23:45:46.135 [http-nio-8080-exec-1] INFO  o.a.c.core.ContainerBase.[Tomcat].[localhost].[/] - Initializing Spring FrameworkServlet 'dispatcherServlet'
2019-12-29 23:45:46.136 [http-nio-8080-exec-1] INFO  org.springframework.web.servlet.DispatcherServlet - FrameworkServlet 'dispatcherServlet': initialization started
2019-12-29 23:45:46.156 [http-nio-8080-exec-1] INFO  org.springframework.web.servlet.DispatcherServlet - FrameworkServlet 'dispatcherServlet': initialization completed in 19 ms
2019-12-29 23:46:18.007 [Thread-10] INFO  o.s.b.w.s.c.AnnotationConfigServletWebServerApplicationContext - Closing org.springframework.boot.web.servlet.context.AnnotationConfigServletWebServerApplicationContext@4e08711f: startup date [Sun Dec 29 23:45:29 CST 2019]; root of context hierarchy
2019-12-29 23:46:18.011 [Thread-10] INFO  o.s.context.support.DefaultLifecycleProcessor - Stopping beans in phase 2147483647
2019-12-29 23:46:18.012 [Thread-10] INFO  o.s.jmx.export.annotation.AnnotationMBeanExporter - Unregistering JMX-exposed beans on shutdown
2019-12-29 23:46:18.013 [Thread-10] INFO  o.s.jmx.export.annotation.AnnotationMBeanExporter - Unregistering JMX-exposed beans
2019-12-29 23:46:18.017 [Thread-10] INFO  com.zaxxer.hikari.HikariDataSource - HikariPool-1 - Shutdown initiated...
2019-12-29 23:46:18.021 [Thread-10] INFO  com.zaxxer.hikari.HikariDataSource - HikariPool-1 - Shutdown completed.
