2020-01-08 17:18:11.878 [main] INFO  com.zjxu97.costume.CostumeApplication - Starting CostumeApplication on MBP.local with PID 290 (/Users/zjxu97/Github/costume-sales-system/target/classes started by zjxu97 in /Users/zjxu97/Github/costume-sales-system)
2020-01-08 17:18:11.884 [main] INFO  com.zjxu97.costume.CostumeApplication - No active profile set, falling back to default profiles: default
2020-01-08 17:18:11.942 [main] INFO  o.s.b.w.s.c.AnnotationConfigServletWebServerApplicationContext - Refreshing org.springframework.boot.web.servlet.context.AnnotationConfigServletWebServerApplicationContext@4e08711f: startup date [Wed Jan 08 17:18:11 CST 2020]; root of context hierarchy
2020-01-08 17:18:13.670 [main] INFO  o.s.c.s.PostProcessorRegistrationDelegate$BeanPostProcessorChecker - Bean 'org.springframework.transaction.annotation.ProxyTransactionManagementConfiguration' of type [org.springframework.transaction.annotation.ProxyTransactionManagementConfiguration$$EnhancerBySpringCGLIB$$85f4aa40] is not eligible for getting processed by all BeanPostProcessors (for example: not eligible for auto-proxying)
2020-01-08 17:18:14.074 [main] INFO  o.s.boot.web.embedded.tomcat.TomcatWebServer - Tomcat initialized with port(s): 8080 (http)
2020-01-08 17:18:14.086 [main] INFO  org.apache.coyote.http11.Http11NioProtocol - Initializing ProtocolHandler ["http-nio-8080"]
2020-01-08 17:18:14.095 [main] INFO  org.apache.catalina.core.StandardService - Starting service [Tomcat]
2020-01-08 17:18:14.095 [main] INFO  org.apache.catalina.core.StandardEngine - Starting Servlet Engine: Apache Tomcat/8.5.32
2020-01-08 17:18:14.099 [localhost-startStop-1] INFO  org.apache.catalina.core.AprLifecycleListener - The APR based Apache Tomcat Native library which allows optimal performance in production environments was not found on the java.library.path: [/Users/zjxu97/Library/Java/Extensions:/Library/Java/Extensions:/Network/Library/Java/Extensions:/System/Library/Java/Extensions:/usr/lib/java:.]
2020-01-08 17:18:14.197 [localhost-startStop-1] INFO  o.a.c.core.ContainerBase.[Tomcat].[localhost].[/] - Initializing Spring embedded WebApplicationContext
2020-01-08 17:18:14.197 [localhost-startStop-1] INFO  org.springframework.web.context.ContextLoader - Root WebApplicationContext: initialization completed in 2255 ms
2020-01-08 17:18:14.259 [localhost-startStop-1] INFO  o.s.boot.web.servlet.ServletRegistrationBean - Servlet dispatcherServlet mapped to [/]
2020-01-08 17:18:14.263 [localhost-startStop-1] INFO  o.s.boot.web.servlet.FilterRegistrationBean - Mapping filter: 'characterEncodingFilter' to: [/*]
2020-01-08 17:18:14.263 [localhost-startStop-1] INFO  o.s.boot.web.servlet.FilterRegistrationBean - Mapping filter: 'hiddenHttpMethodFilter' to: [/*]
2020-01-08 17:18:14.263 [localhost-startStop-1] INFO  o.s.boot.web.servlet.FilterRegistrationBean - Mapping filter: 'httpPutFormContentFilter' to: [/*]
2020-01-08 17:18:14.263 [localhost-startStop-1] INFO  o.s.boot.web.servlet.FilterRegistrationBean - Mapping filter: 'requestContextFilter' to: [/*]
2020-01-08 17:18:14.523 [main] INFO  com.zaxxer.hikari.HikariDataSource - HikariPool-1 - Starting...
2020-01-08 17:18:14.993 [main] INFO  com.zaxxer.hikari.HikariDataSource - HikariPool-1 - Start completed.
2020-01-08 17:18:16.203 [main] INFO  o.s.w.s.m.m.a.RequestMappingHandlerMapping - Mapped "{[/api/v1/costume/list-costumes],methods=[GET]}" onto public com.baomidou.mybatisplus.extension.api.R<java.util.List<com.zjxu97.costume.vo.CostumeTypeVo>> com.zjxu97.costume.controller.CostumeController.listCostumes()
2020-01-08 17:18:16.204 [main] INFO  o.s.w.s.m.m.a.RequestMappingHandlerMapping - Mapped "{[/api/v1/costume/query-items],methods=[GET]}" onto public com.baomidou.mybatisplus.extension.api.R<java.util.List<com.zjxu97.costume.vo.ItemVo>> com.zjxu97.costume.controller.CostumeController.queryItems()
2020-01-08 17:18:16.206 [main] INFO  o.s.w.s.m.m.a.RequestMappingHandlerMapping - Mapped "{[/api/v1/costume/search-items],methods=[GET]}" onto public com.baomidou.mybatisplus.extension.api.R<java.util.List<com.zjxu97.costume.vo.ItemVo>> com.zjxu97.costume.controller.CostumeController.searchItems(java.lang.String)
2020-01-08 17:18:16.206 [main] INFO  o.s.w.s.m.m.a.RequestMappingHandlerMapping - Mapped "{[/api/v1/costume/get-item-com-by-store],methods=[GET]}" onto public com.baomidou.mybatisplus.extension.api.R<com.zjxu97.costume.vo.CommodityStockVo> com.zjxu97.costume.controller.CostumeController.getItemComByStore(java.lang.Integer,java.lang.Integer)
2020-01-08 17:18:16.207 [main] INFO  o.s.w.s.m.m.a.RequestMappingHandlerMapping - Mapped "{[/api/v1/costume-test/city],methods=[GET]}" onto public com.baomidou.mybatisplus.extension.api.R<java.lang.Integer> com.zjxu97.costume.controller.HelloController.listCourse()
2020-01-08 17:18:16.209 [main] INFO  o.s.w.s.m.m.a.RequestMappingHandlerMapping - Mapped "{[/api/v1/location/list-areas],methods=[GET]}" onto public com.baomidou.mybatisplus.extension.api.R<java.util.List<com.zjxu97.costume.vo.AreaVo>> com.zjxu97.costume.controller.LocationController.listArea()
2020-01-08 17:18:16.210 [main] INFO  o.s.w.s.m.m.a.RequestMappingHandlerMapping - Mapped "{[/api/v1/location/list-provs-by-area],methods=[GET]}" onto public com.baomidou.mybatisplus.extension.api.R<java.util.List<com.zjxu97.costume.vo.ProvinceVo>> com.zjxu97.costume.controller.LocationController.listProvsByArea(java.lang.Integer)
2020-01-08 17:18:16.211 [main] INFO  o.s.w.s.m.m.a.RequestMappingHandlerMapping - Mapped "{[/api/v1/location/list-citys-by-prov],methods=[GET]}" onto public com.baomidou.mybatisplus.extension.api.R<java.util.List<com.zjxu97.costume.vo.CityVo>> com.zjxu97.costume.controller.LocationController.listCitysByProv(java.lang.Integer)
2020-01-08 17:18:16.211 [main] INFO  o.s.w.s.m.m.a.RequestMappingHandlerMapping - Mapped "{[/api/v1/location/list-dists-by-city],methods=[GET]}" onto public com.baomidou.mybatisplus.extension.api.R<java.util.List<com.zjxu97.costume.vo.DistrictVo>> com.zjxu97.costume.controller.LocationController.listDistsByCity(java.lang.Integer)
2020-01-08 17:18:16.211 [main] INFO  o.s.w.s.m.m.a.RequestMappingHandlerMapping - Mapped "{[/api/v1/location/get-city-by-dist],methods=[GET]}" onto public com.baomidou.mybatisplus.extension.api.R<com.zjxu97.costume.vo.CityVo> com.zjxu97.costume.controller.LocationController.getCityByDist(java.lang.Integer)
2020-01-08 17:18:16.212 [main] INFO  o.s.w.s.m.m.a.RequestMappingHandlerMapping - Mapped "{[/api/v1/location/get-prov-by-city],methods=[GET]}" onto public com.baomidou.mybatisplus.extension.api.R<com.zjxu97.costume.vo.ProvinceVo> com.zjxu97.costume.controller.LocationController.getProvByCity(java.lang.Integer)
2020-01-08 17:18:16.212 [main] INFO  o.s.w.s.m.m.a.RequestMappingHandlerMapping - Mapped "{[/api/v1/location/get-area-by-prov],methods=[GET]}" onto public com.baomidou.mybatisplus.extension.api.R<com.zjxu97.costume.vo.AreaVo> com.zjxu97.costume.controller.LocationController.getAreaByProv(java.lang.Integer)
2020-01-08 17:18:16.217 [main] INFO  o.s.w.s.m.m.a.RequestMappingHandlerMapping - Mapped "{[/api/v1/store/add-store],methods=[POST]}" onto public com.baomidou.mybatisplus.extension.api.R<java.lang.String> com.zjxu97.costume.controller.StoreController.addStore(com.zjxu97.costume.param.StoreParam)
2020-01-08 17:18:16.217 [main] INFO  o.s.w.s.m.m.a.RequestMappingHandlerMapping - Mapped "{[/api/v1/store/list-stores-by-district],methods=[GET]}" onto public com.baomidou.mybatisplus.extension.api.R<java.util.List<com.zjxu97.costume.vo.StoreVo>> com.zjxu97.costume.controller.StoreController.listStoresByDist(java.lang.Integer)
2020-01-08 17:18:16.217 [main] INFO  o.s.w.s.m.m.a.RequestMappingHandlerMapping - Mapped "{[/api/v1/store/list-stores-by-city],methods=[GET]}" onto public com.baomidou.mybatisplus.extension.api.R<java.util.List<com.zjxu97.costume.vo.StoreVo>> com.zjxu97.costume.controller.StoreController.listStoresByCity(java.lang.Integer)
2020-01-08 17:18:16.218 [main] INFO  o.s.w.s.m.m.a.RequestMappingHandlerMapping - Mapped "{[/api/v1/store/list-stores-by-prov],methods=[GET]}" onto public com.baomidou.mybatisplus.extension.api.R<java.util.List<com.zjxu97.costume.vo.StoreVo>> com.zjxu97.costume.controller.StoreController.listStoresByProv(java.lang.Integer)
2020-01-08 17:18:16.218 [main] INFO  o.s.w.s.m.m.a.RequestMappingHandlerMapping - Mapped "{[/api/v1/store/list-stores-by-area],methods=[GET]}" onto public com.baomidou.mybatisplus.extension.api.R<java.util.List<com.zjxu97.costume.vo.StoreVo>> com.zjxu97.costume.controller.StoreController.listStoresByArea(java.lang.Integer)
2020-01-08 17:18:16.219 [main] INFO  o.s.w.s.m.m.a.RequestMappingHandlerMapping - Mapped "{[/api/v1/store/del-store],methods=[GET]}" onto public com.baomidou.mybatisplus.extension.api.R<java.lang.String> com.zjxu97.costume.controller.StoreController.delStore(java.lang.Integer)
2020-01-08 17:18:16.219 [main] INFO  o.s.w.s.m.m.a.RequestMappingHandlerMapping - Mapped "{[/api/v1/store/-store],methods=[POST]}" onto public com.baomidou.mybatisplus.extension.api.R<java.lang.String> com.zjxu97.costume.controller.StoreController.updStore(com.zjxu97.costume.param.StoreParam)
2020-01-08 17:18:16.220 [main] INFO  o.s.w.s.m.m.a.RequestMappingHandlerMapping - Mapped "{[/api/v1/store/search-stores],methods=[GET]}" onto public com.baomidou.mybatisplus.extension.api.R<java.util.List<com.zjxu97.costume.vo.StoreVo>> com.zjxu97.costume.controller.StoreController.searchStores(java.lang.String)
2020-01-08 17:18:16.224 [main] INFO  o.s.w.s.m.m.a.RequestMappingHandlerMapping - Mapped "{[/swagger-resources/configuration/ui]}" onto public org.springframework.http.ResponseEntity<springfox.documentation.swagger.web.UiConfiguration> springfox.documentation.swagger.web.ApiResourceController.uiConfiguration()
2020-01-08 17:18:16.225 [main] INFO  o.s.w.s.m.m.a.RequestMappingHandlerMapping - Mapped "{[/swagger-resources]}" onto public org.springframework.http.ResponseEntity<java.util.List<springfox.documentation.swagger.web.SwaggerResource>> springfox.documentation.swagger.web.ApiResourceController.swaggerResources()
2020-01-08 17:18:16.226 [main] INFO  o.s.w.s.m.m.a.RequestMappingHandlerMapping - Mapped "{[/swagger-resources/configuration/security]}" onto public org.springframework.http.ResponseEntity<springfox.documentation.swagger.web.SecurityConfiguration> springfox.documentation.swagger.web.ApiResourceController.securityConfiguration()
2020-01-08 17:18:16.229 [main] INFO  o.s.w.s.m.m.a.RequestMappingHandlerMapping - Mapped "{[/error]}" onto public org.springframework.http.ResponseEntity<java.util.Map<java.lang.String, java.lang.Object>> org.springframework.boot.autoconfigure.web.servlet.error.BasicErrorController.error(javax.servlet.http.HttpServletRequest)
2020-01-08 17:18:16.230 [main] INFO  o.s.w.s.m.m.a.RequestMappingHandlerMapping - Mapped "{[/error],produces=[text/html]}" onto public org.springframework.web.servlet.ModelAndView org.springframework.boot.autoconfigure.web.servlet.error.BasicErrorController.errorHtml(javax.servlet.http.HttpServletRequest,javax.servlet.http.HttpServletResponse)
2020-01-08 17:18:16.336 [main] INFO  s.d.s.w.PropertySourcedRequestMappingHandlerMapping - Mapped URL path [/v2/api-docs] onto method [public org.springframework.http.ResponseEntity<springfox.documentation.spring.web.json.Json> springfox.documentation.swagger2.web.Swagger2Controller.getDocumentation(java.lang.String,javax.servlet.http.HttpServletRequest)]
2020-01-08 17:18:16.388 [main] INFO  o.s.web.servlet.handler.SimpleUrlHandlerMapping - Mapped URL path [/**/favicon.ico] onto handler of type [class org.springframework.web.servlet.resource.ResourceHttpRequestHandler]
2020-01-08 17:18:16.542 [main] INFO  o.s.w.s.m.m.a.RequestMappingHandlerAdapter - Looking for @ControllerAdvice: org.springframework.boot.web.servlet.context.AnnotationConfigServletWebServerApplicationContext@4e08711f: startup date [Wed Jan 08 17:18:11 CST 2020]; root of context hierarchy
2020-01-08 17:18:16.589 [main] INFO  o.s.web.servlet.handler.SimpleUrlHandlerMapping - Mapped URL path [/webjars/**] onto handler of type [class org.springframework.web.servlet.resource.ResourceHttpRequestHandler]
2020-01-08 17:18:16.589 [main] INFO  o.s.web.servlet.handler.SimpleUrlHandlerMapping - Mapped URL path [/**] onto handler of type [class org.springframework.web.servlet.resource.ResourceHttpRequestHandler]
2020-01-08 17:18:16.876 [main] INFO  o.s.jmx.export.annotation.AnnotationMBeanExporter - Registering beans for JMX exposure on startup
2020-01-08 17:18:16.878 [main] INFO  o.s.jmx.export.annotation.AnnotationMBeanExporter - Bean with name 'dataSource' has been autodetected for JMX exposure
2020-01-08 17:18:16.883 [main] INFO  o.s.jmx.export.annotation.AnnotationMBeanExporter - Located MBean 'dataSource': registering with JMX server as MBean [com.zaxxer.hikari:name=dataSource,type=HikariDataSource]
2020-01-08 17:18:16.888 [main] INFO  o.s.context.support.DefaultLifecycleProcessor - Starting beans in phase 2147483647
2020-01-08 17:18:16.889 [main] INFO  s.d.s.web.plugins.DocumentationPluginsBootstrapper - Context refreshed
2020-01-08 17:18:16.910 [main] INFO  s.d.s.web.plugins.DocumentationPluginsBootstrapper - Found 1 custom documentation plugin(s)
2020-01-08 17:18:16.940 [main] INFO  s.d.spring.web.scanners.ApiListingReferenceScanner - Scanning for api listing references
2020-01-08 17:18:17.367 [main] INFO  org.apache.coyote.http11.Http11NioProtocol - Starting ProtocolHandler ["http-nio-8080"]
2020-01-08 17:18:17.387 [main] INFO  org.apache.tomcat.util.net.NioSelectorPool - Using a shared selector for servlet write/read
2020-01-08 17:18:17.398 [main] INFO  o.s.boot.web.embedded.tomcat.TomcatWebServer - Tomcat started on port(s): 8080 (http) with context path ''
2020-01-08 17:18:17.403 [main] INFO  com.zjxu97.costume.CostumeApplication - Started CostumeApplication in 6.112 seconds (JVM running for 6.927)
2020-01-08 19:38:29.320 [Thread-13] INFO  o.s.b.w.s.c.AnnotationConfigServletWebServerApplicationContext - Closing org.springframework.boot.web.servlet.context.AnnotationConfigServletWebServerApplicationContext@4e08711f: startup date [Wed Jan 08 17:18:11 CST 2020]; root of context hierarchy
2020-01-08 19:38:29.536 [Thread-13] INFO  o.s.context.support.DefaultLifecycleProcessor - Stopping beans in phase 2147483647
2020-01-08 19:38:29.569 [Thread-13] INFO  o.s.jmx.export.annotation.AnnotationMBeanExporter - Unregistering JMX-exposed beans on shutdown
2020-01-08 19:38:29.571 [Thread-13] INFO  o.s.jmx.export.annotation.AnnotationMBeanExporter - Unregistering JMX-exposed beans
2020-01-08 19:38:29.589 [Thread-13] INFO  com.zaxxer.hikari.HikariDataSource - HikariPool-1 - Shutdown initiated...
2020-01-08 19:38:29.613 [Thread-13] INFO  com.zaxxer.hikari.HikariDataSource - HikariPool-1 - Shutdown completed.
