2020-01-19 16:57:03.670 [main] INFO  com.zjxu97.costume.CostumeApplication - Starting CostumeApplication on MBP.local with PID 89649 (/Users/zjxu97/Github/costume-sales-system/target/classes started by zjxu97 in /Users/zjxu97/Github/costume-sales-system)
2020-01-19 16:57:03.676 [main] INFO  com.zjxu97.costume.CostumeApplication - No active profile set, falling back to default profiles: default
2020-01-19 16:57:03.763 [main] INFO  o.s.b.w.s.c.AnnotationConfigServletWebServerApplicationContext - Refreshing org.springframework.boot.web.servlet.context.AnnotationConfigServletWebServerApplicationContext@6f03482: startup date [Sun Jan 19 16:57:03 CST 2020]; root of context hierarchy
2020-01-19 16:57:04.983 [main] INFO  o.s.c.s.PostProcessorRegistrationDelegate$BeanPostProcessorChecker - Bean 'org.springframework.transaction.annotation.ProxyTransactionManagementConfiguration' of type [org.springframework.transaction.annotation.ProxyTransactionManagementConfiguration$$EnhancerBySpringCGLIB$$2623b5f7] is not eligible for getting processed by all BeanPostProcessors (for example: not eligible for auto-proxying)
2020-01-19 16:57:05.288 [main] INFO  o.s.boot.web.embedded.tomcat.TomcatWebServer - Tomcat initialized with port(s): 8080 (http)
2020-01-19 16:57:05.300 [main] INFO  org.apache.coyote.http11.Http11NioProtocol - Initializing ProtocolHandler ["http-nio-8080"]
2020-01-19 16:57:05.308 [main] INFO  org.apache.catalina.core.StandardService - Starting service [Tomcat]
2020-01-19 16:57:05.308 [main] INFO  org.apache.catalina.core.StandardEngine - Starting Servlet Engine: Apache Tomcat/8.5.32
2020-01-19 16:57:05.312 [localhost-startStop-1] INFO  org.apache.catalina.core.AprLifecycleListener - The APR based Apache Tomcat Native library which allows optimal performance in production environments was not found on the java.library.path: [/Users/zjxu97/Library/Java/Extensions:/Library/Java/Extensions:/Network/Library/Java/Extensions:/System/Library/Java/Extensions:/usr/lib/java:.]
2020-01-19 16:57:05.383 [localhost-startStop-1] INFO  o.a.c.core.ContainerBase.[Tomcat].[localhost].[/] - Initializing Spring embedded WebApplicationContext
2020-01-19 16:57:05.383 [localhost-startStop-1] INFO  org.springframework.web.context.ContextLoader - Root WebApplicationContext: initialization completed in 1620 ms
2020-01-19 16:57:05.454 [localhost-startStop-1] INFO  o.s.boot.web.servlet.FilterRegistrationBean - Mapping filter: 'characterEncodingFilter' to: [/*]
2020-01-19 16:57:05.454 [localhost-startStop-1] INFO  o.s.boot.web.servlet.FilterRegistrationBean - Mapping filter: 'hiddenHttpMethodFilter' to: [/*]
2020-01-19 16:57:05.455 [localhost-startStop-1] INFO  o.s.boot.web.servlet.FilterRegistrationBean - Mapping filter: 'httpPutFormContentFilter' to: [/*]
2020-01-19 16:57:05.455 [localhost-startStop-1] INFO  o.s.boot.web.servlet.FilterRegistrationBean - Mapping filter: 'requestContextFilter' to: [/*]
2020-01-19 16:57:05.455 [localhost-startStop-1] INFO  o.s.b.w.s.DelegatingFilterProxyRegistrationBean - Mapping filter: 'springSecurityFilterChain' to: [/*]
2020-01-19 16:57:05.455 [localhost-startStop-1] INFO  o.s.boot.web.servlet.FilterRegistrationBean - Mapping filter: 'corsFilter' to: [/*]
2020-01-19 16:57:05.455 [localhost-startStop-1] INFO  o.s.boot.web.servlet.ServletRegistrationBean - Servlet dispatcherServlet mapped to [/]
2020-01-19 16:57:05.731 [main] INFO  com.zaxxer.hikari.HikariDataSource - HikariPool-1 - Starting...
2020-01-19 16:57:06.077 [main] INFO  com.zaxxer.hikari.HikariDataSource - HikariPool-1 - Start completed.
2020-01-19 16:57:06.773 [main] INFO  o.s.w.s.m.m.a.RequestMappingHandlerMapping - Mapped "{[/api/v1/costume/list-costumes],methods=[GET]}" onto public com.baomidou.mybatisplus.extension.api.R<java.util.List<com.zjxu97.costume.vo.CostumeTypeVo>> com.zjxu97.costume.controller.CostumeController.listCostumes()
2020-01-19 16:57:06.774 [main] INFO  o.s.w.s.m.m.a.RequestMappingHandlerMapping - Mapped "{[/api/v1/costume/query-items],methods=[GET]}" onto public com.baomidou.mybatisplus.extension.api.R<java.util.List<com.zjxu97.costume.vo.ItemVo>> com.zjxu97.costume.controller.CostumeController.queryItems()
2020-01-19 16:57:06.775 [main] INFO  o.s.w.s.m.m.a.RequestMappingHandlerMapping - Mapped "{[/api/v1/costume/search-items],methods=[GET]}" onto public com.baomidou.mybatisplus.extension.api.R<java.util.List<com.zjxu97.costume.vo.ItemVo>> com.zjxu97.costume.controller.CostumeController.searchItems(java.lang.String)
2020-01-19 16:57:06.776 [main] INFO  o.s.w.s.m.m.a.RequestMappingHandlerMapping - Mapped "{[/api/v1/costume/get-item-com-by-store],methods=[GET]}" onto public com.baomidou.mybatisplus.extension.api.R<com.zjxu97.costume.vo.CommodityStockVo> com.zjxu97.costume.controller.CostumeController.getItemComByStore(java.lang.Integer,java.lang.Integer)
2020-01-19 16:57:06.776 [main] INFO  o.s.w.s.m.m.a.RequestMappingHandlerMapping - Mapped "{[/api/v1/costume-test/city],methods=[GET]}" onto public com.baomidou.mybatisplus.extension.api.R<java.lang.Integer> com.zjxu97.costume.controller.HelloController.listCourse()
2020-01-19 16:57:06.778 [main] INFO  o.s.w.s.m.m.a.RequestMappingHandlerMapping - Mapped "{[/api/v1/location/list-areas],methods=[GET]}" onto public com.baomidou.mybatisplus.extension.api.R<java.util.List<com.zjxu97.costume.vo.AreaVo>> com.zjxu97.costume.controller.LocationController.listArea()
2020-01-19 16:57:06.778 [main] INFO  o.s.w.s.m.m.a.RequestMappingHandlerMapping - Mapped "{[/api/v1/location/list-provs-by-area],methods=[GET]}" onto public com.baomidou.mybatisplus.extension.api.R<java.util.List<com.zjxu97.costume.vo.ProvinceVo>> com.zjxu97.costume.controller.LocationController.listProvsByArea(java.lang.Integer)
2020-01-19 16:57:06.778 [main] INFO  o.s.w.s.m.m.a.RequestMappingHandlerMapping - Mapped "{[/api/v1/location/list-citys-by-prov],methods=[GET]}" onto public com.baomidou.mybatisplus.extension.api.R<java.util.List<com.zjxu97.costume.vo.CityVo>> com.zjxu97.costume.controller.LocationController.listCitysByProv(java.lang.Integer)
2020-01-19 16:57:06.779 [main] INFO  o.s.w.s.m.m.a.RequestMappingHandlerMapping - Mapped "{[/api/v1/location/list-dists-by-city],methods=[GET]}" onto public com.baomidou.mybatisplus.extension.api.R<java.util.List<com.zjxu97.costume.vo.DistrictVo>> com.zjxu97.costume.controller.LocationController.listDistsByCity(java.lang.Integer)
2020-01-19 16:57:06.779 [main] INFO  o.s.w.s.m.m.a.RequestMappingHandlerMapping - Mapped "{[/api/v1/location/get-city-by-dist],methods=[GET]}" onto public com.baomidou.mybatisplus.extension.api.R<com.zjxu97.costume.vo.CityVo> com.zjxu97.costume.controller.LocationController.getCityByDist(java.lang.Integer)
2020-01-19 16:57:06.779 [main] INFO  o.s.w.s.m.m.a.RequestMappingHandlerMapping - Mapped "{[/api/v1/location/get-prov-by-city],methods=[GET]}" onto public com.baomidou.mybatisplus.extension.api.R<com.zjxu97.costume.vo.ProvinceVo> com.zjxu97.costume.controller.LocationController.getProvByCity(java.lang.Integer)
2020-01-19 16:57:06.780 [main] INFO  o.s.w.s.m.m.a.RequestMappingHandlerMapping - Mapped "{[/api/v1/location/get-area-by-prov],methods=[GET]}" onto public com.baomidou.mybatisplus.extension.api.R<com.zjxu97.costume.vo.AreaVo> com.zjxu97.costume.controller.LocationController.getAreaByProv(java.lang.Integer)
2020-01-19 16:57:06.783 [main] INFO  o.s.w.s.m.m.a.RequestMappingHandlerMapping - Mapped "{[/api/v1/store/list-stores-by-district],methods=[GET]}" onto public com.baomidou.mybatisplus.extension.api.R<java.util.List<com.zjxu97.costume.vo.StoreVo>> com.zjxu97.costume.controller.StoreController.listStoresByDist(java.lang.Integer)
2020-01-19 16:57:06.784 [main] INFO  o.s.w.s.m.m.a.RequestMappingHandlerMapping - Mapped "{[/api/v1/store/list-stores-by-city],methods=[GET]}" onto public com.baomidou.mybatisplus.extension.api.R<java.util.List<com.zjxu97.costume.vo.StoreVo>> com.zjxu97.costume.controller.StoreController.listStoresByCity(java.lang.Integer)
2020-01-19 16:57:06.784 [main] INFO  o.s.w.s.m.m.a.RequestMappingHandlerMapping - Mapped "{[/api/v1/store/list-stores-by-prov],methods=[GET]}" onto public com.baomidou.mybatisplus.extension.api.R<java.util.List<com.zjxu97.costume.vo.StoreVo>> com.zjxu97.costume.controller.StoreController.listStoresByProv(java.lang.Integer)
2020-01-19 16:57:06.784 [main] INFO  o.s.w.s.m.m.a.RequestMappingHandlerMapping - Mapped "{[/api/v1/store/list-stores-by-area],methods=[GET]}" onto public com.baomidou.mybatisplus.extension.api.R<java.util.List<com.zjxu97.costume.vo.StoreVo>> com.zjxu97.costume.controller.StoreController.listStoresByArea(java.lang.Integer)
2020-01-19 16:57:06.784 [main] INFO  o.s.w.s.m.m.a.RequestMappingHandlerMapping - Mapped "{[/api/v1/store/add-store],methods=[POST]}" onto public com.baomidou.mybatisplus.extension.api.R<java.lang.String> com.zjxu97.costume.controller.StoreController.addStore(com.zjxu97.costume.param.StoreParam)
2020-01-19 16:57:06.785 [main] INFO  o.s.w.s.m.m.a.RequestMappingHandlerMapping - Mapped "{[/api/v1/store/del-store],methods=[GET]}" onto public com.baomidou.mybatisplus.extension.api.R<java.lang.String> com.zjxu97.costume.controller.StoreController.delStore(java.lang.Integer)
2020-01-19 16:57:06.785 [main] INFO  o.s.w.s.m.m.a.RequestMappingHandlerMapping - Mapped "{[/api/v1/store/-store],methods=[POST]}" onto public com.baomidou.mybatisplus.extension.api.R<java.lang.String> com.zjxu97.costume.controller.StoreController.updStore(com.zjxu97.costume.param.StoreParam)
2020-01-19 16:57:06.785 [main] INFO  o.s.w.s.m.m.a.RequestMappingHandlerMapping - Mapped "{[/api/v1/store/search-stores],methods=[GET]}" onto public com.baomidou.mybatisplus.extension.api.R<java.util.List<com.zjxu97.costume.vo.StoreVo>> com.zjxu97.costume.controller.StoreController.searchStores(java.lang.String)
2020-01-19 16:57:06.789 [main] INFO  o.s.w.s.m.m.a.RequestMappingHandlerMapping - Mapped "{[/swagger-resources/configuration/security]}" onto public org.springframework.http.ResponseEntity<springfox.documentation.swagger.web.SecurityConfiguration> springfox.documentation.swagger.web.ApiResourceController.securityConfiguration()
2020-01-19 16:57:06.790 [main] INFO  o.s.w.s.m.m.a.RequestMappingHandlerMapping - Mapped "{[/swagger-resources/configuration/ui]}" onto public org.springframework.http.ResponseEntity<springfox.documentation.swagger.web.UiConfiguration> springfox.documentation.swagger.web.ApiResourceController.uiConfiguration()
2020-01-19 16:57:06.790 [main] INFO  o.s.w.s.m.m.a.RequestMappingHandlerMapping - Mapped "{[/swagger-resources]}" onto public org.springframework.http.ResponseEntity<java.util.List<springfox.documentation.swagger.web.SwaggerResource>> springfox.documentation.swagger.web.ApiResourceController.swaggerResources()
2020-01-19 16:57:06.793 [main] INFO  o.s.w.s.m.m.a.RequestMappingHandlerMapping - Mapped "{[/error]}" onto public org.springframework.http.ResponseEntity<java.util.Map<java.lang.String, java.lang.Object>> org.springframework.boot.autoconfigure.web.servlet.error.BasicErrorController.error(javax.servlet.http.HttpServletRequest)
2020-01-19 16:57:06.793 [main] INFO  o.s.w.s.m.m.a.RequestMappingHandlerMapping - Mapped "{[/error],produces=[text/html]}" onto public org.springframework.web.servlet.ModelAndView org.springframework.boot.autoconfigure.web.servlet.error.BasicErrorController.errorHtml(javax.servlet.http.HttpServletRequest,javax.servlet.http.HttpServletResponse)
2020-01-19 16:57:07.030 [main] INFO  o.s.security.web.DefaultSecurityFilterChain - Creating filter chain: org.springframework.security.web.util.matcher.AnyRequestMatcher@1, [org.springframework.security.web.context.request.async.WebAsyncManagerIntegrationFilter@2dbfcf7, org.springframework.security.web.context.SecurityContextPersistenceFilter@51dae791, org.springframework.security.web.header.HeaderWriterFilter@3c6c4689, org.springframework.security.web.csrf.CsrfFilter@205df5dc, org.springframework.security.web.authentication.logout.LogoutFilter@663f237a, org.springframework.security.web.savedrequest.RequestCacheAwareFilter@5de5e95, org.springframework.security.web.servletapi.SecurityContextHolderAwareRequestFilter@5b9499fe, org.springframework.security.web.authentication.AnonymousAuthenticationFilter@239f017e, org.springframework.security.web.session.SessionManagementFilter@76e9f00b, org.springframework.security.web.access.ExceptionTranslationFilter@6badba10, org.springframework.security.web.access.intercept.FilterSecurityInterceptor@939ff41]
2020-01-19 16:57:07.070 [main] INFO  s.d.s.w.PropertySourcedRequestMappingHandlerMapping - Mapped URL path [/v2/api-docs] onto method [public org.springframework.http.ResponseEntity<springfox.documentation.spring.web.json.Json> springfox.documentation.swagger2.web.Swagger2Controller.getDocumentation(java.lang.String,javax.servlet.http.HttpServletRequest)]
2020-01-19 16:57:07.130 [main] INFO  o.s.web.servlet.handler.SimpleUrlHandlerMapping - Mapped URL path [/**/favicon.ico] onto handler of type [class org.springframework.web.servlet.resource.ResourceHttpRequestHandler]
2020-01-19 16:57:07.260 [main] INFO  o.s.w.s.m.m.a.RequestMappingHandlerAdapter - Looking for @ControllerAdvice: org.springframework.boot.web.servlet.context.AnnotationConfigServletWebServerApplicationContext@6f03482: startup date [Sun Jan 19 16:57:03 CST 2020]; root of context hierarchy
2020-01-19 16:57:07.319 [main] INFO  o.s.web.servlet.handler.SimpleUrlHandlerMapping - Mapped URL path [/webjars/**] onto handler of type [class org.springframework.web.servlet.resource.ResourceHttpRequestHandler]
2020-01-19 16:57:07.319 [main] INFO  o.s.web.servlet.handler.SimpleUrlHandlerMapping - Mapped URL path [/**] onto handler of type [class org.springframework.web.servlet.resource.ResourceHttpRequestHandler]
2020-01-19 16:57:07.541 [main] INFO  o.s.jmx.export.annotation.AnnotationMBeanExporter - Registering beans for JMX exposure on startup
2020-01-19 16:57:07.543 [main] INFO  o.s.jmx.export.annotation.AnnotationMBeanExporter - Bean with name 'dataSource' has been autodetected for JMX exposure
2020-01-19 16:57:07.549 [main] INFO  o.s.jmx.export.annotation.AnnotationMBeanExporter - Located MBean 'dataSource': registering with JMX server as MBean [com.zaxxer.hikari:name=dataSource,type=HikariDataSource]
2020-01-19 16:57:07.553 [main] INFO  o.s.context.support.DefaultLifecycleProcessor - Starting beans in phase 2147483647
2020-01-19 16:57:07.554 [main] INFO  s.d.s.web.plugins.DocumentationPluginsBootstrapper - Context refreshed
2020-01-19 16:57:07.572 [main] INFO  s.d.s.web.plugins.DocumentationPluginsBootstrapper - Found 1 custom documentation plugin(s)
2020-01-19 16:57:07.608 [main] INFO  s.d.spring.web.scanners.ApiListingReferenceScanner - Scanning for api listing references
2020-01-19 16:57:07.783 [main] INFO  org.apache.coyote.http11.Http11NioProtocol - Starting ProtocolHandler ["http-nio-8080"]
2020-01-19 16:57:07.805 [main] INFO  org.apache.tomcat.util.net.NioSelectorPool - Using a shared selector for servlet write/read
2020-01-19 16:57:07.815 [main] INFO  o.s.boot.web.embedded.tomcat.TomcatWebServer - Tomcat started on port(s): 8080 (http) with context path ''
2020-01-19 16:57:07.819 [main] INFO  com.zjxu97.costume.CostumeApplication - Started CostumeApplication in 4.828 seconds (JVM running for 5.465)
2020-01-19 16:57:23.002 [http-nio-8080-exec-1] INFO  o.a.c.core.ContainerBase.[Tomcat].[localhost].[/] - Initializing Spring FrameworkServlet 'dispatcherServlet'
2020-01-19 16:57:23.003 [http-nio-8080-exec-1] INFO  org.springframework.web.servlet.DispatcherServlet - FrameworkServlet 'dispatcherServlet': initialization started
2020-01-19 16:57:23.020 [http-nio-8080-exec-1] INFO  org.springframework.web.servlet.DispatcherServlet - FrameworkServlet 'dispatcherServlet': initialization completed in 17 ms
2020-01-19 16:57:56.698 [Thread-12] INFO  o.s.b.w.s.c.AnnotationConfigServletWebServerApplicationContext - Closing org.springframework.boot.web.servlet.context.AnnotationConfigServletWebServerApplicationContext@6f03482: startup date [Sun Jan 19 16:57:03 CST 2020]; root of context hierarchy
2020-01-19 16:57:56.702 [Thread-12] INFO  o.s.context.support.DefaultLifecycleProcessor - Stopping beans in phase 2147483647
2020-01-19 16:57:56.704 [Thread-12] INFO  o.s.jmx.export.annotation.AnnotationMBeanExporter - Unregistering JMX-exposed beans on shutdown
2020-01-19 16:57:56.704 [Thread-12] INFO  o.s.jmx.export.annotation.AnnotationMBeanExporter - Unregistering JMX-exposed beans
2020-01-19 16:57:56.707 [Thread-12] INFO  com.zaxxer.hikari.HikariDataSource - HikariPool-1 - Shutdown initiated...
2020-01-19 16:57:56.712 [Thread-12] INFO  com.zaxxer.hikari.HikariDataSource - HikariPool-1 - Shutdown completed.
2020-01-19 16:58:02.206 [main] INFO  com.zjxu97.costume.CostumeApplication - Starting CostumeApplication on MBP.local with PID 89700 (/Users/zjxu97/Github/costume-sales-system/target/classes started by zjxu97 in /Users/zjxu97/Github/costume-sales-system)
2020-01-19 16:58:02.208 [main] INFO  com.zjxu97.costume.CostumeApplication - No active profile set, falling back to default profiles: default
2020-01-19 16:58:02.247 [main] INFO  o.s.b.w.s.c.AnnotationConfigServletWebServerApplicationContext - Refreshing org.springframework.boot.web.servlet.context.AnnotationConfigServletWebServerApplicationContext@6f03482: startup date [Sun Jan 19 16:58:02 CST 2020]; root of context hierarchy
2020-01-19 16:58:03.134 [main] INFO  o.s.c.s.PostProcessorRegistrationDelegate$BeanPostProcessorChecker - Bean 'org.springframework.transaction.annotation.ProxyTransactionManagementConfiguration' of type [org.springframework.transaction.annotation.ProxyTransactionManagementConfiguration$$EnhancerBySpringCGLIB$$d50bbbda] is not eligible for getting processed by all BeanPostProcessors (for example: not eligible for auto-proxying)
2020-01-19 16:58:03.404 [main] INFO  o.s.boot.web.embedded.tomcat.TomcatWebServer - Tomcat initialized with port(s): 8080 (http)
2020-01-19 16:58:03.416 [main] INFO  org.apache.coyote.http11.Http11NioProtocol - Initializing ProtocolHandler ["http-nio-8080"]
2020-01-19 16:58:03.424 [main] INFO  org.apache.catalina.core.StandardService - Starting service [Tomcat]
2020-01-19 16:58:03.425 [main] INFO  org.apache.catalina.core.StandardEngine - Starting Servlet Engine: Apache Tomcat/8.5.32
2020-01-19 16:58:03.429 [localhost-startStop-1] INFO  org.apache.catalina.core.AprLifecycleListener - The APR based Apache Tomcat Native library which allows optimal performance in production environments was not found on the java.library.path: [/Users/zjxu97/Library/Java/Extensions:/Library/Java/Extensions:/Network/Library/Java/Extensions:/System/Library/Java/Extensions:/usr/lib/java:.]
2020-01-19 16:58:03.496 [localhost-startStop-1] INFO  o.a.c.core.ContainerBase.[Tomcat].[localhost].[/] - Initializing Spring embedded WebApplicationContext
2020-01-19 16:58:03.496 [localhost-startStop-1] INFO  org.springframework.web.context.ContextLoader - Root WebApplicationContext: initialization completed in 1249 ms
2020-01-19 16:58:03.581 [localhost-startStop-1] INFO  o.s.boot.web.servlet.FilterRegistrationBean - Mapping filter: 'characterEncodingFilter' to: [/*]
2020-01-19 16:58:03.581 [localhost-startStop-1] INFO  o.s.boot.web.servlet.FilterRegistrationBean - Mapping filter: 'hiddenHttpMethodFilter' to: [/*]
2020-01-19 16:58:03.581 [localhost-startStop-1] INFO  o.s.boot.web.servlet.FilterRegistrationBean - Mapping filter: 'httpPutFormContentFilter' to: [/*]
2020-01-19 16:58:03.581 [localhost-startStop-1] INFO  o.s.boot.web.servlet.FilterRegistrationBean - Mapping filter: 'requestContextFilter' to: [/*]
2020-01-19 16:58:03.582 [localhost-startStop-1] INFO  o.s.b.w.s.DelegatingFilterProxyRegistrationBean - Mapping filter: 'springSecurityFilterChain' to: [/*]
2020-01-19 16:58:03.582 [localhost-startStop-1] INFO  o.s.boot.web.servlet.FilterRegistrationBean - Mapping filter: 'corsFilter' to: [/*]
2020-01-19 16:58:03.582 [localhost-startStop-1] INFO  o.s.boot.web.servlet.ServletRegistrationBean - Servlet dispatcherServlet mapped to [/]
2020-01-19 16:58:03.779 [main] INFO  com.zaxxer.hikari.HikariDataSource - HikariPool-1 - Starting...
2020-01-19 16:58:03.975 [main] INFO  com.zaxxer.hikari.HikariDataSource - HikariPool-1 - Start completed.
2020-01-19 16:58:04.646 [main] INFO  o.s.w.s.m.m.a.RequestMappingHandlerMapping - Mapped "{[/api/v1/costume/list-costumes],methods=[GET]}" onto public com.baomidou.mybatisplus.extension.api.R<java.util.List<com.zjxu97.costume.vo.CostumeTypeVo>> com.zjxu97.costume.controller.CostumeController.listCostumes()
2020-01-19 16:58:04.647 [main] INFO  o.s.w.s.m.m.a.RequestMappingHandlerMapping - Mapped "{[/api/v1/costume/query-items],methods=[GET]}" onto public com.baomidou.mybatisplus.extension.api.R<java.util.List<com.zjxu97.costume.vo.ItemVo>> com.zjxu97.costume.controller.CostumeController.queryItems()
2020-01-19 16:58:04.648 [main] INFO  o.s.w.s.m.m.a.RequestMappingHandlerMapping - Mapped "{[/api/v1/costume/search-items],methods=[GET]}" onto public com.baomidou.mybatisplus.extension.api.R<java.util.List<com.zjxu97.costume.vo.ItemVo>> com.zjxu97.costume.controller.CostumeController.searchItems(java.lang.String)
2020-01-19 16:58:04.648 [main] INFO  o.s.w.s.m.m.a.RequestMappingHandlerMapping - Mapped "{[/api/v1/costume/get-item-com-by-store],methods=[GET]}" onto public com.baomidou.mybatisplus.extension.api.R<com.zjxu97.costume.vo.CommodityStockVo> com.zjxu97.costume.controller.CostumeController.getItemComByStore(java.lang.Integer,java.lang.Integer)
2020-01-19 16:58:04.649 [main] INFO  o.s.w.s.m.m.a.RequestMappingHandlerMapping - Mapped "{[/api/v1/costume-test/city],methods=[GET]}" onto public com.baomidou.mybatisplus.extension.api.R<java.lang.Integer> com.zjxu97.costume.controller.HelloController.listCourse()
2020-01-19 16:58:04.650 [main] INFO  o.s.w.s.m.m.a.RequestMappingHandlerMapping - Mapped "{[/api/v1/location/list-areas],methods=[GET]}" onto public com.baomidou.mybatisplus.extension.api.R<java.util.List<com.zjxu97.costume.vo.AreaVo>> com.zjxu97.costume.controller.LocationController.listArea()
2020-01-19 16:58:04.651 [main] INFO  o.s.w.s.m.m.a.RequestMappingHandlerMapping - Mapped "{[/api/v1/location/list-provs-by-area],methods=[GET]}" onto public com.baomidou.mybatisplus.extension.api.R<java.util.List<com.zjxu97.costume.vo.ProvinceVo>> com.zjxu97.costume.controller.LocationController.listProvsByArea(java.lang.Integer)
2020-01-19 16:58:04.651 [main] INFO  o.s.w.s.m.m.a.RequestMappingHandlerMapping - Mapped "{[/api/v1/location/list-citys-by-prov],methods=[GET]}" onto public com.baomidou.mybatisplus.extension.api.R<java.util.List<com.zjxu97.costume.vo.CityVo>> com.zjxu97.costume.controller.LocationController.listCitysByProv(java.lang.Integer)
2020-01-19 16:58:04.651 [main] INFO  o.s.w.s.m.m.a.RequestMappingHandlerMapping - Mapped "{[/api/v1/location/list-dists-by-city],methods=[GET]}" onto public com.baomidou.mybatisplus.extension.api.R<java.util.List<com.zjxu97.costume.vo.DistrictVo>> com.zjxu97.costume.controller.LocationController.listDistsByCity(java.lang.Integer)
2020-01-19 16:58:04.651 [main] INFO  o.s.w.s.m.m.a.RequestMappingHandlerMapping - Mapped "{[/api/v1/location/get-city-by-dist],methods=[GET]}" onto public com.baomidou.mybatisplus.extension.api.R<com.zjxu97.costume.vo.CityVo> com.zjxu97.costume.controller.LocationController.getCityByDist(java.lang.Integer)
2020-01-19 16:58:04.652 [main] INFO  o.s.w.s.m.m.a.RequestMappingHandlerMapping - Mapped "{[/api/v1/location/get-prov-by-city],methods=[GET]}" onto public com.baomidou.mybatisplus.extension.api.R<com.zjxu97.costume.vo.ProvinceVo> com.zjxu97.costume.controller.LocationController.getProvByCity(java.lang.Integer)
2020-01-19 16:58:04.652 [main] INFO  o.s.w.s.m.m.a.RequestMappingHandlerMapping - Mapped "{[/api/v1/location/get-area-by-prov],methods=[GET]}" onto public com.baomidou.mybatisplus.extension.api.R<com.zjxu97.costume.vo.AreaVo> com.zjxu97.costume.controller.LocationController.getAreaByProv(java.lang.Integer)
2020-01-19 16:58:04.656 [main] INFO  o.s.w.s.m.m.a.RequestMappingHandlerMapping - Mapped "{[/api/v1/store/add-store],methods=[POST]}" onto public com.baomidou.mybatisplus.extension.api.R<java.lang.String> com.zjxu97.costume.controller.StoreController.addStore(com.zjxu97.costume.param.StoreParam)
2020-01-19 16:58:04.657 [main] INFO  o.s.w.s.m.m.a.RequestMappingHandlerMapping - Mapped "{[/api/v1/store/del-store],methods=[GET]}" onto public com.baomidou.mybatisplus.extension.api.R<java.lang.String> com.zjxu97.costume.controller.StoreController.delStore(java.lang.Integer)
2020-01-19 16:58:04.657 [main] INFO  o.s.w.s.m.m.a.RequestMappingHandlerMapping - Mapped "{[/api/v1/store/-store],methods=[POST]}" onto public com.baomidou.mybatisplus.extension.api.R<java.lang.String> com.zjxu97.costume.controller.StoreController.updStore(com.zjxu97.costume.param.StoreParam)
2020-01-19 16:58:04.657 [main] INFO  o.s.w.s.m.m.a.RequestMappingHandlerMapping - Mapped "{[/api/v1/store/list-stores-by-district],methods=[GET]}" onto public com.baomidou.mybatisplus.extension.api.R<java.util.List<com.zjxu97.costume.vo.StoreVo>> com.zjxu97.costume.controller.StoreController.listStoresByDist(java.lang.Integer)
2020-01-19 16:58:04.658 [main] INFO  o.s.w.s.m.m.a.RequestMappingHandlerMapping - Mapped "{[/api/v1/store/list-stores-by-city],methods=[GET]}" onto public com.baomidou.mybatisplus.extension.api.R<java.util.List<com.zjxu97.costume.vo.StoreVo>> com.zjxu97.costume.controller.StoreController.listStoresByCity(java.lang.Integer)
2020-01-19 16:58:04.658 [main] INFO  o.s.w.s.m.m.a.RequestMappingHandlerMapping - Mapped "{[/api/v1/store/list-stores-by-prov],methods=[GET]}" onto public com.baomidou.mybatisplus.extension.api.R<java.util.List<com.zjxu97.costume.vo.StoreVo>> com.zjxu97.costume.controller.StoreController.listStoresByProv(java.lang.Integer)
2020-01-19 16:58:04.658 [main] INFO  o.s.w.s.m.m.a.RequestMappingHandlerMapping - Mapped "{[/api/v1/store/list-stores-by-area],methods=[GET]}" onto public com.baomidou.mybatisplus.extension.api.R<java.util.List<com.zjxu97.costume.vo.StoreVo>> com.zjxu97.costume.controller.StoreController.listStoresByArea(java.lang.Integer)
2020-01-19 16:58:04.659 [main] INFO  o.s.w.s.m.m.a.RequestMappingHandlerMapping - Mapped "{[/api/v1/store/search-stores],methods=[GET]}" onto public com.baomidou.mybatisplus.extension.api.R<java.util.List<com.zjxu97.costume.vo.StoreVo>> com.zjxu97.costume.controller.StoreController.searchStores(java.lang.String)
2020-01-19 16:58:04.662 [main] INFO  o.s.w.s.m.m.a.RequestMappingHandlerMapping - Mapped "{[/swagger-resources/configuration/security]}" onto public org.springframework.http.ResponseEntity<springfox.documentation.swagger.web.SecurityConfiguration> springfox.documentation.swagger.web.ApiResourceController.securityConfiguration()
2020-01-19 16:58:04.663 [main] INFO  o.s.w.s.m.m.a.RequestMappingHandlerMapping - Mapped "{[/swagger-resources/configuration/ui]}" onto public org.springframework.http.ResponseEntity<springfox.documentation.swagger.web.UiConfiguration> springfox.documentation.swagger.web.ApiResourceController.uiConfiguration()
2020-01-19 16:58:04.664 [main] INFO  o.s.w.s.m.m.a.RequestMappingHandlerMapping - Mapped "{[/swagger-resources]}" onto public org.springframework.http.ResponseEntity<java.util.List<springfox.documentation.swagger.web.SwaggerResource>> springfox.documentation.swagger.web.ApiResourceController.swaggerResources()
2020-01-19 16:58:04.667 [main] INFO  o.s.w.s.m.m.a.RequestMappingHandlerMapping - Mapped "{[/error]}" onto public org.springframework.http.ResponseEntity<java.util.Map<java.lang.String, java.lang.Object>> org.springframework.boot.autoconfigure.web.servlet.error.BasicErrorController.error(javax.servlet.http.HttpServletRequest)
2020-01-19 16:58:04.667 [main] INFO  o.s.w.s.m.m.a.RequestMappingHandlerMapping - Mapped "{[/error],produces=[text/html]}" onto public org.springframework.web.servlet.ModelAndView org.springframework.boot.autoconfigure.web.servlet.error.BasicErrorController.errorHtml(javax.servlet.http.HttpServletRequest,javax.servlet.http.HttpServletResponse)
2020-01-19 16:58:04.825 [main] INFO  o.s.security.web.DefaultSecurityFilterChain - Creating filter chain: org.springframework.security.web.util.matcher.AnyRequestMatcher@1, [org.springframework.security.web.context.request.async.WebAsyncManagerIntegrationFilter@2dbfcf7, org.springframework.security.web.context.SecurityContextPersistenceFilter@51dae791, org.springframework.security.web.header.HeaderWriterFilter@3c6c4689, org.springframework.security.web.csrf.CsrfFilter@205df5dc, org.springframework.security.web.authentication.logout.LogoutFilter@663f237a, org.springframework.security.web.savedrequest.RequestCacheAwareFilter@5de5e95, org.springframework.security.web.servletapi.SecurityContextHolderAwareRequestFilter@5b9499fe, org.springframework.security.web.authentication.AnonymousAuthenticationFilter@239f017e, org.springframework.security.web.session.SessionManagementFilter@76e9f00b, org.springframework.security.web.access.ExceptionTranslationFilter@6badba10, org.springframework.security.web.access.intercept.FilterSecurityInterceptor@939ff41]
2020-01-19 16:58:04.850 [main] INFO  s.d.s.w.PropertySourcedRequestMappingHandlerMapping - Mapped URL path [/v2/api-docs] onto method [public org.springframework.http.ResponseEntity<springfox.documentation.spring.web.json.Json> springfox.documentation.swagger2.web.Swagger2Controller.getDocumentation(java.lang.String,javax.servlet.http.HttpServletRequest)]
2020-01-19 16:58:04.900 [main] INFO  o.s.web.servlet.handler.SimpleUrlHandlerMapping - Mapped URL path [/**/favicon.ico] onto handler of type [class org.springframework.web.servlet.resource.ResourceHttpRequestHandler]
2020-01-19 16:58:04.997 [main] INFO  o.s.w.s.m.m.a.RequestMappingHandlerAdapter - Looking for @ControllerAdvice: org.springframework.boot.web.servlet.context.AnnotationConfigServletWebServerApplicationContext@6f03482: startup date [Sun Jan 19 16:58:02 CST 2020]; root of context hierarchy
2020-01-19 16:58:05.026 [main] INFO  o.s.web.servlet.handler.SimpleUrlHandlerMapping - Mapped URL path [/webjars/**] onto handler of type [class org.springframework.web.servlet.resource.ResourceHttpRequestHandler]
2020-01-19 16:58:05.026 [main] INFO  o.s.web.servlet.handler.SimpleUrlHandlerMapping - Mapped URL path [/**] onto handler of type [class org.springframework.web.servlet.resource.ResourceHttpRequestHandler]
2020-01-19 16:58:05.177 [main] INFO  o.s.jmx.export.annotation.AnnotationMBeanExporter - Registering beans for JMX exposure on startup
2020-01-19 16:58:05.179 [main] INFO  o.s.jmx.export.annotation.AnnotationMBeanExporter - Bean with name 'dataSource' has been autodetected for JMX exposure
2020-01-19 16:58:05.184 [main] INFO  o.s.jmx.export.annotation.AnnotationMBeanExporter - Located MBean 'dataSource': registering with JMX server as MBean [com.zaxxer.hikari:name=dataSource,type=HikariDataSource]
2020-01-19 16:58:05.187 [main] INFO  o.s.context.support.DefaultLifecycleProcessor - Starting beans in phase 2147483647
2020-01-19 16:58:05.188 [main] INFO  s.d.s.web.plugins.DocumentationPluginsBootstrapper - Context refreshed
2020-01-19 16:58:05.197 [main] INFO  s.d.s.web.plugins.DocumentationPluginsBootstrapper - Found 1 custom documentation plugin(s)
2020-01-19 16:58:05.215 [main] INFO  s.d.spring.web.scanners.ApiListingReferenceScanner - Scanning for api listing references
2020-01-19 16:58:05.352 [main] INFO  org.apache.coyote.http11.Http11NioProtocol - Starting ProtocolHandler ["http-nio-8080"]
2020-01-19 16:58:05.366 [main] INFO  org.apache.tomcat.util.net.NioSelectorPool - Using a shared selector for servlet write/read
2020-01-19 16:58:05.374 [main] INFO  o.s.boot.web.embedded.tomcat.TomcatWebServer - Tomcat started on port(s): 8080 (http) with context path ''
2020-01-19 16:58:05.378 [main] INFO  com.zjxu97.costume.CostumeApplication - Started CostumeApplication in 3.504 seconds (JVM running for 3.962)
2020-01-19 16:58:07.812 [http-nio-8080-exec-1] INFO  o.a.c.core.ContainerBase.[Tomcat].[localhost].[/] - Initializing Spring FrameworkServlet 'dispatcherServlet'
2020-01-19 16:58:07.812 [http-nio-8080-exec-1] INFO  org.springframework.web.servlet.DispatcherServlet - FrameworkServlet 'dispatcherServlet': initialization started
2020-01-19 16:58:07.826 [http-nio-8080-exec-1] INFO  org.springframework.web.servlet.DispatcherServlet - FrameworkServlet 'dispatcherServlet': initialization completed in 13 ms
